
Log started: 2009-05-09  11:29:19
Selecting previously deselected package libpython2.6.
(Reading database ... 10561 files and directories currently installed.)
Unpacking libpython2.6 (from .../libpython2.6_2.6.2-0ubuntu1_armel.deb) ...
Selecting previously deselected package vim-runtime.
Unpacking vim-runtime (from .../vim-runtime_2%3a7.2.079-1ubuntu5_all.deb) ...
Adding `diversion of /usr/share/vim/vim72/doc/help.txt to /usr/share/vim/vim72/doc/help.txt.vim-tiny by vim-runtime'
Adding `diversion of /usr/share/vim/vim72/doc/tags to /usr/share/vim/vim72/doc/tags.vim-tiny by vim-runtime'
Selecting previously deselected package vim.
Unpacking vim (from .../vim_2%3a7.2.079-1ubuntu5_armel.deb) ...
Setting up libpython2.6 (2.6.2-0ubuntu1) ...

Setting up vim-runtime (2:7.2.079-1ubuntu5) ...
Processing /usr/share/vim/addons/doc




Setting up vim (2:7.2.079-1ubuntu5) ...

Processing triggers for libc6 ...
ldconfig deferred processing now taking place
Log ended: 2009-05-09  11:31:54

Log started: 2009-05-09  11:36:38
Selecting previously deselected package x11-common.
(Reading database ... 12091 files and directories currently installed.)
Unpacking x11-common (from .../x11-common_1%3a7.4~5ubuntu18_all.deb) ...
Selecting previously deselected package libxau6.
Unpacking libxau6 (from .../libxau6_1%3a1.0.4-1_armel.deb) ...
Selecting previously deselected package libxdmcp6.
Unpacking libxdmcp6 (from .../libxdmcp6_1%3a1.0.2-3_armel.deb) ...
Selecting previously deselected package libxcb1.
Unpacking libxcb1 (from .../libxcb1_1.1.93-0ubuntu3_armel.deb) ...
Selecting previously deselected package libx11-data.
Unpacking libx11-data (from .../libx11-data_2%3a1.1.99.2-1ubuntu2_all.deb) ...
Selecting previously deselected package libx11-6.
Unpacking libx11-6 (from .../libx11-6_2%3a1.1.99.2-1ubuntu2_armel.deb) ...
Selecting previously deselected package libxext6.
Unpacking libxext6 (from .../libxext6_2%3a1.0.99.1-0ubuntu3_armel.deb) ...
Selecting previously deselected package libxmuu1.
Unpacking libxmuu1 (from .../libxmuu1_2%3a1.0.4-1_armel.deb) ...
Setting up x11-common (1:7.4~5ubuntu18) ...

Selecting previously deselected package xauth.
(Reading database ... 12446 files and directories currently installed.)
Unpacking xauth (from .../xauth_1%3a1.0.3-2_armel.deb) ...
Selecting previously deselected package sgml-base.
Unpacking sgml-base (from .../sgml-base_1.26_all.deb) ...
Selecting previously deselected package xml-core.
Unpacking xml-core (from .../archives/xml-core_0.12_all.deb) ...
Selecting previously deselected package sgml-data.
Unpacking sgml-data (from .../sgml-data_2.0.3_all.deb) ...
Setting up sgml-base (1.26) ...

Setting up xml-core (0.12) ...

Selecting previously deselected package docbook-xml.
(Reading database ... 12690 files and directories currently installed.)
Unpacking docbook-xml (from .../docbook-xml_4.5-6_all.deb) ...
Selecting previously deselected package libdrm2.
Unpacking libdrm2 (from .../libdrm2_2.4.5-0ubuntu4_armel.deb) ...
Selecting previously deselected package libxfixes3.
Unpacking libxfixes3 (from .../libxfixes3_1%3a4.0.3-2_armel.deb) ...
Selecting previously deselected package libxdamage1.
Unpacking libxdamage1 (from .../libxdamage1_1%3a1.1.1-4_armel.deb) ...
Selecting previously deselected package libxxf86vm1.
Unpacking libxxf86vm1 (from .../libxxf86vm1_1%3a1.0.2-1_armel.deb) ...
Selecting previously deselected package libgl1-mesa-glx.
Unpacking libgl1-mesa-glx (from .../libgl1-mesa-glx_7.4-0ubuntu3_armel.deb) ...
Selecting previously deselected package libice6.
Unpacking libice6 (from .../libice6_2%3a1.0.4-1_armel.deb) ...
Selecting previously deselected package libsm6.
Unpacking libsm6 (from .../libsm6_2%3a1.1.0-1_armel.deb) ...
Selecting previously deselected package libxt6.
Unpacking libxt6 (from .../libxt6_1%3a1.0.5-3ubuntu1_armel.deb) ...
Selecting previously deselected package librarian0.
Unpacking librarian0 (from .../librarian0_0.8.1-1ubuntu2_armel.deb) ...
Selecting previously deselected package rarian-compat.
Unpacking rarian-compat (from .../rarian-compat_0.8.1-1ubuntu2_armel.deb) ...
Selecting previously deselected package libexpat1.
Unpacking libexpat1 (from .../libexpat1_2.0.1-4_armel.deb) ...
Selecting previously deselected package libfreetype6.
Unpacking libfreetype6 (from .../libfreetype6_2.3.9-4build1_armel.deb) ...
Selecting previously deselected package ucf.
Unpacking ucf (from .../archives/ucf_3.0014_all.deb) ...
Moving old data out of the way
Selecting previously deselected package defoma.
Unpacking defoma (from .../defoma_0.11.10-0.2ubuntu1_all.deb) ...
Selecting previously deselected package ttf-dejavu-core.
Unpacking ttf-dejavu-core (from .../ttf-dejavu-core_2.28-1_all.deb) ...
Selecting previously deselected package ttf-dejavu-extra.
Unpacking ttf-dejavu-extra (from .../ttf-dejavu-extra_2.28-1_all.deb) ...
Selecting previously deselected package ttf-dejavu.
Unpacking ttf-dejavu (from .../ttf-dejavu_2.28-1_all.deb) ...
Selecting previously deselected package fontconfig-config.
Unpacking fontconfig-config (from .../fontconfig-config_2.6.0-1ubuntu12_all.deb) ...
Selecting previously deselected package libfontconfig1.
Unpacking libfontconfig1 (from .../libfontconfig1_2.6.0-1ubuntu12_armel.deb) ...
Selecting previously deselected package libfontenc1.
Unpacking libfontenc1 (from .../libfontenc1_1%3a1.0.4-3_armel.deb) ...
Selecting previously deselected package libxmu6.
Unpacking libxmu6 (from .../libxmu6_2%3a1.0.4-1_armel.deb) ...
Selecting previously deselected package libxpm4.
Unpacking libxpm4 (from .../libxpm4_1%3a3.5.7-1_armel.deb) ...
Selecting previously deselected package libxaw7.
Unpacking libxaw7 (from .../libxaw7_2%3a1.0.5-1_armel.deb) ...
Selecting previously deselected package libxrender1.
Unpacking libxrender1 (from .../libxrender1_1%3a0.9.4-2_armel.deb) ...
Selecting previously deselected package libxft2.
Unpacking libxft2 (from .../libxft2_2.1.13-3ubuntu1_armel.deb) ...
Selecting previously deselected package libxi6.
Unpacking libxi6 (from .../libxi6_2%3a1.2.0-1ubuntu1_armel.deb) ...
Selecting previously deselected package libxinerama1.
Unpacking libxinerama1 (from .../libxinerama1_2%3a1.0.3-2_armel.deb) ...
Selecting previously deselected package libxtst6.
Unpacking libxtst6 (from .../libxtst6_2%3a1.0.3-1ubuntu2_armel.deb) ...
Selecting previously deselected package libxv1.
Unpacking libxv1 (from .../libxv1_2%3a1.0.4-1_armel.deb) ...
Selecting previously deselected package libxxf86dga1.
Unpacking libxxf86dga1 (from .../libxxf86dga1_2%3a1.0.2-1_armel.deb) ...
Selecting previously deselected package libgmp3c2.
Unpacking libgmp3c2 (from .../libgmp3c2_2%3a4.2.4+dfsg-2ubuntu1_armel.deb) ...
Selecting previously deselected package libmpfr1ldbl.
Unpacking libmpfr1ldbl (from .../libmpfr1ldbl_2.4.0-1ubuntu3_armel.deb) ...
Selecting previously deselected package cpp-4.3.
Unpacking cpp-4.3 (from .../cpp-4.3_4.3.3-5ubuntu4_armel.deb) ...
Selecting previously deselected package cpp.
Unpacking cpp (from .../cpp_4%3a4.3.3-1ubuntu1_armel.deb) ...
Selecting previously deselected package x11-utils.
Unpacking x11-utils (from .../x11-utils_7.4+1build1_armel.deb) ...
Selecting previously deselected package libxkbfile1.
Unpacking libxkbfile1 (from .../libxkbfile1_1%3a1.0.5-1ubuntu2_armel.deb) ...
Selecting previously deselected package x11-xkb-utils.
Unpacking x11-xkb-utils (from .../x11-xkb-utils_7.4+1ubuntu2_armel.deb) ...
Selecting previously deselected package libxrandr2.
Unpacking libxrandr2 (from .../libxrandr2_2%3a1.3.0-1build1_armel.deb) ...
Selecting previously deselected package libxtrap6.
Unpacking libxtrap6 (from .../libxtrap6_2%3a1.0.0-5build1_armel.deb) ...
Selecting previously deselected package libxxf86misc1.
Unpacking libxxf86misc1 (from .../libxxf86misc1_1%3a1.0.1-3_armel.deb) ...
Selecting previously deselected package x11-xserver-utils.
Unpacking x11-xserver-utils (from .../x11-xserver-utils_7.4+1_armel.deb) ...
Selecting previously deselected package libgl1-mesa-dri.
Unpacking libgl1-mesa-dri (from .../libgl1-mesa-dri_7.4-0ubuntu3_armel.deb) ...
Selecting previously deselected package hdparm.
Unpacking hdparm (from .../hdparm_8.9-3ubuntu3_armel.deb) ...
Selecting previously deselected package libpci3.
Unpacking libpci3 (from .../libpci3_1%3a3.0.0-4ubuntu8_armel.deb) ...
Selecting previously deselected package libxml2.
Unpacking libxml2 (from .../libxml2_2.6.32.dfsg-5ubuntu3_armel.deb) ...
Selecting previously deselected package lsof.
Unpacking lsof (from .../lsof_4.78.dfsg.1-4_armel.deb) ...
Selecting previously deselected package pciutils.
Unpacking pciutils (from .../pciutils_1%3a3.0.0-4ubuntu8_armel.deb) ...
Selecting previously deselected package psmisc.
Unpacking psmisc (from .../psmisc_22.6-1_armel.deb) ...
Selecting previously deselected package usbutils.
Unpacking usbutils (from .../usbutils_0.73-8ubuntu3_armel.deb) ...
Selecting previously deselected package acl.
Unpacking acl (from .../acl_2.2.47-2_armel.deb) ...
Selecting previously deselected package linux-sound-base.
Unpacking linux-sound-base (from .../linux-sound-base_1.0.18.dfsg-1ubuntu8_all.deb) ...
Selecting previously deselected package alsa-base.
Unpacking alsa-base (from .../alsa-base_1.0.18.dfsg-1ubuntu8_all.deb) ...
Selecting previously deselected package libasound2.
Unpacking libasound2 (from .../libasound2_1.0.18-1ubuntu9_armel.deb) ...
Selecting previously deselected package alsa-utils.
Unpacking alsa-utils (from .../alsa-utils_1.0.18-1ubuntu11_armel.deb) ...
Selecting previously deselected package arj.
Unpacking arj (from .../arj_3.10.22-6_armel.deb) ...
Selecting previously deselected package libaspell15.
Unpacking libaspell15 (from .../libaspell15_0.60.6-1_armel.deb) ...
Selecting previously deselected package dictionaries-common.
Unpacking dictionaries-common (from .../dictionaries-common_1.0.0ubuntu1_all.deb) ...
Adding `diversion of /usr/share/dict/words to /usr/share/dict/words.pre-dictionaries-common by dictionaries-common'
Selecting previously deselected package aspell.
Unpacking aspell (from .../aspell_0.60.6-1_armel.deb) ...
Selecting previously deselected package aspell-en.
Unpacking aspell-en (from .../aspell-en_6.0-0-5.1_all.deb) ...
Selecting previously deselected package libdbus-1-3.
Unpacking libdbus-1-3 (from .../libdbus-1-3_1.2.12-0ubuntu2_armel.deb) ...
Selecting previously deselected package libck-connector0.
Unpacking libck-connector0 (from .../libck-connector0_0.3.0-2ubuntu3_armel.deb) ...
Selecting previously deselected package libglib2.0-0.
Unpacking libglib2.0-0 (from .../libglib2.0-0_2.20.1-0ubuntu2_armel.deb) ...
Selecting previously deselected package libdbus-glib-1-2.
Unpacking libdbus-glib-1-2 (from .../libdbus-glib-1-2_0.80-3_armel.deb) ...
Selecting previously deselected package libpolkit2.
Unpacking libpolkit2 (from .../libpolkit2_0.9-2ubuntu1_armel.deb) ...
Selecting previously deselected package dbus.
Unpacking dbus (from .../dbus_1.2.12-0ubuntu2_armel.deb) ...
Selecting previously deselected package consolekit.
Unpacking consolekit (from .../consolekit_0.3.0-2ubuntu3_armel.deb) ...
Selecting previously deselected package dbus-x11.
Unpacking dbus-x11 (from .../dbus-x11_1.2.12-0ubuntu2_armel.deb) ...
Selecting previously deselected package desktop-file-utils.
Unpacking desktop-file-utils (from .../desktop-file-utils_0.15-1ubuntu7_armel.deb) ...
Selecting previously deselected package fontconfig.
Unpacking fontconfig (from .../fontconfig_2.6.0-1ubuntu12_armel.deb) ...
Selecting previously deselected package libgamin0.
Unpacking libgamin0 (from .../libgamin0_0.1.9-2ubuntu4_armel.deb) ...
Selecting previously deselected package gamin.
Unpacking gamin (from .../gamin_0.1.9-2ubuntu4_armel.deb) ...
Selecting previously deselected package libidl0.
Unpacking libidl0 (from .../libidl0_0.8.13-0.1_armel.deb) ...
Selecting previously deselected package liborbit2.
Unpacking liborbit2 (from .../liborbit2_1%3a2.14.17-0.1_armel.deb) ...
Selecting previously deselected package libpolkit-dbus2.
Unpacking libpolkit-dbus2 (from .../libpolkit-dbus2_0.9-2ubuntu1_armel.deb) ...
Selecting previously deselected package gconf2-common.
Unpacking gconf2-common (from .../gconf2-common_2.26.0-0ubuntu1_all.deb) ...
Selecting previously deselected package libgconf2-4.
Unpacking libgconf2-4 (from .../libgconf2-4_2.26.0-0ubuntu1_armel.deb) ...
Selecting previously deselected package gconf2.
Unpacking gconf2 (from .../gconf2_2.26.0-0ubuntu1_armel.deb) ...
Selecting previously deselected package libart-2.0-2.
Unpacking libart-2.0-2 (from .../libart-2.0-2_2.3.20-2_armel.deb) ...
Selecting previously deselected package libatk1.0-0.
Unpacking libatk1.0-0 (from .../libatk1.0-0_1.26.0-0ubuntu2_armel.deb) ...
Selecting previously deselected package libsysfs2.
Unpacking libsysfs2 (from .../libsysfs2_2.1.0-5_armel.deb) ...
Selecting previously deselected package libts-0.0-0.
Unpacking libts-0.0-0 (from .../libts-0.0-0_1.0-4ubuntu2_armel.deb) ...
Selecting previously deselected package libdirectfb-1.0-0.
Unpacking libdirectfb-1.0-0 (from .../libdirectfb-1.0-0_1.0.1-11ubuntu1_armel.deb) ...
Selecting previously deselected package libpixman-1-0.
Unpacking libpixman-1-0 (from .../libpixman-1-0_0.13.2-1_armel.deb) ...
Selecting previously deselected package libpng12-0.
Unpacking libpng12-0 (from .../libpng12-0_1.2.27-2ubuntu2_armel.deb) ...
Selecting previously deselected package libxcb-render0.
Unpacking libxcb-render0 (from .../libxcb-render0_1.1.93-0ubuntu3_armel.deb) ...
Selecting previously deselected package libxcb-render-util0.
Unpacking libxcb-render-util0 (from .../libxcb-render-util0_0.2.1+git1-1_armel.deb) ...
Selecting previously deselected package libcairo2.
Unpacking libcairo2 (from .../libcairo2_1.8.6-1ubuntu2_armel.deb) ...
Selecting previously deselected package libdmx1.
Unpacking libdmx1 (from .../libdmx1_1%3a1.0.2-3_armel.deb) ...
Selecting previously deselected package libgtk2.0-common.
Unpacking libgtk2.0-common (from .../libgtk2.0-common_2.16.1-0ubuntu2_all.deb) ...
Selecting previously deselected package libcups2.
Unpacking libcups2 (from .../libcups2_1.3.9-17ubuntu1_armel.deb) ...
Selecting previously deselected package libjpeg62.
Unpacking libjpeg62 (from .../libjpeg62_6b-14_armel.deb) ...
Selecting previously deselected package libjasper1.
Unpacking libjasper1 (from .../libjasper1_1.900.1-5.1_armel.deb) ...
Selecting previously deselected package libpango1.0-common.
Unpacking libpango1.0-common (from .../libpango1.0-common_1.24.1-0ubuntu1_all.deb) ...
Selecting previously deselected package libdatrie0.
Unpacking libdatrie0 (from .../libdatrie0_0.1.3-2_armel.deb) ...
Selecting previously deselected package libthai-data.
Unpacking libthai-data (from .../libthai-data_0.1.9-4_all.deb) ...
Selecting previously deselected package libthai0.
Unpacking libthai0 (from .../libthai0_0.1.9-4_armel.deb) ...
Selecting previously deselected package libpango1.0-0.
Unpacking libpango1.0-0 (from .../libpango1.0-0_1.24.1-0ubuntu1_armel.deb) ...
Selecting previously deselected package libtiff4.
Unpacking libtiff4 (from .../libtiff4_3.8.2-11_armel.deb) ...
Selecting previously deselected package libxcomposite1.
Unpacking libxcomposite1 (from .../libxcomposite1_1%3a0.4.0-3_armel.deb) ...
Selecting previously deselected package libxcursor1.
Unpacking libxcursor1 (from .../libxcursor1_1%3a1.1.9-1_armel.deb) ...
Selecting previously deselected package shared-mime-info.
Unpacking shared-mime-info (from .../shared-mime-info_0.60-1_armel.deb) ...
Selecting previously deselected package libgtk2.0-0.
Unpacking libgtk2.0-0 (from .../libgtk2.0-0_2.16.1-0ubuntu2_armel.deb) ...
Selecting previously deselected package libglade2-0.
Unpacking libglade2-0 (from .../libglade2-0_1%3a2.6.4-1_armel.deb) ...
Selecting previously deselected package libgail18.
Unpacking libgail18 (from .../libgail18_2.16.1-0ubuntu2_armel.deb) ...
Selecting previously deselected package libgail-common.
Unpacking libgail-common (from .../libgail-common_2.16.1-0ubuntu2_armel.deb) ...
Selecting previously deselected package libgnomecanvas2-common.
Unpacking libgnomecanvas2-common (from .../libgnomecanvas2-common_2.26.0-0ubuntu1_all.deb) ...
Selecting previously deselected package libgnomecanvas2-0.
Unpacking libgnomecanvas2-0 (from .../libgnomecanvas2-0_2.26.0-0ubuntu1_armel.deb) ...
Selecting previously deselected package libcroco3.
Unpacking libcroco3 (from .../libcroco3_0.6.1-2_armel.deb) ...
Selecting previously deselected package libgsf-1-common.
Unpacking libgsf-1-common (from .../libgsf-1-common_1.14.11-2ubuntu1_all.deb) ...
Selecting previously deselected package libgsf-1-114.
Unpacking libgsf-1-114 (from .../libgsf-1-114_1.14.11-2ubuntu1_armel.deb) ...
Selecting previously deselected package librsvg2-2.
Unpacking librsvg2-2 (from .../librsvg2-2_2.26.0-0ubuntu1_armel.deb) ...
Selecting previously deselected package libwrap0.
Unpacking libwrap0 (from .../libwrap0_7.6.q-16_armel.deb) ...
Selecting previously deselected package libobparser21.
Unpacking libobparser21 (from .../libobparser21_3.4.7.2-3_armel.deb) ...
Selecting previously deselected package libobrender21.
Unpacking libobrender21 (from .../libobrender21_3.4.7.2-3_armel.deb) ...
Selecting previously deselected package libstartup-notification0.
Unpacking libstartup-notification0 (from .../libstartup-notification0_0.9-1_armel.deb) ...
Selecting previously deselected package openbox.
Unpacking openbox (from .../openbox_3.4.7.2-3_armel.deb) ...
Selecting previously deselected package libvte-common.
Unpacking libvte-common (from .../libvte-common_1%3a0.20.0-0ubuntu2_all.deb) ...
Selecting previously deselected package libvte9.
Unpacking libvte9 (from .../libvte9_1%3a0.20.0-0ubuntu2_armel.deb) ...
Selecting previously deselected package lxterminal.
Unpacking lxterminal (from .../lxterminal_0.1.3-2_armel.deb) ...
Selecting previously deselected package libgnome-keyring0.
Unpacking libgnome-keyring0 (from .../libgnome-keyring0_2.26.1-0ubuntu1_armel.deb) ...
Selecting previously deselected package libgtop2-common.
Unpacking libgtop2-common (from .../libgtop2-common_2.26.0-0ubuntu2_all.deb) ...
Selecting previously deselected package libgtop2-7.
Unpacking libgtop2-7 (from .../libgtop2-7_2.26.0-0ubuntu2_armel.deb) ...
Selecting previously deselected package libgksu2-0.
Unpacking libgksu2-0 (from .../libgksu2-0_2.0.9-1ubuntu3_armel.deb) ...
Selecting previously deselected package libgp11-0.
Unpacking libgp11-0 (from .../libgp11-0_2.26.1-0ubuntu1_armel.deb) ...
Selecting previously deselected package libgcr0.
Unpacking libgcr0 (from .../libgcr0_2.26.1-0ubuntu1_armel.deb) ...
Selecting previously deselected package libhal1.
Unpacking libhal1 (from .../libhal1_0.5.12~rc1+git20090403-0ubuntu1_armel.deb) ...
Selecting previously deselected package gnome-keyring.
Unpacking gnome-keyring (from .../gnome-keyring_2.26.1-0ubuntu1_armel.deb) ...
Selecting previously deselected package gksu.
Unpacking gksu (from .../gksu_2.0.2-1ubuntu2_armel.deb) ...
Selecting previously deselected package librsvg2-common.
Unpacking librsvg2-common (from .../librsvg2-common_2.26.0-0ubuntu1_armel.deb) ...
Selecting previously deselected package gdm.
Unpacking gdm (from .../gdm_2.20.10-0ubuntu2_armel.deb) ...
Selecting previously deselected package hicolor-icon-theme.
Unpacking hicolor-icon-theme (from .../hicolor-icon-theme_0.10-1ubuntu1_all.deb) ...
Selecting previously deselected package gnome-icon-theme.
Unpacking gnome-icon-theme (from .../gnome-icon-theme_2.26.0-0ubuntu1_all.deb) ...
Selecting previously deselected package gpicview.
Unpacking gpicview (from .../gpicview_0.1.11-1_armel.deb) ...
Selecting previously deselected package gtk2-engines.
Unpacking gtk2-engines (from .../gtk2-engines_1%3a2.18.1-0ubuntu1_armel.deb) ...
Selecting previously deselected package libhal-storage1.
Unpacking libhal-storage1 (from .../libhal-storage1_0.5.12~rc1+git20090403-0ubuntu1_armel.deb) ...
Selecting previously deselected package hal-info.
Unpacking hal-info (from .../hal-info_20090407-0ubuntu1_all.deb) ...
Selecting previously deselected package powermgmt-base.
Unpacking powermgmt-base (from .../powermgmt-base_1.30+nmu1_armel.deb) ...
Selecting previously deselected package pm-utils.
Unpacking pm-utils (from .../pm-utils_1.2.2.4-0ubuntu4_all.deb) ...
Selecting previously deselected package libpolkit-grant2.
Unpacking libpolkit-grant2 (from .../libpolkit-grant2_0.9-2ubuntu1_armel.deb) ...
Selecting previously deselected package policykit.
Unpacking policykit (from .../policykit_0.9-2ubuntu1_armel.deb) ...
Selecting previously deselected package hal.
Unpacking hal (from .../hal_0.5.12~rc1+git20090403-0ubuntu1_armel.deb) ...
Selecting previously deselected package hunspell-en-us.
Unpacking hunspell-en-us (from .../hunspell-en-us_20070829-2ubuntu1_all.deb) ...
Selecting previously deselected package leafpad.
Unpacking leafpad (from .../leafpad_0.8.13-1_armel.deb) ...
Selecting previously deselected package libatk1.0-data.
Unpacking libatk1.0-data (from .../libatk1.0-data_1.26.0-0ubuntu2_all.deb) ...
Selecting previously deselected package libbeecrypt6.
Unpacking libbeecrypt6 (from .../libbeecrypt6_4.1.2-7_armel.deb) ...
Selecting previously deselected package libhunspell-1.2-0.
Unpacking libhunspell-1.2-0 (from .../libhunspell-1.2-0_1.2.6-1ubuntu2_armel.deb) ...
Selecting previously deselected package libenchant1c2a.
Unpacking libenchant1c2a (from .../libenchant1c2a_1.4.2-3.3ubuntu1_armel.deb) ...
Selecting previously deselected package libglib2.0-data.
Unpacking libglib2.0-data (from .../libglib2.0-data_2.20.1-0ubuntu2_all.deb) ...
Selecting previously deselected package libgtk2.0-bin.
Unpacking libgtk2.0-bin (from .../libgtk2.0-bin_2.16.1-0ubuntu2_all.deb) ...
Selecting previously deselected package libjpeg-progs.
Unpacking libjpeg-progs (from .../libjpeg-progs_6b-14_armel.deb) ...
Selecting previously deselected package libneon27.
Unpacking libneon27 (from .../libneon27_0.28.2-6.1_armel.deb) ...
Selecting previously deselected package libnotify1.
Unpacking libnotify1 (from .../libnotify1_0.4.5-0ubuntu1_armel.deb) ...
Selecting previously deselected package libnspr4-0d.
Unpacking libnspr4-0d (from .../libnspr4-0d_4.7.3-0ubuntu2_armel.deb) ...
Selecting previously deselected package libnss3-1d.
Unpacking libnss3-1d (from .../libnss3-1d_3.12.2~rc1-0ubuntu2_armel.deb) ...
Selecting previously deselected package libpam-ck-connector.
Unpacking libpam-ck-connector (from .../libpam-ck-connector_0.3.0-2ubuntu3_armel.deb) ...
Selecting previously deselected package libpam-gnome-keyring.
Unpacking libpam-gnome-keyring (from .../libpam-gnome-keyring_2.26.1-0ubuntu1_armel.deb) ...
Selecting previously deselected package librpm4.4.
Unpacking librpm4.4 (from .../librpm4.4_4.4.2.3-2ubuntu1_armel.deb) ...
Selecting previously deselected package libsexy2.
Unpacking libsexy2 (from .../libsexy2_0.1.11-2_armel.deb) ...
Selecting previously deselected package libwnck-common.
Unpacking libwnck-common (from .../libwnck-common_2.26.0-0ubuntu1_all.deb) ...
Selecting previously deselected package libxres1.
Unpacking libxres1 (from .../libxres1_2%3a1.0.3-1_armel.deb) ...
Selecting previously deselected package libwnck22.
Unpacking libwnck22 (from .../libwnck22_2.26.0-0ubuntu1_armel.deb) ...
Selecting previously deselected package libxfont1.
Unpacking libxfont1 (from .../libxfont1_1%3a1.3.3-1ubuntu1_armel.deb) ...
Selecting previously deselected package lxde-settings-daemon.
Unpacking lxde-settings-daemon (from .../lxde-settings-daemon_0.3.2.1+svn20080509-5_armel.deb) ...
Selecting previously deselected package lxde-common.
Unpacking lxde-common (from .../lxde-common_0.3.2.1+svn20080509-5_all.deb) ...


Selecting previously deselected package pcmanfm.
Unpacking pcmanfm (from .../pcmanfm_0.5-3_armel.deb) ...
Selecting previously deselected package lxpanel.
Unpacking lxpanel (from .../lxpanel_0.3.8.1-2_armel.deb) ...
Selecting previously deselected package lxsession-lite.
Unpacking lxsession-lite (from .../lxsession-lite_0.3.6-2_armel.deb) ...
Selecting previously deselected package xscreensaver-data.
Unpacking xscreensaver-data (from .../xscreensaver-data_5.07-0ubuntu3_armel.deb) ...
Selecting previously deselected package xscreensaver.
Unpacking xscreensaver (from .../xscreensaver_5.07-0ubuntu3_armel.deb) ...
Selecting previously deselected package lxde-core.
Unpacking lxde-core (from .../lxde-core_0.3.2.1+svn20080509-5_all.deb) ...
Selecting previously deselected package lxappearance.
Unpacking lxappearance (from .../lxappearance_0.2-1_armel.deb) ...
Selecting previously deselected package xarchiver.
Unpacking xarchiver (from .../xarchiver_0.5.2+dfsg-1_armel.deb) ...
Selecting previously deselected package lxrandr.
Unpacking lxrandr (from .../lxrandr_0.1+svn20080716-3_armel.deb) ...
Selecting previously deselected package obconf.
Unpacking obconf (from .../obconf_2.0.3-3build1_armel.deb) ...
Selecting previously deselected package lxde.
Unpacking lxde (from .../lxde_0.3.2.1+svn20080509-5_all.deb) ...
Selecting previously deselected package miscfiles.
Unpacking miscfiles (from .../miscfiles_1.4.2.dfsg.1-9_all.deb) ...
Selecting previously deselected package notification-daemon.
Unpacking notification-daemon (from .../notification-daemon_0.4.0-0ubuntu3_armel.deb) ...
Selecting previously deselected package openbox-themes.
Unpacking openbox-themes (from .../openbox-themes_1.0.2_all.deb) ...
Selecting previously deselected package p7zip-full.
Unpacking p7zip-full (from .../p7zip-full_4.58~dfsg.1-1_armel.deb) ...
Selecting previously deselected package libpciaccess0.
Unpacking libpciaccess0 (from .../libpciaccess0_0.10.5-1_armel.deb) ...
Selecting previously deselected package radeontool.
Unpacking radeontool (from .../radeontool_1.5+git76606164-0ubuntu2_armel.deb) ...
Selecting previously deselected package rpm.
Unpacking rpm (from .../rpm_4.4.2.3-2ubuntu1_armel.deb) ...
Selecting previously deselected package smartdimmer.
Unpacking smartdimmer (from .../smartdimmer_0.8b4-1ubuntu2_armel.deb) ...
Selecting previously deselected package tcpd.
Unpacking tcpd (from .../tcpd_7.6.q-16_armel.deb) ...
Selecting previously deselected package ubuntu-gdm-themes.
Unpacking ubuntu-gdm-themes (from .../ubuntu-gdm-themes_0.32_all.deb) ...
Selecting previously deselected package unzip.
Unpacking unzip (from .../unzip_5.52-12ubuntu1_armel.deb) ...
Selecting previously deselected package xfonts-encodings.
Unpacking xfonts-encodings (from .../xfonts-encodings_1%3a1.0.2-3_all.deb) ...
Selecting previously deselected package xfonts-utils.
Unpacking xfonts-utils (from .../xfonts-utils_1%3a7.4+1ubuntu1_armel.deb) ...
Selecting previously deselected package x-ttcidfont-conf.
Unpacking x-ttcidfont-conf (from .../x-ttcidfont-conf_32_all.deb) ...
Selecting previously deselected package xdg-utils.
Unpacking xdg-utils (from .../xdg-utils_1.0.2-6.1_all.deb) ...
Selecting previously deselected package xfonts-base.
Unpacking xfonts-base (from .../xfonts-base_1%3a1.0.0-5_all.deb) ...
Selecting previously deselected package xserver-common.
Unpacking xserver-common (from .../xserver-common_2%3a1.6.0-0ubuntu14_all.deb) ...
Selecting previously deselected package xserver-xorg-core.
Unpacking xserver-xorg-core (from .../xserver-xorg-core_2%3a1.6.0-0ubuntu14_armel.deb) ...
Selecting previously deselected package xserver-xorg-video-apm.
Unpacking xserver-xorg-video-apm (from .../xserver-xorg-video-apm_1%3a1.2.1-1_armel.deb) ...
Selecting previously deselected package xserver-xorg-video-ark.
Unpacking xserver-xorg-video-ark (from .../xserver-xorg-video-ark_1%3a0.7.1-1_armel.deb) ...
Selecting previously deselected package xserver-xorg-video-r128.
Unpacking xserver-xorg-video-r128 (from .../xserver-xorg-video-r128_6.8.0+git20090201.08d56c88-1_armel.deb) ...
Selecting previously deselected package xserver-xorg-video-mach64.
Unpacking xserver-xorg-video-mach64 (from .../xserver-xorg-video-mach64_6.8.0-3_armel.deb) ...
Selecting previously deselected package xserver-xorg-video-radeon.
Unpacking xserver-xorg-video-radeon (from .../xserver-xorg-video-radeon_1%3a6.12.1-0ubuntu2_armel.deb) ...
Selecting previously deselected package xserver-xorg-video-ati.
Unpacking xserver-xorg-video-ati (from .../xserver-xorg-video-ati_1%3a6.12.1-0ubuntu2_armel.deb) ...
Selecting previously deselected package xserver-xorg-video-chips.
Unpacking xserver-xorg-video-chips (from .../xserver-xorg-video-chips_1%3a1.2.1-1_armel.deb) ...
Selecting previously deselected package xserver-xorg-video-cirrus.
Unpacking xserver-xorg-video-cirrus (from .../xserver-xorg-video-cirrus_1%3a1.2.1-3_armel.deb) ...
Selecting previously deselected package xserver-xorg-video-fbdev.
Unpacking xserver-xorg-video-fbdev (from .../xserver-xorg-video-fbdev_1%3a0.4.0-3_armel.deb) ...
Selecting previously deselected package xserver-xorg-video-i128.
Unpacking xserver-xorg-video-i128 (from .../xserver-xorg-video-i128_1%3a1.3.1-2ubuntu1_armel.deb) ...
Selecting previously deselected package xserver-xorg-video-i740.
Unpacking xserver-xorg-video-i740 (from .../xserver-xorg-video-i740_1%3a1.2.0-2_armel.deb) ...
Selecting previously deselected package xserver-xorg-video-mga.
Unpacking xserver-xorg-video-mga (from .../xserver-xorg-video-mga_1%3a1.4.9.dfsg-3_armel.deb) ...
Selecting previously deselected package xserver-xorg-video-neomagic.
Unpacking xserver-xorg-video-neomagic (from .../xserver-xorg-video-neomagic_1%3a1.2.2-1_armel.deb) ...
Selecting previously deselected package xserver-xorg-video-nv.
Unpacking xserver-xorg-video-nv (from .../xserver-xorg-video-nv_1%3a2.1.12-1ubuntu5_armel.deb) ...
Selecting previously deselected package xserver-xorg-video-rendition.
Unpacking xserver-xorg-video-rendition (from .../xserver-xorg-video-rendition_1%3a4.2.0.dfsg.1-2ubuntu1_armel.deb) ...
Selecting previously deselected package xserver-xorg-video-s3.
Unpacking xserver-xorg-video-s3 (from .../xserver-xorg-video-s3_1%3a0.6.1-1_armel.deb) ...
Selecting previously deselected package xserver-xorg-video-s3virge.
Unpacking xserver-xorg-video-s3virge (from .../xserver-xorg-video-s3virge_1%3a1.10.2-1_armel.deb) ...
Selecting previously deselected package xserver-xorg-video-savage.
Unpacking xserver-xorg-video-savage (from .../xserver-xorg-video-savage_1%3a2.2.1-4ubuntu2_armel.deb) ...
Selecting previously deselected package xserver-xorg-video-siliconmotion.
Unpacking xserver-xorg-video-siliconmotion (from .../xserver-xorg-video-siliconmotion_1%3a1.7.0-1_armel.deb) ...
Selecting previously deselected package xserver-xorg-video-sis.
Unpacking xserver-xorg-video-sis (from .../xserver-xorg-video-sis_1%3a0.10.1-1_armel.deb) ...
Selecting previously deselected package xserver-xorg-video-sisusb.
Unpacking xserver-xorg-video-sisusb (from .../xserver-xorg-video-sisusb_1%3a0.9.0-4_armel.deb) ...
Selecting previously deselected package xserver-xorg-video-tdfx.
Unpacking xserver-xorg-video-tdfx (from .../xserver-xorg-video-tdfx_1%3a1.4.0-2_armel.deb) ...
Selecting previously deselected package xserver-xorg-video-trident.
Unpacking xserver-xorg-video-trident (from .../xserver-xorg-video-trident_1%3a1.3.0-1ubuntu1_armel.deb) ...
Selecting previously deselected package xserver-xorg-video-tseng.
Unpacking xserver-xorg-video-tseng (from .../xserver-xorg-video-tseng_1%3a1.2.0-1ubuntu1_armel.deb) ...
Selecting previously deselected package xserver-xorg-video-vesa.
Unpacking xserver-xorg-video-vesa (from .../xserver-xorg-video-vesa_1%3a2.0.0-1ubuntu6_armel.deb) ...
Selecting previously deselected package xserver-xorg-video-voodoo.
Unpacking xserver-xorg-video-voodoo (from .../xserver-xorg-video-voodoo_1%3a1.2.0-1ubuntu1_armel.deb) ...
Selecting previously deselected package xserver-xorg-video-v4l.
Unpacking xserver-xorg-video-v4l (from .../xserver-xorg-video-v4l_1%3a0.2.0-1ubuntu5_armel.deb) ...
Selecting previously deselected package xserver-xorg-video-all.
Unpacking xserver-xorg-video-all (from .../xserver-xorg-video-all_1%3a7.4~5ubuntu18_armel.deb) ...
Selecting previously deselected package xserver-xorg-input-evdev.
Unpacking xserver-xorg-input-evdev (from .../xserver-xorg-input-evdev_1%3a2.1.1-1ubuntu4_armel.deb) ...
Selecting previously deselected package xserver-xorg-input-kbd.
Unpacking xserver-xorg-input-kbd (from .../xserver-xorg-input-kbd_1%3a1.3.1-2ubuntu1_armel.deb) ...
Selecting previously deselected package xserver-xorg-input-mouse.
Unpacking xserver-xorg-input-mouse (from .../xserver-xorg-input-mouse_1%3a1.4.0-1_armel.deb) ...
Selecting previously deselected package xserver-xorg-input-synaptics.
Unpacking xserver-xorg-input-synaptics (from .../xserver-xorg-input-synaptics_0.99.3-2ubuntu4_armel.deb) ...
Selecting previously deselected package xserver-xorg-input-wacom.
Unpacking xserver-xorg-input-wacom (from .../xserver-xorg-input-wacom_1%3a0.8.2.2-0ubuntu2_armel.deb) ...
Selecting previously deselected package xserver-xorg-input-all.
Unpacking xserver-xorg-input-all (from .../xserver-xorg-input-all_1%3a7.4~5ubuntu18_armel.deb) ...
Selecting previously deselected package xserver-xorg.
Unpacking xserver-xorg (from .../xserver-xorg_1%3a7.4~5ubuntu18_armel.deb) ...
Selecting previously deselected package xulrunner-1.9.
Unpacking xulrunner-1.9 (from .../xulrunner-1.9_1.9.0.8+nobinonly-0ubuntu2_armel.deb) ...
Selecting previously deselected package zenity.
Unpacking zenity (from .../zenity_2.26.0-0ubuntu1_armel.deb) ...
Selecting previously deselected package zip.
Unpacking zip (from .../archives/zip_2.32-1_armel.deb) ...
Selecting previously deselected package conkeror.
Unpacking conkeror (from .../conkeror_0.9~git080629-2_all.deb) ...
Selecting previously deselected package conkeror-spawn-process-helper.
Unpacking conkeror-spawn-process-helper (from .../conkeror-spawn-process-helper_0.9~git080629-2_armel.deb) ...
Setting up libxau6 (1:1.0.4-1) ...

Setting up libxdmcp6 (1:1.0.2-3) ...

Setting up libxcb1 (1.1.93-0ubuntu3) ...

Setting up libx11-data (2:1.1.99.2-1ubuntu2) ...
Setting up libx11-6 (2:1.1.99.2-1ubuntu2) ...

Setting up libxext6 (2:1.0.99.1-0ubuntu3) ...

Setting up libxmuu1 (2:1.0.4-1) ...

Setting up xauth (1:1.0.3-2) ...
Setting up sgml-data (2.0.3) ...

Setting up docbook-xml (4.5-6) ...

Setting up libdrm2 (2.4.5-0ubuntu4) ...

Setting up libxfixes3 (1:4.0.3-2) ...

Setting up libxdamage1 (1:1.1.1-4) ...

Setting up libxxf86vm1 (1:1.0.2-1) ...

Setting up libgl1-mesa-glx (7.4-0ubuntu3) ...

Setting up libice6 (2:1.0.4-1) ...

Setting up libsm6 (2:1.1.0-1) ...

Setting up libxt6 (1:1.0.5-3ubuntu1) ...

Setting up librarian0 (0.8.1-1ubuntu2) ...

Setting up rarian-compat (0.8.1-1ubuntu2) ...

Setting up libexpat1 (2.0.1-4) ...

Setting up libfreetype6 (2.3.9-4build1) ...

Setting up ucf (3.0014) ...

Setting up defoma (0.11.10-0.2ubuntu1) ...

Setting up ttf-dejavu-core (2.28-1) ...

Setting up ttf-dejavu-extra (2.28-1) ...

Setting up ttf-dejavu (2.28-1) ...
Setting up fontconfig-config (2.6.0-1ubuntu12) ...

Setting up libfontconfig1 (2.6.0-1ubuntu12) ...

Setting up libfontenc1 (1:1.0.4-3) ...

Setting up libxmu6 (2:1.0.4-1) ...

Setting up libxpm4 (1:3.5.7-1) ...

Setting up libxaw7 (2:1.0.5-1) ...

Setting up libxrender1 (1:0.9.4-2) ...

Setting up libxft2 (2.1.13-3ubuntu1) ...

Setting up libxi6 (2:1.2.0-1ubuntu1) ...

Setting up libxinerama1 (2:1.0.3-2) ...

Setting up libxtst6 (2:1.0.3-1ubuntu2) ...

Setting up libxv1 (2:1.0.4-1) ...

Setting up libxxf86dga1 (2:1.0.2-1) ...

Setting up libgmp3c2 (2:4.2.4+dfsg-2ubuntu1) ...

Setting up libmpfr1ldbl (2.4.0-1ubuntu3) ...

Setting up cpp-4.3 (4.3.3-5ubuntu4) ...
Setting up cpp (4:4.3.3-1ubuntu1) ...

Setting up x11-utils (7.4+1build1) ...

Setting up libxkbfile1 (1:1.0.5-1ubuntu2) ...

Setting up x11-xkb-utils (7.4+1ubuntu2) ...
Setting up libxrandr2 (2:1.3.0-1build1) ...

Setting up libxtrap6 (2:1.0.0-5build1) ...

Setting up libxxf86misc1 (1:1.0.1-3) ...

Setting up x11-xserver-utils (7.4+1) ...

Setting up libgl1-mesa-dri (7.4-0ubuntu3) ...
Setting up hdparm (8.9-3ubuntu3) ...
 Removing any system startup links for /etc/init.d/hdparm ...

Setting up libpci3 (1:3.0.0-4ubuntu8) ...

Setting up libxml2 (2.6.32.dfsg-5ubuntu3) ...

Setting up lsof (4.78.dfsg.1-4) ...
Setting up pciutils (1:3.0.0-4ubuntu8) ...

Setting up psmisc (22.6-1) ...

Setting up usbutils (0.73-8ubuntu3) ...

Setting up acl (2.2.47-2) ...
Setting up linux-sound-base (1.0.18.dfsg-1ubuntu8) ...

Setting up alsa-base (1.0.18.dfsg-1ubuntu8) ...

Setting up libasound2 (1.0.18-1ubuntu9) ...

Setting up alsa-utils (1.0.18-1ubuntu11) ...

Setting up arj (3.10.22-6) ...
Setting up libaspell15 (0.60.6-1) ...

Setting up dictionaries-common (1.0.0ubuntu1) ...
aspell-autobuildhash: processing: en [en-common]
aspell-autobuildhash: processing: en [en-variant_0]
aspell-autobuildhash: processing: en [en-variant_1]
aspell-autobuildhash: processing: en [en-variant_2]
aspell-autobuildhash: processing: en [en_CA-w_accents-only]
aspell-autobuildhash: processing: en [en_CA-wo_accents-only]
aspell-autobuildhash: processing: en [en_GB-ise-w_accents-only]
aspell-autobuildhash: processing: en [en_GB-ise-wo_accents-only]
aspell-autobuildhash: processing: en [en_GB-ize-w_accents-only]
aspell-autobuildhash: processing: en [en_GB-ize-wo_accents-only]
aspell-autobuildhash: processing: en [en_US-w_accents-only]
aspell-autobuildhash: processing: en [en_US-wo_accents-only]

Setting up aspell (0.60.6-1) ...

Setting up aspell-en (6.0-0-5.1) ...

Setting up libdbus-1-3 (1.2.12-0ubuntu2) ...

Setting up libck-connector0 (0.3.0-2ubuntu3) ...

Setting up libglib2.0-0 (2.20.1-0ubuntu2) ...

Setting up libdbus-glib-1-2 (0.80-3) ...

Setting up libpolkit2 (0.9-2ubuntu1) ...

Setting up desktop-file-utils (0.15-1ubuntu7) ...

Setting up fontconfig (2.6.0-1ubuntu12) ...
Updating font configuration of fontconfig...
Cleaning up category cid..
Cleaning up category truetype..
Cleaning up category type1..
Updating category type1..
Updating category truetype..
Updating category cid..
Updating fontconfig cache for /usr/share/fonts/truetype/ttf-dejavu
Cleaning up old fontconfig caches... done.
Regenerating fonts cache... done.

Setting up libidl0 (0.8.13-0.1) ...

Setting up liborbit2 (1:2.14.17-0.1) ...

Setting up libpolkit-dbus2 (0.9-2ubuntu1) ...

Setting up gconf2-common (2.26.0-0ubuntu1) ...

Creating config file /etc/gconf/2/path with new version

Setting up libgconf2-4 (2.26.0-0ubuntu1) ...

Setting up gconf2 (2.26.0-0ubuntu1) ...

Setting up libart-2.0-2 (2.3.20-2) ...

Setting up libatk1.0-0 (1.26.0-0ubuntu2) ...

Setting up libsysfs2 (2.1.0-5) ...

Setting up libts-0.0-0 (1.0-4ubuntu2) ...

Setting up libdirectfb-1.0-0 (1.0.1-11ubuntu1) ...

Setting up libpixman-1-0 (0.13.2-1) ...

Setting up libpng12-0 (1.2.27-2ubuntu2) ...

Setting up libxcb-render0 (1.1.93-0ubuntu3) ...

Setting up libxcb-render-util0 (0.2.1+git1-1) ...

Setting up libcairo2 (1.8.6-1ubuntu2) ...

Setting up libdmx1 (1:1.0.2-3) ...

Setting up libgtk2.0-common (2.16.1-0ubuntu2) ...
Setting up libcups2 (1.3.9-17ubuntu1) ...

Setting up libjpeg62 (6b-14) ...

Setting up libjasper1 (1.900.1-5.1) ...

Setting up libpango1.0-common (1.24.1-0ubuntu1) ...
Cleaning up font configuration of pango...
Updating font configuration of pango...
Cleaning up category xfont..
Updating category xfont..
*** You don't have any defomized font packages.
*** So we are trying to force to generate pangox.aliases...

Setting up libdatrie0 (0.1.3-2) ...

Setting up libthai-data (0.1.9-4) ...
Setting up libthai0 (0.1.9-4) ...

Setting up libpango1.0-0 (1.24.1-0ubuntu1) ...

Setting up libtiff4 (3.8.2-11) ...

Setting up libxcomposite1 (1:0.4.0-3) ...

Setting up libxcursor1 (1:1.1.9-1) ...

Setting up shared-mime-info (0.60-1) ...

Setting up libgtk2.0-0 (2.16.1-0ubuntu2) ...

Setting up libglade2-0 (1:2.6.4-1) ...

Setting up libgail18 (2.16.1-0ubuntu2) ...

Setting up libgail-common (2.16.1-0ubuntu2) ...
Setting up libgnomecanvas2-common (2.26.0-0ubuntu1) ...
Setting up libgnomecanvas2-0 (2.26.0-0ubuntu1) ...

Setting up libcroco3 (0.6.1-2) ...

Setting up libgsf-1-common (1.14.11-2ubuntu1) ...
Setting up libgsf-1-114 (1.14.11-2ubuntu1) ...

Setting up librsvg2-2 (2.26.0-0ubuntu1) ...

Setting up libwrap0 (7.6.q-16) ...

Setting up libobparser21 (3.4.7.2-3) ...

Setting up libobrender21 (3.4.7.2-3) ...

Setting up libstartup-notification0 (0.9-1) ...

Setting up openbox (3.4.7.2-3) ...

Setting up libvte-common (1:0.20.0-0ubuntu2) ...
Setting up libvte9 (1:0.20.0-0ubuntu2) ...

Setting up lxterminal (0.1.3-2) ...

Setting up libgnome-keyring0 (2.26.1-0ubuntu1) ...

Setting up libgtop2-common (2.26.0-0ubuntu2) ...
Setting up libgtop2-7 (2.26.0-0ubuntu2) ...

Setting up libgksu2-0 (2.0.9-1ubuntu3) ...

Setting up libgp11-0 (2.26.1-0ubuntu1) ...

Setting up libgcr0 (2.26.1-0ubuntu1) ...

Setting up libhal1 (0.5.12~rc1+git20090403-0ubuntu1) ...

Setting up gnome-keyring (2.26.1-0ubuntu1) ...

Setting up gksu (2.0.2-1ubuntu2) ...

Setting up librsvg2-common (2.26.0-0ubuntu1) ...
Setting up gdm (2.20.10-0ubuntu2) ...
Adding group `gdm' (GID 105) ...
Done.
Warning: The home dir /var/lib/gdm you specified already exists.
Adding system user `gdm' (UID 103) ...
Adding new user `gdm' (UID 103) with group `gdm' ...
The home directory `/var/lib/gdm' already exists.  Not copying from `/etc/skel'.
adduser: Warning: The home directory `/var/lib/gdm' does not belong to the user you are currently creating.
usermod: no changes
usermod: no changes
usermod: no changes
 * Reloading GNOME Display Manager configuration...       [80G  [33m*[39;49m Changes will take effect when all current X sessions have ended.
invoke-rc.d: initscript gdm, action "reload" failed.

Setting up hicolor-icon-theme (0.10-1ubuntu1) ...

Setting up gnome-icon-theme (2.26.0-0ubuntu1) ...

Setting up gpicview (0.1.11-1) ...
Setting up gtk2-engines (1:2.18.1-0ubuntu1) ...
Setting up libhal-storage1 (0.5.12~rc1+git20090403-0ubuntu1) ...

Setting up hal-info (20090407-0ubuntu1) ...
Setting up powermgmt-base (1.30+nmu1) ...
.udevdb or .udev presence implies active udev.  Aborting MAKEDEV invocation.

Setting up pm-utils (1.2.2.4-0ubuntu4) ...
Setting up libpolkit-grant2 (0.9-2ubuntu1) ...

Setting up hunspell-en-us (20070829-2ubuntu1) ...

Setting up leafpad (0.8.13-1) ...

Setting up libatk1.0-data (1.26.0-0ubuntu2) ...
Setting up libbeecrypt6 (4.1.2-7) ...

Setting up libhunspell-1.2-0 (1.2.6-1ubuntu2) ...

Setting up libenchant1c2a (1.4.2-3.3ubuntu1) ...

Setting up libglib2.0-data (2.20.1-0ubuntu2) ...
Setting up libgtk2.0-bin (2.16.1-0ubuntu2) ...
Setting up libjpeg-progs (6b-14) ...
Setting up libneon27 (0.28.2-6.1) ...

Setting up libnotify1 (0.4.5-0ubuntu1) ...

Setting up libnspr4-0d (4.7.3-0ubuntu2) ...

Setting up libnss3-1d (3.12.2~rc1-0ubuntu2) ...

Setting up libpam-ck-connector (0.3.0-2ubuntu3) ...

Setting up libpam-gnome-keyring (2.26.1-0ubuntu1) ...
Setting up librpm4.4 (4.4.2.3-2ubuntu1) ...

Setting up libsexy2 (0.1.11-2) ...

Setting up libwnck-common (2.26.0-0ubuntu1) ...
Setting up libxres1 (2:1.0.3-1) ...

Setting up libwnck22 (2.26.0-0ubuntu1) ...

Setting up libxfont1 (1:1.3.3-1ubuntu1) ...

Setting up lxde-settings-daemon (0.3.2.1+svn20080509-5) ...
Setting up lxde-common (0.3.2.1+svn20080509-5) ...

Setting up lxpanel (0.3.8.1-2) ...
Setting up lxsession-lite (0.3.6-2) ...
Setting up xscreensaver-data (5.07-0ubuntu3) ...

Setting up xscreensaver (5.07-0ubuntu3) ...

Setting up lxappearance (0.2-1) ...
Setting up xarchiver (0.5.2+dfsg-1) ...

Setting up lxrandr (0.1+svn20080716-3) ...
Setting up obconf (2.0.3-3build1) ...

Setting up miscfiles (1.4.2.dfsg.1-9) ...

Setting up notification-daemon (0.4.0-0ubuntu3) ...
notification-daemon: no process killed




Setting up openbox-themes (1.0.2) ...
Setting up p7zip-full (4.58~dfsg.1-1) ...
Setting up libpciaccess0 (0.10.5-1) ...

Setting up radeontool (1.5+git76606164-0ubuntu2) ...
Setting up rpm (4.4.2.3-2ubuntu1) ...

Setting up smartdimmer (0.8b4-1ubuntu2) ...
Setting up tcpd (7.6.q-16) ...

Setting up ubuntu-gdm-themes (0.32) ...
Setting up unzip (5.52-12ubuntu1) ...
Setting up xfonts-encodings (1:1.0.2-3) ...
Setting up xfonts-utils (1:7.4+1ubuntu1) ...

Setting up x-ttcidfont-conf (32) ...
Updating font configuration of x-ttcidfont-conf...
Cleaning up category cmap..
Cleaning up category cid..
Cleaning up category truetype..
Updating category truetype..
Updating category cid..
Updating category cmap..

Setting up xdg-utils (1.0.2-6.1) ...

Setting up xfonts-base (1:1.0.0-5) ...

Setting up xserver-common (2:1.6.0-0ubuntu14) ...
Setting up xulrunner-1.9 (1.9.0.8+nobinonly-0ubuntu2) ...

Setting up zenity (2.26.0-0ubuntu1) ...

Setting up zip (2.32-1) ...
Setting up conkeror (0.9~git080629-2) ...

Setting up conkeror-spawn-process-helper (0.9~git080629-2) ...
Setting up xserver-xorg-core (2:1.6.0-0ubuntu14) ...

Setting up consolekit (0.3.0-2ubuntu3) ...
Setting up dbus (1.2.12-0ubuntu2) ...
Adding system user `messagebus' (UID 104) ...
Adding new group `messagebus' (GID 106) ...
Adding new user `messagebus' (UID 104) with group `messagebus' ...
Not creating home directory `/var/run/dbus'.
 * Starting system message bus dbus       [80G [74G[ OK ]

Setting up dbus-x11 (1.2.12-0ubuntu2) ...
Setting up gamin (0.1.9-2ubuntu4) ...
Setting up libgamin0 (0.1.9-2ubuntu4) ...

Setting up policykit (0.9-2ubuntu1) ...

Setting up hal (0.5.12~rc1+git20090403-0ubuntu1) ...
 * Reloading system message bus config...       [80G [74G[ OK ]
 * Starting Hardware abstraction layer hald       [80G [74G[ OK ]

Setting up pcmanfm (0.5-3) ...

Setting up lxde-core (0.3.2.1+svn20080509-5) ...
Setting up lxde (0.3.2.1+svn20080509-5) ...
Setting up xserver-xorg-video-apm (1:1.2.1-1) ...
Setting up xserver-xorg-video-ark (1:0.7.1-1) ...
Setting up xserver-xorg-video-r128 (6.8.0+git20090201.08d56c88-1) ...
Setting up xserver-xorg-video-mach64 (6.8.0-3) ...
Setting up xserver-xorg-video-radeon (1:6.12.1-0ubuntu2) ...
Setting up xserver-xorg-video-ati (1:6.12.1-0ubuntu2) ...
Setting up xserver-xorg-video-chips (1:1.2.1-1) ...
Setting up xserver-xorg-video-cirrus (1:1.2.1-3) ...
Setting up xserver-xorg-video-fbdev (1:0.4.0-3) ...
Setting up xserver-xorg-video-i128 (1:1.3.1-2ubuntu1) ...
Setting up xserver-xorg-video-i740 (1:1.2.0-2) ...
Setting up xserver-xorg-video-mga (1:1.4.9.dfsg-3) ...
Setting up xserver-xorg-video-neomagic (1:1.2.2-1) ...
Setting up xserver-xorg-video-nv (1:2.1.12-1ubuntu5) ...
Setting up xserver-xorg-video-rendition (1:4.2.0.dfsg.1-2ubuntu1) ...
Setting up xserver-xorg-video-s3 (1:0.6.1-1) ...
Setting up xserver-xorg-video-s3virge (1:1.10.2-1) ...
Setting up xserver-xorg-video-savage (1:2.2.1-4ubuntu2) ...
Setting up xserver-xorg-video-siliconmotion (1:1.7.0-1) ...
Setting up xserver-xorg-video-sis (1:0.10.1-1) ...
Setting up xserver-xorg-video-sisusb (1:0.9.0-4) ...
Setting up xserver-xorg-video-tdfx (1:1.4.0-2) ...
Setting up xserver-xorg-video-trident (1:1.3.0-1ubuntu1) ...
Setting up xserver-xorg-video-tseng (1:1.2.0-1ubuntu1) ...
Setting up xserver-xorg-video-vesa (1:2.0.0-1ubuntu6) ...
Setting up xserver-xorg-video-voodoo (1:1.2.0-1ubuntu1) ...
Setting up xserver-xorg-video-v4l (1:0.2.0-1ubuntu5) ...
Setting up xserver-xorg-video-all (1:7.4~5ubuntu18) ...
Setting up xserver-xorg-input-evdev (1:2.1.1-1ubuntu4) ...
Setting up xserver-xorg-input-kbd (1:1.3.1-2ubuntu1) ...
Setting up xserver-xorg-input-mouse (1:1.4.0-1) ...
Setting up xserver-xorg-input-synaptics (0.99.3-2ubuntu4) ...
Setting up xserver-xorg-input-wacom (1:0.8.2.2-0ubuntu2) ...
 Removing any system startup links for /etc/init.d/xserver-xorg-input-wacom ...

Setting up xserver-xorg-input-all (1:7.4~5ubuntu18) ...
Setting up xserver-xorg (1:7.4~5ubuntu18) ...

Processing triggers for libc6 ...
ldconfig deferred processing now taking place
Log ended: 2009-05-09  12:02:45

Log started: 2009-05-09  12:03:56
Selecting previously deselected package evilvte.
(Reading database ... 33133 files and directories currently installed.)
Unpacking evilvte (from .../evilvte_0.4.3-1_armel.deb) ...
Setting up evilvte (0.4.3-1) ...

Log ended: 2009-05-09  12:04:16

Log started: 2009-05-09  12:28:31
(Reading database ... 33146 files and directories currently installed.)
Removing evilvte ...
Log ended: 2009-05-09  12:28:42

Log started: 2009-05-09  12:41:05
(Reading database ... 33133 files and directories currently installed.)
Removing xserver-xorg-input-all ...
Log ended: 2009-05-09  12:41:10

Log started: 2009-05-09  12:41:55
(Reading database ... 33132 files and directories currently installed.)
Removing xserver-xorg-input-synaptics ...
Processing triggers for hal ...
Regenerating hal fdi cache ...
 * Restarting Hardware abstraction layer hald       [77G [71G[ OK ]
Log ended: 2009-05-09  12:42:17

Log started: 2009-05-09  12:44:10
Selecting previously deselected package xserver-xorg-input-tslib.
(Reading database ... 33115 files and directories currently installed.)
Unpacking xserver-xorg-input-tslib (from .../xserver-xorg-input-tslib_0.0.5-1ubuntu2_armel.deb) ...
Setting up xserver-xorg-input-tslib (0.0.5-1ubuntu2) ...
Log ended: 2009-05-09  12:44:17

Log started: 2009-05-09  12:45:33
Selecting previously deselected package libts-bin.
(Reading database ... 33121 files and directories currently installed.)
Unpacking libts-bin (from .../libts-bin_1.0-4ubuntu2_armel.deb) ...
Setting up libts-bin (1.0-4ubuntu2) ...
Log ended: 2009-05-09  12:45:42

Log started: 2009-05-09  13:20:13
Selecting previously deselected package iso-codes.
(Reading database ... 33133 files and directories currently installed.)
Unpacking iso-codes (from .../iso-codes_3.6-1_all.deb) ...
Selecting previously deselected package python-central.
Unpacking python-central (from .../python-central_0.6.11ubuntu7_all.deb) ...
Selecting previously deselected package python-apt.
Unpacking python-apt (from .../python-apt_0.7.9~exp2ubuntu10_armel.deb) ...
Selecting previously deselected package python-support.
Unpacking python-support (from .../python-support_0.8.7ubuntu4_all.deb) ...
Selecting previously deselected package libaudiofile0.
Unpacking libaudiofile0 (from .../libaudiofile0_0.2.6-7ubuntu1_armel.deb) ...
Selecting previously deselected package esound-common.
Unpacking esound-common (from .../esound-common_0.2.40-0ubuntu3_all.deb) ...
Selecting previously deselected package libesd-alsa0.
Unpacking libesd-alsa0 (from .../libesd-alsa0_0.2.40-0ubuntu3_armel.deb) ...
Selecting previously deselected package esound-clients.
Unpacking esound-clients (from .../esound-clients_0.2.40-0ubuntu3_armel.deb) ...
Selecting previously deselected package gdebi-core.
Unpacking gdebi-core (from .../gdebi-core_0.4.9_all.deb) ...
Selecting previously deselected package python-cairo.
Unpacking python-cairo (from .../python-cairo_1.4.12-1.2ubuntu1_armel.deb) ...
Selecting previously deselected package libffi5.
Unpacking libffi5 (from .../libffi5_3.0.7-1ubuntu1_armel.deb) ...
Selecting previously deselected package python-gobject.
Unpacking python-gobject (from .../python-gobject_2.16.1-1ubuntu2_armel.deb) ...
Selecting previously deselected package python-gtk2.
Unpacking python-gtk2 (from .../python-gtk2_2.14.1-1ubuntu1_armel.deb) ...
Selecting previously deselected package python-glade2.
Unpacking python-glade2 (from .../python-glade2_2.14.1-1ubuntu1_armel.deb) ...
Selecting previously deselected package python-vte.
Unpacking python-vte (from .../python-vte_1%3a0.20.0-0ubuntu2_armel.deb) ...
Selecting previously deselected package gdebi.
Unpacking gdebi (from .../archives/gdebi_0.4.9_all.deb) ...
Selecting previously deselected package gnome-mime-data.
Unpacking gnome-mime-data (from .../gnome-mime-data_2.18.0-1_all.deb) ...
Selecting previously deselected package libavahi-common-data.
Unpacking libavahi-common-data (from .../libavahi-common-data_0.6.23-4ubuntu4_armel.deb) ...
Selecting previously deselected package libavahi-common3.
Unpacking libavahi-common3 (from .../libavahi-common3_0.6.23-4ubuntu4_armel.deb) ...
Selecting previously deselected package libavahi-client3.
Unpacking libavahi-client3 (from .../libavahi-client3_0.6.23-4ubuntu4_armel.deb) ...
Selecting previously deselected package libavahi-glib1.
Unpacking libavahi-glib1 (from .../libavahi-glib1_0.6.23-4ubuntu4_armel.deb) ...
Selecting previously deselected package libgnomevfs2-common.
Unpacking libgnomevfs2-common (from .../libgnomevfs2-common_1%3a2.24.1-0ubuntu1_all.deb) ...
Selecting previously deselected package libgnomevfs2-0.
Unpacking libgnomevfs2-0 (from .../libgnomevfs2-0_1%3a2.24.1-0ubuntu1_armel.deb) ...
Selecting previously deselected package libpolkit-gnome0.
Unpacking libpolkit-gnome0 (from .../libpolkit-gnome0_0.9-1ubuntu3_armel.deb) ...
Selecting previously deselected package policykit-gnome.
Unpacking policykit-gnome (from .../policykit-gnome_0.9-1ubuntu3_armel.deb) ...
Selecting previously deselected package gnome-mount.
Unpacking gnome-mount (from .../gnome-mount_0.8-1ubuntu5_armel.deb) ...
Selecting previously deselected package libgvfscommon0.
Unpacking libgvfscommon0 (from .../libgvfscommon0_1.2.2-0ubuntu1_armel.deb) ...
Selecting previously deselected package gvfs.
Unpacking gvfs (from .../gvfs_1.2.2-0ubuntu1_armel.deb) ...
Selecting previously deselected package libarchive1.
Unpacking libarchive1 (from .../libarchive1_2.4.17-2_armel.deb) ...
Selecting previously deselected package libbluetooth3.
Unpacking libbluetooth3 (from .../libbluetooth3_4.32-0ubuntu4_armel.deb) ...
Selecting previously deselected package libcdio7.
Unpacking libcdio7 (from .../libcdio7_0.78.2+dfsg1-3_armel.deb) ...
Selecting previously deselected package libcdio-cdda0.
Unpacking libcdio-cdda0 (from .../libcdio-cdda0_0.78.2+dfsg1-3_armel.deb) ...
Selecting previously deselected package libcdio-paranoia0.
Unpacking libcdio-paranoia0 (from .../libcdio-paranoia0_0.78.2+dfsg1-3_armel.deb) ...
Selecting previously deselected package libexif12.
Unpacking libexif12 (from .../libexif12_0.6.16-2.1ubuntu1_armel.deb) ...
Selecting previously deselected package libltdl7.
Unpacking libltdl7 (from .../libltdl7_2.2.6a-1ubuntu1_armel.deb) ...
Selecting previously deselected package libgphoto2-port0.
Unpacking libgphoto2-port0 (from .../libgphoto2-port0_2.4.2-0ubuntu4_armel.deb) ...
Selecting previously deselected package libgphoto2-2.
Unpacking libgphoto2-2 (from .../libgphoto2-2_2.4.2-0ubuntu4_armel.deb) ...
Selecting previously deselected package libtalloc1.
Unpacking libtalloc1 (from .../libtalloc1_1.2.0~git20080616-1_armel.deb) ...
Selecting previously deselected package libwbclient0.
Unpacking libwbclient0 (from .../libwbclient0_2%3a3.3.2-1ubuntu3_armel.deb) ...
Selecting previously deselected package libsmbclient.
Unpacking libsmbclient (from .../libsmbclient_2%3a3.3.2-1ubuntu3_armel.deb) ...
Selecting previously deselected package libproxy0.
Unpacking libproxy0 (from .../libproxy0_0.2.3-0ubuntu5_armel.deb) ...
Selecting previously deselected package libsoup2.4-1.
Unpacking libsoup2.4-1 (from .../libsoup2.4-1_2.26.0-0ubuntu2_armel.deb) ...
Selecting previously deselected package libsoup-gnome2.4-1.
Unpacking libsoup-gnome2.4-1 (from .../libsoup-gnome2.4-1_2.26.0-0ubuntu2_armel.deb) ...
Selecting previously deselected package gvfs-backends.
Unpacking gvfs-backends (from .../gvfs-backends_1.2.2-0ubuntu1_armel.deb) ...
Selecting previously deselected package libbonobo2-common.
Unpacking libbonobo2-common (from .../libbonobo2-common_2.24.1-1_all.deb) ...
Selecting previously deselected package libbonobo2-0.
Unpacking libbonobo2-0 (from .../libbonobo2-0_2.24.1-1_armel.deb) ...
Selecting previously deselected package libgnome2-common.
Unpacking libgnome2-common (from .../libgnome2-common_2.26.0-0ubuntu2_all.deb) ...
Selecting previously deselected package libgnome2-0.
Unpacking libgnome2-0 (from .../libgnome2-0_2.26.0-0ubuntu2_armel.deb) ...
Selecting previously deselected package libbonoboui2-common.
Unpacking libbonoboui2-common (from .../libbonoboui2-common_2.24.1-1ubuntu1_all.deb) ...
Selecting previously deselected package libbonoboui2-0.
Unpacking libbonoboui2-0 (from .../libbonoboui2-0_2.24.1-1ubuntu1_armel.deb) ...
Selecting previously deselected package libcairo-perl.
Unpacking libcairo-perl (from .../libcairo-perl_1.060-1_armel.deb) ...
Selecting previously deselected package libglib-perl.
Unpacking libglib-perl (from .../libglib-perl_1%3a1.190-2_armel.deb) ...
Selecting previously deselected package libgtk2-perl.
Unpacking libgtk2-perl (from .../libgtk2-perl_1%3a1.190-1ubuntu1_armel.deb) ...
Selecting previously deselected package libgnome2-canvas-perl.
Unpacking libgnome2-canvas-perl (from .../libgnome2-canvas-perl_1.002-1+b1ubuntu3_armel.deb) ...
Selecting previously deselected package libgnomeui-common.
Unpacking libgnomeui-common (from .../libgnomeui-common_2.24.1-1_all.deb) ...
Selecting previously deselected package libgnomeui-0.
Unpacking libgnomeui-0 (from .../libgnomeui-0_2.24.1-1_armel.deb) ...
Selecting previously deselected package libgnome2-vfs-perl.
Unpacking libgnome2-vfs-perl (from .../libgnome2-vfs-perl_1.080-1build2_armel.deb) ...
Selecting previously deselected package libgnome2-perl.
Unpacking libgnome2-perl (from .../libgnome2-perl_1.042-1build2_armel.deb) ...
Selecting previously deselected package libgnomevfs2-extra.
Unpacking libgnomevfs2-extra (from .../libgnomevfs2-extra_1%3a2.24.1-0ubuntu1_armel.deb) ...
Selecting previously deselected package libopenobex1.
Unpacking libopenobex1 (from .../libopenobex1_1.5-1_armel.deb) ...
Selecting previously deselected package obex-data-server.
Unpacking obex-data-server (from .../obex-data-server_0.4.4-0ubuntu1_armel.deb) ...
Processing triggers for shared-mime-info ...
Setting up iso-codes (3.6-1) ...
Setting up python-central (0.6.11ubuntu7) ...

Setting up python-apt (0.7.9~exp2ubuntu10) ...

Setting up python-support (0.8.7ubuntu4) ...

Setting up libaudiofile0 (0.2.6-7ubuntu1) ...

Setting up esound-common (0.2.40-0ubuntu3) ...
Setting up libesd-alsa0 (0.2.40-0ubuntu3) ...

Setting up esound-clients (0.2.40-0ubuntu3) ...

Setting up gdebi-core (0.4.9) ...

Setting up python-cairo (1.4.12-1.2ubuntu1) ...

Setting up libffi5 (3.0.7-1ubuntu1) ...

Setting up python-gobject (2.16.1-1ubuntu2) ...

Setting up python-gtk2 (2.14.1-1ubuntu1) ...

Setting up python-glade2 (2.14.1-1ubuntu1) ...

Setting up python-vte (1:0.20.0-0ubuntu2) ...

Setting up gdebi (0.4.9) ...

Setting up gnome-mime-data (2.18.0-1) ...
Setting up libavahi-common-data (0.6.23-4ubuntu4) ...
Setting up libavahi-common3 (0.6.23-4ubuntu4) ...

Setting up libavahi-client3 (0.6.23-4ubuntu4) ...

Setting up libavahi-glib1 (0.6.23-4ubuntu4) ...

Setting up libgnomevfs2-common (1:2.24.1-0ubuntu1) ...

Setting up libgnomevfs2-0 (1:2.24.1-0ubuntu1) ...

Setting up libpolkit-gnome0 (0.9-1ubuntu3) ...

Setting up policykit-gnome (0.9-1ubuntu3) ...
Setting up gnome-mount (0.8-1ubuntu5) ...

Setting up libgvfscommon0 (1.2.2-0ubuntu1) ...

Setting up gvfs (1.2.2-0ubuntu1) ...
Setting up libarchive1 (2.4.17-2) ...

Setting up libbluetooth3 (4.32-0ubuntu4) ...

Setting up libcdio7 (0.78.2+dfsg1-3) ...

Setting up libcdio-cdda0 (0.78.2+dfsg1-3) ...

Setting up libcdio-paranoia0 (0.78.2+dfsg1-3) ...

Setting up libexif12 (0.6.16-2.1ubuntu1) ...

Setting up libltdl7 (2.2.6a-1ubuntu1) ...

Setting up libgphoto2-port0 (2.4.2-0ubuntu4) ...

Setting up libgphoto2-2 (2.4.2-0ubuntu4) ...

Setting up libtalloc1 (1.2.0~git20080616-1) ...

Setting up libwbclient0 (2:3.3.2-1ubuntu3) ...

Setting up libsmbclient (2:3.3.2-1ubuntu3) ...

Setting up libproxy0 (0.2.3-0ubuntu5) ...

Setting up libsoup2.4-1 (2.26.0-0ubuntu2) ...

Setting up libsoup-gnome2.4-1 (2.26.0-0ubuntu2) ...

Setting up gvfs-backends (1.2.2-0ubuntu1) ...

Setting up libbonobo2-common (2.24.1-1) ...
Setting up libbonobo2-0 (2.24.1-1) ...

Setting up libgnome2-common (2.26.0-0ubuntu2) ...

Setting up libgnome2-0 (2.26.0-0ubuntu2) ...

Setting up libbonoboui2-common (2.24.1-1ubuntu1) ...

Setting up libbonoboui2-0 (2.24.1-1ubuntu1) ...

Setting up libcairo-perl (1.060-1) ...
Setting up libglib-perl (1:1.190-2) ...
Setting up libgtk2-perl (1:1.190-1ubuntu1) ...
Setting up libgnome2-canvas-perl (1.002-1+b1ubuntu3) ...
Setting up libgnomeui-common (2.24.1-1) ...
Setting up libgnomeui-0 (2.24.1-1) ...

Setting up libgnome2-vfs-perl (1.080-1build2) ...
Setting up libgnome2-perl (1.042-1build2) ...
Setting up libgnomevfs2-extra (1:2.24.1-0ubuntu1) ...
Setting up libopenobex1 (1.5-1) ...

Setting up obex-data-server (0.4.4-0ubuntu1) ...
Processing triggers for libc6 ...
ldconfig deferred processing now taking place
Processing triggers for python-support ...
Log ended: 2009-05-09  13:26:09

Log started: 2009-05-09  14:07:42
Selecting previously deselected package libedit2.
(Reading database ... 35056 files and directories currently installed.)
Unpacking libedit2 (from .../libedit2_2.11~20080614-1ubuntu1_armel.deb) ...
Selecting previously deselected package openssh-client.
Unpacking openssh-client (from .../openssh-client_1%3a5.1p1-5ubuntu1_armel.deb) ...
Selecting previously deselected package openssh-server.
Unpacking openssh-server (from .../openssh-server_1%3a5.1p1-5ubuntu1_armel.deb) ...
Selecting previously deselected package ssh.
Unpacking ssh (from .../ssh_1%3a5.1p1-5ubuntu1_all.deb) ...
Setting up libedit2 (2.11~20080614-1ubuntu1) ...

Setting up openssh-client (1:5.1p1-5ubuntu1) ...

Setting up openssh-server (1:5.1p1-5ubuntu1) ...
Creating SSH2 RSA key; this may take some time ...
Creating SSH2 DSA key; this may take some time ...
 * Restarting OpenBSD Secure Shell server sshd       [77G [71G[ OK ]

Setting up ssh (1:5.1p1-5ubuntu1) ...

Processing triggers for libc6 ...
ldconfig deferred processing now taking place
Log ended: 2009-05-09  14:10:30

Log started: 2009-05-09  14:14:08
Selecting previously deselected package lrzsz.
(Reading database ... 35123 files and directories currently installed.)
Unpacking lrzsz (from .../lrzsz_0.12.21-4.1_armel.deb) ...
Log ended: 2009-05-09  14:14:17
