May  9 11:22:23 ubuntu login[1235]: pam_unix(login:auth): authentication failure; logname=LOGIN uid=0 euid=0 tty=tty1 ruser= rhost=  user=root
May  9 11:22:27 ubuntu login[1235]: FAILED LOGIN (1) on 'tty1' FOR `root', Authentication failure
May  9 11:22:31 ubuntu login[1235]: pam_env(login:session): Unable to open env file: /etc/default/locale: No such file or directory
May  9 11:22:32 ubuntu login[1235]: pam_unix(login:session): session opened for user ubuntu by LOGIN(uid=0)
May  9 11:22:58 ubuntu sudo:   ubuntu : TTY=tty1 ; PWD=/home/ubuntu ; USER=root ; COMMAND=/usr/bin/passwd
May  9 11:23:05 ubuntu passwd[1281]: pam_unix(passwd:chauthtok): password changed for root
May  9 11:23:13 ubuntu su[1282]: Successful su for root by ubuntu
May  9 11:23:13 ubuntu su[1282]: + tty1 ubuntu:root
May  9 11:23:14 ubuntu su[1282]: pam_env(su:session): Unable to open env file: /etc/default/locale: No such file or directory
May  9 11:23:14 ubuntu su[1282]: pam_unix(su:session): session opened for user root by ubuntu(uid=1000)
May  9 11:25:58 ubuntu su[1282]: pam_unix(su:session): session closed for user root
May  9 11:28:22 ubuntu login[1338]: pam_env(login:session): Unable to open env file: /etc/default/locale: No such file or directory
May  9 11:28:22 ubuntu login[1338]: pam_unix(login:session): session opened for user root by LOGIN(uid=0)
May  9 11:28:22 ubuntu login[1360]: ROOT LOGIN  on 'tty1'
May  9 11:28:31 ubuntu sudo:     root : TTY=tty1 ; PWD=/root ; USER=root ; COMMAND=/usr/bin/apt-get update
May  9 11:28:43 ubuntu sudo:     root : TTY=tty1 ; PWD=/root ; USER=root ; COMMAND=/usr/bin/apt-get install vim
May  9 11:34:37 ubuntu sudo:     root : TTY=tty1 ; PWD=/etc/event.d ; USER=root ; COMMAND=/usr/bin/apt-get install lxde
May  9 11:56:09 ubuntu groupadd[5179]: new group: name=gdm, GID=105
May  9 11:56:16 ubuntu useradd[5185]: new user: name=gdm, UID=103, GID=105, home=/var/lib/gdm, shell=/bin/false
May  9 11:56:17 ubuntu usermod[5190]: change user `gdm' password
May  9 11:56:18 ubuntu chage[5195]: changed password expiry for gdm
May  9 12:00:14 ubuntu groupadd[5518]: new group: name=messagebus, GID=106
May  9 12:00:14 ubuntu useradd[5522]: new user: name=messagebus, UID=104, GID=106, home=/var/run/dbus, shell=/bin/false
May  9 12:00:15 ubuntu usermod[5527]: change user `messagebus' password
May  9 12:00:15 ubuntu chage[5532]: changed password expiry for messagebus
May  9 12:00:37 ubuntu groupadd[5585]: new group: name=polkituser, GID=107
May  9 12:00:37 ubuntu useradd[5589]: new user: name=polkituser, UID=105, GID=107, home=/var/run/PolicyKit, shell=/bin/false
May  9 12:00:38 ubuntu usermod[5594]: change user `polkituser' password
May  9 12:00:38 ubuntu chage[5599]: changed password expiry for polkituser
May  9 12:00:39 ubuntu chfn[5602]: changed user `polkituser' information
May  9 12:01:43 ubuntu groupadd[5661]: new group: name=haldaemon, GID=108
May  9 12:01:44 ubuntu useradd[5665]: new user: name=haldaemon, UID=106, GID=108, home=/var/run/hald, shell=/bin/false
May  9 12:01:45 ubuntu usermod[5670]: change user `haldaemon' password
May  9 12:01:46 ubuntu chage[5675]: changed password expiry for haldaemon
May  9 12:01:46 ubuntu chfn[5678]: changed user `haldaemon' information
May  9 12:03:13 ubuntu sudo:     root : TTY=tty1 ; PWD=/etc/event.d ; USER=root ; COMMAND=/usr/bin/apt-get install evilvte
May  9 12:06:02 ubuntu sudo:     root : TTY=tty1 ; PWD=/etc/event.d ; USER=root ; COMMAND=/usr/bin/apt-get install leafpad
May  9 12:11:54 ubuntu getty[1368]: /dev/s3c_serial0: No such file or directory
May  9 12:12:04 ubuntu getty[1428]: /dev/s3c_serial0: No such file or directory
May  9 12:12:14 ubuntu getty[1558]: /dev/s3c_serial0: No such file or directory
May  9 12:12:24 ubuntu getty[1595]: /dev/s3c_serial0: No such file or directory
May  9 12:12:34 ubuntu getty[1608]: /dev/s3c_serial0: No such file or directory
May  9 12:12:45 ubuntu getty[1609]: /dev/s3c_serial0: No such file or directory
May  9 12:12:57 ubuntu getty[1610]: /dev/s3c_serial0: No such file or directory
May  9 12:13:07 ubuntu getty[1613]: /dev/s3c_serial0: No such file or directory
May  9 12:13:17 ubuntu getty[1614]: /dev/s3c_serial0: No such file or directory
May  9 12:13:19 ubuntu gdm[1547]: pam_env(gdm:setcred): Unable to open env file: /etc/default/locale: No such file or directory
May  9 12:13:19 ubuntu gdm[1547]: pam_unix(gdm:session): session opened for user ubuntu by (uid=0)
May  9 12:13:19 ubuntu gdm[1547]: pam_ck_connector(gdm:session): nox11 mode, ignoring PAM_TTY :0
May  9 12:13:27 ubuntu getty[1658]: /dev/s3c_serial0: No such file or directory
May  9 12:13:38 ubuntu getty[1688]: /dev/s3c_serial0: No such file or directory
May  9 12:13:54 ubuntu getty[1689]: /dev/s3c_serial0: No such file or directory
May  9 12:14:04 ubuntu getty[1694]: /dev/s3c_serial0: No such file or directory
May  9 12:14:18 ubuntu getty[1695]: /dev/s3c_serial0: No such file or directory
May  9 12:14:28 ubuntu getty[1696]: /dev/s3c_serial0: No such file or directory
May  9 12:14:38 ubuntu getty[1697]: /dev/s3c_serial0: No such file or directory
May  9 12:14:48 ubuntu getty[1698]: /dev/s3c_serial0: No such file or directory
May  9 12:14:59 ubuntu getty[1699]: /dev/s3c_serial0: No such file or directory
May  9 12:15:09 ubuntu getty[1700]: /dev/s3c_serial0: No such file or directory
May  9 12:15:19 ubuntu getty[1729]: /dev/s3c_serial0: No such file or directory
May  9 12:15:29 ubuntu getty[1753]: /dev/s3c_serial0: No such file or directory
May  9 12:15:39 ubuntu getty[1756]: /dev/s3c_serial0: No such file or directory
May  9 12:15:50 ubuntu getty[1757]: /dev/s3c_serial0: No such file or directory
May  9 12:16:00 ubuntu getty[1760]: /dev/s3c_serial0: No such file or directory
May  9 12:16:11 ubuntu getty[1763]: /dev/s3c_serial0: No such file or directory
May  9 12:16:21 ubuntu getty[1766]: /dev/s3c_serial0: No such file or directory
May  9 12:16:31 ubuntu getty[1769]: /dev/s3c_serial0: No such file or directory
May  9 12:16:41 ubuntu getty[1770]: /dev/s3c_serial0: No such file or directory
May  9 12:16:58 ubuntu getty[1771]: /dev/s3c_serial0: No such file or directory
May  9 12:17:08 ubuntu getty[1773]: /dev/s3c_serial0: No such file or directory
May  9 12:17:19 ubuntu getty[1774]: /dev/s3c_serial0: No such file or directory
May  9 12:17:29 ubuntu getty[1775]: /dev/s3c_serial0: No such file or directory
May  9 12:17:39 ubuntu getty[1776]: /dev/s3c_serial0: No such file or directory
May  9 12:17:49 ubuntu getty[1777]: /dev/s3c_serial0: No such file or directory
May  9 12:17:59 ubuntu getty[1778]: /dev/s3c_serial0: No such file or directory
May  9 12:18:09 ubuntu getty[1779]: /dev/s3c_serial0: No such file or directory
May  9 12:18:20 ubuntu getty[1780]: /dev/s3c_serial0: No such file or directory
May  9 12:18:30 ubuntu getty[1781]: /dev/s3c_serial0: No such file or directory
May  9 12:18:40 ubuntu getty[1782]: /dev/s3c_serial0: No such file or directory
May  9 12:18:50 ubuntu getty[1783]: /dev/s3c_serial0: No such file or directory
May  9 12:19:05 ubuntu getty[1784]: /dev/s3c_serial0: No such file or directory
May  9 12:19:15 ubuntu getty[1785]: /dev/s3c_serial0: No such file or directory
May  9 12:19:25 ubuntu getty[1786]: /dev/s3c_serial0: No such file or directory
May  9 12:23:52 ubuntu getty[1318]: /dev/s3c_serial0: No such file or directory
May  9 12:24:03 ubuntu getty[1403]: /dev/s3c_serial0: No such file or directory
May  9 12:24:13 ubuntu getty[1507]: /dev/s3c_serial0: No such file or directory
May  9 12:24:23 ubuntu getty[1536]: /dev/s3c_serial0: No such file or directory
May  9 12:24:33 ubuntu getty[1574]: /dev/s3c_serial0: No such file or directory
May  9 12:24:45 ubuntu getty[1579]: /dev/s3c_serial0: No such file or directory
May  9 12:24:55 ubuntu getty[1602]: /dev/s3c_serial0: No such file or directory
May  9 12:25:01 ubuntu gdm[1538]: pam_env(gdm:setcred): Unable to open env file: /etc/default/locale: No such file or directory
May  9 12:25:01 ubuntu gdm[1538]: pam_unix(gdm:session): session opened for user ubuntu by (uid=0)
May  9 12:25:01 ubuntu gdm[1538]: pam_ck_connector(gdm:session): nox11 mode, ignoring PAM_TTY :0
May  9 12:25:05 ubuntu getty[1617]: /dev/s3c_serial0: No such file or directory
May  9 12:25:15 ubuntu getty[1654]: /dev/s3c_serial0: No such file or directory
May  9 12:25:25 ubuntu getty[1673]: /dev/s3c_serial0: No such file or directory
May  9 12:25:39 ubuntu getty[1677]: /dev/s3c_serial0: No such file or directory
May  9 12:25:49 ubuntu getty[1679]: /dev/s3c_serial0: No such file or directory
May  9 12:26:00 ubuntu getty[1680]: /dev/s3c_serial0: No such file or directory
May  9 12:26:10 ubuntu getty[1681]: /dev/s3c_serial0: No such file or directory
May  9 12:26:20 ubuntu getty[1682]: /dev/s3c_serial0: No such file or directory
May  9 12:26:30 ubuntu getty[1683]: /dev/s3c_serial0: No such file or directory
May  9 12:26:40 ubuntu getty[1684]: /dev/s3c_serial0: No such file or directory
May  9 12:26:50 ubuntu getty[1694]: /dev/s3c_serial0: No such file or directory
May  9 12:27:06 ubuntu getty[1697]: /dev/s3c_serial0: No such file or directory
May  9 12:27:17 ubuntu su[1698]: Successful su for root by ubuntu
May  9 12:27:17 ubuntu su[1698]: + pts/0 ubuntu:root
May  9 12:27:18 ubuntu su[1698]: pam_env(su:session): Unable to open env file: /etc/default/locale: No such file or directory
May  9 12:27:18 ubuntu su[1698]: pam_unix(su:session): session opened for user root by ubuntu(uid=1000)
May  9 12:27:20 ubuntu getty[1701]: /dev/s3c_serial0: No such file or directory
May  9 12:27:31 ubuntu getty[1722]: /dev/s3c_serial0: No such file or directory
May  9 12:27:41 ubuntu getty[1723]: /dev/s3c_serial0: No such file or directory
May  9 12:27:44 ubuntu sudo:     root : TTY=pts/0 ; PWD=/home/ubuntu ; USER=root ; COMMAND=/usr/bin/apt-get remove evilvte
May  9 12:28:03 ubuntu getty[1725]: /dev/s3c_serial0: No such file or directory
May  9 12:28:13 ubuntu getty[1726]: /dev/s3c_serial0: No such file or directory
May  9 12:28:23 ubuntu getty[1729]: /dev/s3c_serial0: No such file or directory
May  9 12:28:33 ubuntu getty[1732]: /dev/s3c_serial0: No such file or directory
May  9 12:28:44 ubuntu getty[1737]: /dev/s3c_serial0: No such file or directory
May  9 12:28:54 ubuntu getty[1738]: /dev/s3c_serial0: No such file or directory
May  9 12:29:07 ubuntu getty[1739]: /dev/s3c_serial0: No such file or directory
May  9 12:29:21 ubuntu getty[1740]: /dev/s3c_serial0: No such file or directory
May  9 12:29:31 ubuntu getty[1741]: /dev/s3c_serial0: No such file or directory
May  9 12:29:41 ubuntu getty[1742]: /dev/s3c_serial0: No such file or directory
May  9 12:29:51 ubuntu getty[1743]: /dev/s3c_serial0: No such file or directory
May  9 12:30:01 ubuntu getty[1744]: /dev/s3c_serial0: No such file or directory
May  9 12:30:11 ubuntu getty[1745]: /dev/s3c_serial0: No such file or directory
May  9 12:30:23 ubuntu getty[1750]: /dev/s3c_serial0: No such file or directory
May  9 12:30:33 ubuntu getty[1752]: /dev/s3c_serial0: No such file or directory
May  9 12:30:43 ubuntu getty[1753]: /dev/s3c_serial0: No such file or directory
May  9 12:30:53 ubuntu getty[1754]: /dev/s3c_serial0: No such file or directory
May  9 12:31:03 ubuntu getty[1755]: /dev/s3c_serial0: No such file or directory
May  9 12:31:13 ubuntu getty[1756]: /dev/s3c_serial0: No such file or directory
May  9 12:31:24 ubuntu getty[1757]: /dev/s3c_serial0: No such file or directory
May  9 12:31:34 ubuntu getty[1758]: /dev/s3c_serial0: No such file or directory
May  9 12:31:44 ubuntu getty[1759]: /dev/s3c_serial0: No such file or directory
May  9 12:31:54 ubuntu getty[1760]: /dev/s3c_serial0: No such file or directory
May  9 12:32:04 ubuntu getty[1761]: /dev/s3c_serial0: No such file or directory
May  9 12:32:14 ubuntu getty[1762]: /dev/s3c_serial0: No such file or directory
May  9 12:32:25 ubuntu getty[1763]: /dev/s3c_serial0: No such file or directory
May  9 12:32:29 ubuntu sudo:   ubuntu : TTY=unknown ; PWD=/home/ubuntu ; USER=root ; COMMAND=/usr/sbin/gdmsetup
May  9 12:32:39 ubuntu getty[1764]: /dev/s3c_serial0: No such file or directory
May  9 12:32:49 ubuntu getty[1765]: /dev/s3c_serial0: No such file or directory
May  9 12:33:29 ubuntu getty[1766]: /dev/s3c_serial0: No such file or directory
May  9 12:33:45 ubuntu getty[1767]: /dev/s3c_serial0: No such file or directory
May  9 12:33:55 ubuntu getty[1768]: /dev/s3c_serial0: No such file or directory
May  9 12:34:05 ubuntu getty[1769]: /dev/s3c_serial0: No such file or directory
May  9 12:34:15 ubuntu getty[1770]: /dev/s3c_serial0: No such file or directory
May  9 12:34:26 ubuntu getty[1771]: /dev/s3c_serial0: No such file or directory
May  9 12:34:36 ubuntu getty[1772]: /dev/s3c_serial0: No such file or directory
May  9 12:34:47 ubuntu getty[1773]: /dev/s3c_serial0: No such file or directory
May  9 12:34:59 ubuntu getty[1774]: /dev/s3c_serial0: No such file or directory
May  9 12:35:09 ubuntu getty[1775]: /dev/s3c_serial0: No such file or directory
May  9 12:35:23 ubuntu getty[1777]: /dev/s3c_serial0: No such file or directory
May  9 12:35:33 ubuntu getty[1778]: /dev/s3c_serial0: No such file or directory
May  9 12:35:45 ubuntu getty[1779]: /dev/s3c_serial0: No such file or directory
May  9 12:35:55 ubuntu getty[1780]: /dev/s3c_serial0: No such file or directory
May  9 12:36:07 ubuntu getty[1781]: /dev/s3c_serial0: No such file or directory
May  9 12:36:17 ubuntu getty[1782]: /dev/s3c_serial0: No such file or directory
May  9 12:36:27 ubuntu getty[1783]: /dev/s3c_serial0: No such file or directory
May  9 12:36:38 ubuntu getty[1784]: /dev/s3c_serial0: No such file or directory
May  9 12:36:48 ubuntu getty[1788]: /dev/s3c_serial0: No such file or directory
May  9 12:36:58 ubuntu getty[1790]: /dev/s3c_serial0: No such file or directory
May  9 12:37:08 ubuntu getty[1791]: /dev/s3c_serial0: No such file or directory
May  9 12:37:18 ubuntu getty[1793]: /dev/s3c_serial0: No such file or directory
May  9 12:37:28 ubuntu getty[1794]: /dev/s3c_serial0: No such file or directory
May  9 12:37:39 ubuntu getty[1796]: /dev/s3c_serial0: No such file or directory
May  9 12:37:49 ubuntu getty[1798]: /dev/s3c_serial0: No such file or directory
May  9 12:37:59 ubuntu getty[1800]: /dev/s3c_serial0: No such file or directory
May  9 12:38:09 ubuntu getty[1802]: /dev/s3c_serial0: No such file or directory
May  9 12:38:19 ubuntu getty[1805]: /dev/s3c_serial0: No such file or directory
May  9 12:38:28 ubuntu sudo:     root : TTY=pts/0 ; PWD=/etc/event.d ; USER=root ; COMMAND=/usr/bin/apt-get clean
May  9 12:38:29 ubuntu getty[1807]: /dev/s3c_serial0: No such file or directory
May  9 12:38:39 ubuntu sudo:     root : TTY=pts/0 ; PWD=/etc/event.d ; USER=root ; COMMAND=/usr/bin/apt-get autoremove
May  9 12:38:40 ubuntu getty[1809]: /dev/s3c_serial0: No such file or directory
May  9 12:38:53 ubuntu getty[1810]: /dev/s3c_serial0: No such file or directory
May  9 12:39:02 ubuntu sudo:     root : TTY=pts/0 ; PWD=/etc/event.d ; USER=root ; COMMAND=/usr/bin/apt-get distclean
May  9 12:39:03 ubuntu getty[1812]: /dev/s3c_serial0: No such file or directory
May  9 12:39:13 ubuntu getty[1813]: /dev/s3c_serial0: No such file or directory
May  9 12:39:23 ubuntu getty[1816]: /dev/s3c_serial0: No such file or directory
May  9 12:39:34 ubuntu getty[1818]: /dev/s3c_serial0: No such file or directory
May  9 12:39:44 ubuntu getty[1820]: /dev/s3c_serial0: No such file or directory
May  9 12:39:55 ubuntu getty[1821]: /dev/s3c_serial0: No such file or directory
May  9 12:40:05 ubuntu getty[1822]: /dev/s3c_serial0: No such file or directory
May  9 12:40:23 ubuntu sudo:     root : TTY=pts/0 ; PWD=/root ; USER=root ; COMMAND=/usr/bin/apt-get remove xserver-xorg-input-all
May  9 12:40:24 ubuntu getty[1824]: /dev/s3c_serial0: No such file or directory
May  9 12:40:34 ubuntu getty[1825]: /dev/s3c_serial0: No such file or directory
May  9 12:40:44 ubuntu getty[1826]: /dev/s3c_serial0: No such file or directory
May  9 12:40:54 ubuntu getty[1827]: /dev/s3c_serial0: No such file or directory
May  9 12:41:05 ubuntu getty[1831]: /dev/s3c_serial0: No such file or directory
May  9 12:41:15 ubuntu getty[1833]: /dev/s3c_serial0: No such file or directory
May  9 12:41:25 ubuntu getty[1834]: /dev/s3c_serial0: No such file or directory
May  9 12:41:42 ubuntu sudo:     root : TTY=pts/0 ; PWD=/root ; USER=root ; COMMAND=/usr/bin/apt-get remove xserver-xorg-input-synaptics
May  9 12:41:42 ubuntu getty[1836]: /dev/s3c_serial0: No such file or directory
May  9 12:41:53 ubuntu getty[1840]: /dev/s3c_serial0: No such file or directory
May  9 12:42:03 ubuntu getty[1873]: /dev/s3c_serial0: No such file or directory
May  9 12:42:13 ubuntu getty[1906]: /dev/s3c_serial0: No such file or directory
May  9 12:42:23 ubuntu getty[1919]: /dev/s3c_serial0: No such file or directory
May  9 12:42:33 ubuntu getty[1920]: /dev/s3c_serial0: No such file or directory
May  9 12:42:43 ubuntu getty[1921]: /dev/s3c_serial0: No such file or directory
May  9 12:42:53 ubuntu getty[1922]: /dev/s3c_serial0: No such file or directory
May  9 12:43:04 ubuntu getty[1923]: /dev/s3c_serial0: No such file or directory
May  9 12:43:14 ubuntu getty[1924]: /dev/s3c_serial0: No such file or directory
May  9 12:43:24 ubuntu getty[1925]: /dev/s3c_serial0: No such file or directory
May  9 12:43:29 ubuntu sudo:     root : TTY=pts/0 ; PWD=/root ; USER=root ; COMMAND=/usr/bin/apt-get install xserver-xorg-input-tslib
May  9 12:43:49 ubuntu getty[1928]: /dev/s3c_serial0: No such file or directory
May  9 12:43:59 ubuntu getty[1933]: /dev/s3c_serial0: No such file or directory
May  9 12:44:09 ubuntu getty[1941]: /dev/s3c_serial0: No such file or directory
May  9 12:44:19 ubuntu getty[1953]: /dev/s3c_serial0: No such file or directory
May  9 12:44:30 ubuntu getty[1954]: /dev/s3c_serial0: No such file or directory
May  9 12:44:40 ubuntu getty[1955]: /dev/s3c_serial0: No such file or directory
May  9 12:44:50 ubuntu getty[1956]: /dev/s3c_serial0: No such file or directory
May  9 12:45:00 ubuntu getty[1957]: /dev/s3c_serial0: No such file or directory
May  9 12:45:04 ubuntu sudo:     root : TTY=pts/0 ; PWD=/root ; USER=root ; COMMAND=/usr/bin/apt-get install libts-bin
May  9 12:45:16 ubuntu getty[1960]: /dev/s3c_serial0: No such file or directory
May  9 12:45:27 ubuntu getty[1965]: /dev/s3c_serial0: No such file or directory
May  9 12:45:38 ubuntu getty[1981]: /dev/s3c_serial0: No such file or directory
May  9 12:45:48 ubuntu getty[1985]: /dev/s3c_serial0: No such file or directory
May  9 12:45:58 ubuntu getty[1986]: /dev/s3c_serial0: No such file or directory
May  9 12:46:08 ubuntu getty[1987]: /dev/s3c_serial0: No such file or directory
May  9 12:46:18 ubuntu getty[1988]: /dev/s3c_serial0: No such file or directory
May  9 12:46:29 ubuntu getty[1989]: /dev/s3c_serial0: No such file or directory
May  9 12:46:39 ubuntu getty[1990]: /dev/s3c_serial0: No such file or directory
May  9 12:46:49 ubuntu sudo:     root : TTY=pts/0 ; PWD=/root ; USER=root ; COMMAND=/usr/bin/apt-get install libts.0.0-0
May  9 12:47:03 ubuntu getty[1992]: /dev/s3c_serial0: No such file or directory
May  9 12:47:09 ubuntu sudo:     root : TTY=pts/0 ; PWD=/root ; USER=root ; COMMAND=/usr/bin/apt-get install libts
May  9 12:47:30 ubuntu getty[1994]: /dev/s3c_serial0: No such file or directory
May  9 12:47:40 ubuntu getty[1995]: /dev/s3c_serial0: No such file or directory
May  9 12:47:50 ubuntu getty[1996]: /dev/s3c_serial0: No such file or directory
May  9 12:48:00 ubuntu getty[1997]: /dev/s3c_serial0: No such file or directory
May  9 12:48:10 ubuntu getty[1998]: /dev/s3c_serial0: No such file or directory
May  9 12:48:20 ubuntu getty[1999]: /dev/s3c_serial0: No such file or directory
May  9 12:48:31 ubuntu getty[2000]: /dev/s3c_serial0: No such file or directory
May  9 12:48:41 ubuntu getty[2001]: /dev/s3c_serial0: No such file or directory
May  9 12:48:53 ubuntu getty[2004]: /dev/s3c_serial0: No such file or directory
May  9 12:49:03 ubuntu getty[2010]: /dev/s3c_serial0: No such file or directory
May  9 12:49:14 ubuntu getty[2039]: /dev/s3c_serial0: No such file or directory
May  9 12:49:24 ubuntu getty[2080]: /dev/s3c_serial0: No such file or directory
May  9 12:49:34 ubuntu getty[2081]: /dev/s3c_serial0: No such file or directory
May  9 12:49:44 ubuntu getty[2082]: /dev/s3c_serial0: No such file or directory
May  9 12:49:54 ubuntu getty[2083]: /dev/s3c_serial0: No such file or directory
May  9 12:50:07 ubuntu getty[2086]: /dev/s3c_serial0: No such file or directory
May  9 12:50:17 ubuntu getty[2093]: /dev/s3c_serial0: No such file or directory
May  9 12:50:27 ubuntu getty[2101]: /dev/s3c_serial0: No such file or directory
May  9 12:50:37 ubuntu getty[2106]: /dev/s3c_serial0: No such file or directory
May  9 12:50:47 ubuntu getty[2107]: /dev/s3c_serial0: No such file or directory
May  9 12:50:58 ubuntu getty[2108]: /dev/s3c_serial0: No such file or directory
May  9 12:51:08 ubuntu getty[2109]: /dev/s3c_serial0: No such file or directory
May  9 12:51:18 ubuntu getty[2110]: /dev/s3c_serial0: No such file or directory
May  9 12:51:28 ubuntu getty[2111]: /dev/s3c_serial0: No such file or directory
May  9 12:51:38 ubuntu getty[2112]: /dev/s3c_serial0: No such file or directory
May  9 12:51:49 ubuntu getty[2113]: /dev/s3c_serial0: No such file or directory
May  9 12:51:59 ubuntu getty[2114]: /dev/s3c_serial0: No such file or directory
May  9 12:52:09 ubuntu getty[2115]: /dev/s3c_serial0: No such file or directory
May  9 12:52:19 ubuntu getty[2116]: /dev/s3c_serial0: No such file or directory
May  9 12:52:29 ubuntu getty[2117]: /dev/s3c_serial0: No such file or directory
May  9 12:52:40 ubuntu getty[2118]: /dev/s3c_serial0: No such file or directory
May  9 12:52:50 ubuntu getty[2119]: /dev/s3c_serial0: No such file or directory
May  9 12:53:00 ubuntu getty[2120]: /dev/s3c_serial0: No such file or directory
May  9 12:53:10 ubuntu getty[2121]: /dev/s3c_serial0: No such file or directory
May  9 12:53:20 ubuntu getty[2122]: /dev/s3c_serial0: No such file or directory
May  9 12:53:31 ubuntu getty[2123]: /dev/s3c_serial0: No such file or directory
May  9 12:53:41 ubuntu getty[2124]: /dev/s3c_serial0: No such file or directory
May  9 12:53:52 ubuntu getty[2125]: /dev/s3c_serial0: No such file or directory
May  9 12:54:07 ubuntu getty[2128]: /dev/s3c_serial0: No such file or directory
May  9 12:54:17 ubuntu getty[2129]: /dev/s3c_serial0: No such file or directory
May  9 12:54:27 ubuntu getty[2130]: /dev/s3c_serial0: No such file or directory
May  9 12:54:38 ubuntu getty[2131]: /dev/s3c_serial0: No such file or directory
May  9 12:54:48 ubuntu getty[2132]: /dev/s3c_serial0: No such file or directory
May  9 12:54:59 ubuntu getty[2133]: /dev/s3c_serial0: No such file or directory
May  9 12:55:11 ubuntu getty[2134]: /dev/s3c_serial0: No such file or directory
May  9 12:55:22 ubuntu getty[2135]: /dev/s3c_serial0: No such file or directory
May  9 12:55:32 ubuntu getty[2136]: /dev/s3c_serial0: No such file or directory
May  9 12:55:43 ubuntu getty[2137]: /dev/s3c_serial0: No such file or directory
May  9 12:55:54 ubuntu getty[2138]: /dev/s3c_serial0: No such file or directory
May  9 12:56:04 ubuntu getty[2139]: /dev/s3c_serial0: No such file or directory
May  9 12:56:15 ubuntu getty[2140]: /dev/s3c_serial0: No such file or directory
May  9 12:56:25 ubuntu getty[2141]: /dev/s3c_serial0: No such file or directory
May  9 12:56:35 ubuntu getty[2142]: /dev/s3c_serial0: No such file or directory
May  9 12:56:45 ubuntu getty[2143]: /dev/s3c_serial0: No such file or directory
May  9 12:56:56 ubuntu getty[2144]: /dev/s3c_serial0: No such file or directory
May  9 12:57:06 ubuntu getty[2146]: /dev/s3c_serial0: No such file or directory
May  9 12:57:17 ubuntu getty[2147]: /dev/s3c_serial0: No such file or directory
May  9 12:57:27 ubuntu getty[2148]: /dev/s3c_serial0: No such file or directory
May  9 12:57:37 ubuntu getty[2150]: /dev/s3c_serial0: No such file or directory
May  9 12:57:47 ubuntu getty[2151]: /dev/s3c_serial0: No such file or directory
May  9 12:57:57 ubuntu getty[2153]: /dev/s3c_serial0: No such file or directory
May  9 12:58:07 ubuntu getty[2154]: /dev/s3c_serial0: No such file or directory
May  9 12:58:18 ubuntu getty[2155]: /dev/s3c_serial0: No such file or directory
May  9 12:58:28 ubuntu getty[2156]: /dev/s3c_serial0: No such file or directory
May  9 12:58:39 ubuntu getty[2157]: /dev/s3c_serial0: No such file or directory
May  9 12:58:50 ubuntu getty[2158]: /dev/s3c_serial0: No such file or directory
May  9 12:59:00 ubuntu getty[2159]: /dev/s3c_serial0: No such file or directory
May  9 12:59:10 ubuntu getty[2160]: /dev/s3c_serial0: No such file or directory
May  9 12:59:24 ubuntu getty[2161]: /dev/s3c_serial0: No such file or directory
May  9 12:59:34 ubuntu getty[2162]: /dev/s3c_serial0: No such file or directory
May  9 12:59:45 ubuntu getty[2163]: /dev/s3c_serial0: No such file or directory
May  9 13:00:06 ubuntu getty[2164]: /dev/s3c_serial0: No such file or directory
May  9 13:00:17 ubuntu getty[2165]: /dev/s3c_serial0: No such file or directory
May  9 13:00:27 ubuntu getty[2166]: /dev/s3c_serial0: No such file or directory
May  9 13:00:38 ubuntu getty[2167]: /dev/s3c_serial0: No such file or directory
May  9 13:00:48 ubuntu getty[2168]: /dev/s3c_serial0: No such file or directory
May  9 13:01:00 ubuntu getty[2169]: /dev/s3c_serial0: No such file or directory
May  9 13:01:11 ubuntu getty[2170]: /dev/s3c_serial0: No such file or directory
May  9 13:01:25 ubuntu getty[2171]: /dev/s3c_serial0: No such file or directory
May  9 13:01:42 ubuntu getty[2172]: /dev/s3c_serial0: No such file or directory
May  9 13:01:53 ubuntu getty[2173]: /dev/s3c_serial0: No such file or directory
May  9 13:02:03 ubuntu getty[2177]: /dev/s3c_serial0: No such file or directory
May  9 13:02:13 ubuntu getty[2178]: /dev/s3c_serial0: No such file or directory
May  9 13:02:23 ubuntu getty[2179]: /dev/s3c_serial0: No such file or directory
May  9 13:02:34 ubuntu getty[2182]: /dev/s3c_serial0: No such file or directory
May  9 13:02:45 ubuntu getty[2183]: /dev/s3c_serial0: No such file or directory
May  9 13:02:55 ubuntu getty[2184]: /dev/s3c_serial0: No such file or directory
May  9 13:03:05 ubuntu getty[2185]: /dev/s3c_serial0: No such file or directory
May  9 13:03:17 ubuntu getty[2186]: /dev/s3c_serial0: No such file or directory
May  9 13:03:27 ubuntu getty[2187]: /dev/s3c_serial0: No such file or directory
May  9 13:03:45 ubuntu getty[2190]: /dev/s3c_serial0: No such file or directory
May  9 13:04:03 ubuntu getty[2191]: /dev/s3c_serial0: No such file or directory
May  9 13:06:30 ubuntu getty[2193]: /dev/s3c_serial0: No such file or directory
May  9 13:06:51 ubuntu getty[2194]: /dev/s3c_serial0: No such file or directory
May  9 13:07:08 ubuntu getty[2195]: /dev/s3c_serial0: No such file or directory
May  9 13:07:19 ubuntu getty[2196]: /dev/s3c_serial0: No such file or directory
May  9 13:07:29 ubuntu getty[2197]: /dev/s3c_serial0: No such file or directory
May  9 13:07:39 ubuntu getty[2198]: /dev/s3c_serial0: No such file or directory
May  9 13:07:49 ubuntu getty[2199]: /dev/s3c_serial0: No such file or directory
May  9 13:07:59 ubuntu getty[2200]: /dev/s3c_serial0: No such file or directory
May  9 13:08:10 ubuntu getty[2201]: /dev/s3c_serial0: No such file or directory
May  9 13:08:20 ubuntu getty[2202]: /dev/s3c_serial0: No such file or directory
May  9 13:08:30 ubuntu getty[2203]: /dev/s3c_serial0: No such file or directory
May  9 13:08:41 ubuntu getty[2204]: /dev/s3c_serial0: No such file or directory
May  9 13:08:51 ubuntu getty[2205]: /dev/s3c_serial0: No such file or directory
May  9 13:09:01 ubuntu getty[2206]: /dev/s3c_serial0: No such file or directory
May  9 13:09:12 ubuntu getty[2207]: /dev/s3c_serial0: No such file or directory
May  9 13:09:24 ubuntu getty[2208]: /dev/s3c_serial0: No such file or directory
May  9 13:09:38 ubuntu getty[2209]: /dev/s3c_serial0: No such file or directory
May  9 13:09:48 ubuntu getty[2210]: /dev/s3c_serial0: No such file or directory
May  9 13:09:58 ubuntu getty[2211]: /dev/s3c_serial0: No such file or directory
May  9 13:10:09 ubuntu getty[2212]: /dev/s3c_serial0: No such file or directory
May  9 13:10:19 ubuntu getty[2213]: /dev/s3c_serial0: No such file or directory
May  9 13:10:30 ubuntu getty[2214]: /dev/s3c_serial0: No such file or directory
May  9 13:10:41 ubuntu getty[2215]: /dev/s3c_serial0: No such file or directory
May  9 13:10:51 ubuntu getty[2216]: /dev/s3c_serial0: No such file or directory
May  9 13:11:02 ubuntu getty[2217]: /dev/s3c_serial0: No such file or directory
May  9 13:11:12 ubuntu getty[2218]: /dev/s3c_serial0: No such file or directory
May  9 13:11:23 ubuntu getty[2219]: /dev/s3c_serial0: No such file or directory
May  9 13:11:34 ubuntu getty[2220]: /dev/s3c_serial0: No such file or directory
May  9 13:12:03 ubuntu getty[2221]: /dev/s3c_serial0: No such file or directory
May  9 13:12:13 ubuntu getty[2222]: /dev/s3c_serial0: No such file or directory
May  9 13:12:27 ubuntu getty[2223]: /dev/s3c_serial0: No such file or directory
May  9 13:12:38 ubuntu getty[2224]: /dev/s3c_serial0: No such file or directory
May  9 13:12:48 ubuntu getty[2225]: /dev/s3c_serial0: No such file or directory
May  9 13:13:04 ubuntu getty[2228]: /dev/s3c_serial0: No such file or directory
May  9 13:13:14 ubuntu getty[2229]: /dev/s3c_serial0: No such file or directory
May  9 13:13:25 ubuntu getty[2230]: /dev/s3c_serial0: No such file or directory
May  9 13:13:35 ubuntu getty[2231]: /dev/s3c_serial0: No such file or directory
May  9 13:13:55 ubuntu getty[2232]: /dev/s3c_serial0: No such file or directory
May  9 13:14:05 ubuntu getty[2233]: /dev/s3c_serial0: No such file or directory
May  9 13:14:16 ubuntu getty[2234]: /dev/s3c_serial0: No such file or directory
May  9 13:14:28 ubuntu getty[2235]: /dev/s3c_serial0: No such file or directory
May  9 13:14:41 ubuntu getty[2236]: /dev/s3c_serial0: No such file or directory
May  9 13:14:51 ubuntu getty[2237]: /dev/s3c_serial0: No such file or directory
May  9 13:15:01 ubuntu getty[2238]: /dev/s3c_serial0: No such file or directory
May  9 13:15:11 ubuntu getty[2239]: /dev/s3c_serial0: No such file or directory
May  9 13:15:22 ubuntu getty[2240]: /dev/s3c_serial0: No such file or directory
May  9 13:15:33 ubuntu getty[2241]: /dev/s3c_serial0: No such file or directory
May  9 13:16:38 ubuntu getty[2243]: /dev/s3c_serial0: No such file or directory
May  9 13:16:48 ubuntu getty[2244]: /dev/s3c_serial0: No such file or directory
May  9 13:16:58 ubuntu getty[2245]: /dev/s3c_serial0: No such file or directory
May  9 13:17:08 ubuntu getty[2246]: /dev/s3c_serial0: No such file or directory
May  9 13:17:21 ubuntu sudo:     root : TTY=pts/0 ; PWD=/root ; USER=root ; COMMAND=/usr/bin/apt-get remove cups
May  9 13:17:21 ubuntu getty[2248]: /dev/s3c_serial0: No such file or directory
May  9 13:17:32 ubuntu getty[2249]: /dev/s3c_serial0: No such file or directory
May  9 13:17:42 ubuntu getty[2251]: /dev/s3c_serial0: No such file or directory
May  9 13:17:52 ubuntu getty[2252]: /dev/s3c_serial0: No such file or directory
May  9 13:18:02 ubuntu getty[2253]: /dev/s3c_serial0: No such file or directory
May  9 13:18:12 ubuntu getty[2254]: /dev/s3c_serial0: No such file or directory
May  9 13:18:22 ubuntu getty[2255]: /dev/s3c_serial0: No such file or directory
May  9 13:18:33 ubuntu getty[2256]: /dev/s3c_serial0: No such file or directory
May  9 13:18:43 ubuntu getty[2257]: /dev/s3c_serial0: No such file or directory
May  9 13:19:04 ubuntu getty[2260]: /dev/s3c_serial0: No such file or directory
May  9 13:19:14 ubuntu getty[2262]: /dev/s3c_serial0: No such file or directory
May  9 13:19:59 ubuntu getty[2266]: /dev/s3c_serial0: No such file or directory
May  9 13:20:09 ubuntu getty[2306]: /dev/s3c_serial0: No such file or directory
May  9 13:20:19 ubuntu getty[2346]: /dev/s3c_serial0: No such file or directory
May  9 13:20:30 ubuntu getty[2347]: /dev/s3c_serial0: No such file or directory
May  9 13:20:40 ubuntu getty[2381]: /dev/s3c_serial0: No such file or directory
May  9 13:20:50 ubuntu getty[2433]: /dev/s3c_serial0: No such file or directory
May  9 13:21:00 ubuntu getty[2466]: /dev/s3c_serial0: No such file or directory
May  9 13:21:10 ubuntu getty[2506]: /dev/s3c_serial0: No such file or directory
May  9 13:21:20 ubuntu getty[2553]: /dev/s3c_serial0: No such file or directory
May  9 13:21:31 ubuntu getty[2596]: /dev/s3c_serial0: No such file or directory
May  9 13:21:41 ubuntu getty[2644]: /dev/s3c_serial0: No such file or directory
May  9 13:21:51 ubuntu getty[2691]: /dev/s3c_serial0: No such file or directory
May  9 13:22:01 ubuntu getty[2729]: /dev/s3c_serial0: No such file or directory
May  9 13:22:12 ubuntu getty[2771]: /dev/s3c_serial0: No such file or directory
May  9 13:22:22 ubuntu getty[2820]: /dev/s3c_serial0: No such file or directory
May  9 13:22:32 ubuntu getty[2849]: /dev/s3c_serial0: No such file or directory
May  9 13:22:42 ubuntu getty[2877]: /dev/s3c_serial0: No such file or directory
May  9 13:22:52 ubuntu getty[2912]: /dev/s3c_serial0: No such file or directory
May  9 13:23:02 ubuntu getty[2919]: /dev/s3c_serial0: No such file or directory
May  9 13:23:13 ubuntu getty[2924]: /dev/s3c_serial0: No such file or directory
May  9 13:23:23 ubuntu getty[2929]: /dev/s3c_serial0: No such file or directory
May  9 13:23:33 ubuntu getty[2938]: /dev/s3c_serial0: No such file or directory
May  9 13:23:44 ubuntu getty[2952]: /dev/s3c_serial0: No such file or directory
May  9 13:23:56 ubuntu getty[2961]: /dev/s3c_serial0: No such file or directory
May  9 13:24:07 ubuntu getty[2979]: /dev/s3c_serial0: No such file or directory
May  9 13:24:17 ubuntu getty[2989]: /dev/s3c_serial0: No such file or directory
May  9 13:24:28 ubuntu getty[3000]: /dev/s3c_serial0: No such file or directory
May  9 13:24:38 ubuntu getty[3020]: /dev/s3c_serial0: No such file or directory
May  9 13:24:49 ubuntu getty[3034]: /dev/s3c_serial0: No such file or directory
May  9 13:24:59 ubuntu getty[3048]: /dev/s3c_serial0: No such file or directory
May  9 13:25:09 ubuntu getty[3070]: /dev/s3c_serial0: No such file or directory
May  9 13:25:24 ubuntu getty[3086]: /dev/s3c_serial0: No such file or directory
May  9 13:25:37 ubuntu getty[3090]: /dev/s3c_serial0: No such file or directory
May  9 13:25:47 ubuntu getty[3132]: /dev/s3c_serial0: No such file or directory
May  9 13:25:57 ubuntu getty[3158]: /dev/s3c_serial0: No such file or directory
May  9 13:26:08 ubuntu getty[3174]: /dev/s3c_serial0: No such file or directory
May  9 13:26:18 ubuntu getty[3175]: /dev/s3c_serial0: No such file or directory
May  9 13:26:28 ubuntu getty[3176]: /dev/s3c_serial0: No such file or directory
May  9 13:26:38 ubuntu getty[3177]: /dev/s3c_serial0: No such file or directory
May  9 13:26:55 ubuntu su[1698]: pam_unix(su:session): session closed for user root
May  9 13:26:56 ubuntu gdm[1538]: pam_unix(gdm:session): session closed for user ubuntu
May  9 13:26:56 ubuntu gdm[1538]: pam_env(gdm:setcred): Unable to open env file: /etc/default/locale: No such file or directory
May  9 13:29:42 ubuntu getty[1352]: /dev/s3c_serial0: No such file or directory
May  9 13:29:57 ubuntu getty[1465]: /dev/s3c_serial0: No such file or directory
May  9 13:30:07 ubuntu getty[1491]: /dev/s3c_serial0: No such file or directory
May  9 13:30:17 ubuntu getty[1530]: /dev/s3c_serial0: No such file or directory
May  9 13:30:28 ubuntu getty[1545]: /dev/s3c_serial0: No such file or directory
May  9 13:30:30 ubuntu gdm[1522]: pam_env(gdm-autologin:setcred): Unable to open env file: /etc/default/locale: No such file or directory
May  9 13:30:30 ubuntu gdm[1522]: pam_unix(gdm-autologin:session): session opened for user ubuntu by (uid=0)
May  9 13:30:31 ubuntu gdm[1522]: pam_ck_connector(gdm-autologin:session): nox11 mode, ignoring PAM_TTY :0
May  9 13:30:38 ubuntu getty[1583]: /dev/s3c_serial0: No such file or directory
May  9 13:30:48 ubuntu getty[1610]: /dev/s3c_serial0: No such file or directory
May  9 13:30:58 ubuntu getty[1647]: /dev/s3c_serial0: No such file or directory
May  9 13:31:08 ubuntu getty[1657]: /dev/s3c_serial0: No such file or directory
May  9 13:31:21 ubuntu getty[1658]: /dev/s3c_serial0: No such file or directory
May  9 13:31:33 ubuntu getty[1659]: /dev/s3c_serial0: No such file or directory
May  9 13:31:43 ubuntu getty[1660]: /dev/s3c_serial0: No such file or directory
May  9 13:31:54 ubuntu getty[1661]: /dev/s3c_serial0: No such file or directory
May  9 13:32:04 ubuntu getty[1662]: /dev/s3c_serial0: No such file or directory
May  9 13:32:14 ubuntu getty[1663]: /dev/s3c_serial0: No such file or directory
May  9 13:32:24 ubuntu getty[1664]: /dev/s3c_serial0: No such file or directory
May  9 13:32:34 ubuntu getty[1665]: /dev/s3c_serial0: No such file or directory
May  9 13:32:45 ubuntu getty[1666]: /dev/s3c_serial0: No such file or directory
May  9 13:32:55 ubuntu getty[1667]: /dev/s3c_serial0: No such file or directory
May  9 13:33:05 ubuntu getty[1668]: /dev/s3c_serial0: No such file or directory
May  9 13:33:15 ubuntu getty[1669]: /dev/s3c_serial0: No such file or directory
May  9 13:33:26 ubuntu getty[1670]: /dev/s3c_serial0: No such file or directory
May  9 13:33:37 ubuntu getty[1676]: /dev/s3c_serial0: No such file or directory
May  9 13:33:46 ubuntu getty[1677]: /dev/s3c_serial0: No such file or directory
May  9 13:33:56 ubuntu getty[1685]: /dev/s3c_serial0: No such file or directory
May  9 13:34:09 ubuntu getty[1689]: /dev/s3c_serial0: No such file or directory
May  9 13:34:19 ubuntu getty[1692]: /dev/s3c_serial0: No such file or directory
May  9 13:34:29 ubuntu getty[1693]: /dev/s3c_serial0: No such file or directory
May  9 13:34:42 ubuntu getty[1694]: /dev/s3c_serial0: No such file or directory
May  9 13:34:55 ubuntu getty[1696]: /dev/s3c_serial0: No such file or directory
May  9 13:35:05 ubuntu getty[1698]: /dev/s3c_serial0: No such file or directory
May  9 13:35:15 ubuntu getty[1699]: /dev/s3c_serial0: No such file or directory
May  9 13:35:26 ubuntu getty[1700]: /dev/s3c_serial0: No such file or directory
May  9 13:35:36 ubuntu getty[1701]: /dev/s3c_serial0: No such file or directory
May  9 13:35:46 ubuntu getty[1702]: /dev/s3c_serial0: No such file or directory
May  9 13:35:59 ubuntu getty[1705]: /dev/s3c_serial0: No such file or directory
May  9 13:36:10 ubuntu getty[1706]: /dev/s3c_serial0: No such file or directory
May  9 13:36:20 ubuntu getty[1707]: /dev/s3c_serial0: No such file or directory
May  9 13:36:30 ubuntu getty[1708]: /dev/s3c_serial0: No such file or directory
May  9 13:36:40 ubuntu getty[1709]: /dev/s3c_serial0: No such file or directory
May  9 13:36:50 ubuntu getty[1710]: /dev/s3c_serial0: No such file or directory
May  9 13:37:00 ubuntu getty[1711]: /dev/s3c_serial0: No such file or directory
May  9 13:37:11 ubuntu getty[1712]: /dev/s3c_serial0: No such file or directory
May  9 13:37:21 ubuntu getty[1713]: /dev/s3c_serial0: No such file or directory
May  9 13:37:31 ubuntu getty[1714]: /dev/s3c_serial0: No such file or directory
May  9 13:37:41 ubuntu getty[1715]: /dev/s3c_serial0: No such file or directory
May  9 13:37:51 ubuntu getty[1716]: /dev/s3c_serial0: No such file or directory
May  9 13:38:01 ubuntu getty[1717]: /dev/s3c_serial0: No such file or directory
May  9 13:38:12 ubuntu getty[1718]: /dev/s3c_serial0: No such file or directory
May  9 13:38:22 ubuntu getty[1719]: /dev/s3c_serial0: No such file or directory
May  9 13:38:32 ubuntu getty[1720]: /dev/s3c_serial0: No such file or directory
May  9 13:38:42 ubuntu getty[1721]: /dev/s3c_serial0: No such file or directory
May  9 13:38:52 ubuntu getty[1722]: /dev/s3c_serial0: No such file or directory
May  9 13:39:02 ubuntu getty[1723]: /dev/s3c_serial0: No such file or directory
May  9 13:39:14 ubuntu getty[1724]: /dev/s3c_serial0: No such file or directory
May  9 13:39:24 ubuntu getty[1727]: /dev/s3c_serial0: No such file or directory
May  9 13:39:27 ubuntu sudo:   ubuntu : TTY=pts/0 ; PWD=/home/ubuntu ; USER=root ; COMMAND=/sbin/reboot
May  9 13:39:31 ubuntu gdm[1522]: pam_unix(gdm-autologin:session): session closed for user ubuntu
May  9 13:39:31 ubuntu gdm[1522]: pam_env(gdm-autologin:setcred): Unable to open env file: /etc/default/locale: No such file or directory
May  9 13:42:26 ubuntu getty[1358]: /dev/s3c_serial0: No such file or directory
May  9 13:42:35 ubuntu getty[1467]: /dev/s3c_serial0: No such file or directory
May  9 13:42:45 ubuntu getty[1504]: /dev/s3c_serial0: No such file or directory
May  9 13:42:55 ubuntu getty[1536]: /dev/s3c_serial0: No such file or directory
May  9 13:43:01 ubuntu gdm[1519]: pam_env(gdm-autologin:setcred): Unable to open env file: /etc/default/locale: No such file or directory
May  9 13:43:01 ubuntu gdm[1519]: pam_unix(gdm-autologin:session): session opened for user ubuntu by (uid=0)
May  9 13:43:01 ubuntu gdm[1519]: pam_ck_connector(gdm-autologin:session): nox11 mode, ignoring PAM_TTY :0
May  9 13:43:06 ubuntu getty[1595]: /dev/s3c_serial0: No such file or directory
May  9 13:43:16 ubuntu getty[1641]: /dev/s3c_serial0: No such file or directory
May  9 13:43:26 ubuntu getty[1652]: /dev/s3c_serial0: No such file or directory
May  9 13:43:36 ubuntu getty[1653]: /dev/s3c_serial0: No such file or directory
May  9 13:43:50 ubuntu getty[1654]: /dev/s3c_serial0: No such file or directory
May  9 13:44:00 ubuntu getty[1655]: /dev/s3c_serial0: No such file or directory
May  9 13:44:10 ubuntu getty[1656]: /dev/s3c_serial0: No such file or directory
May  9 13:44:20 ubuntu getty[1657]: /dev/s3c_serial0: No such file or directory
May  9 13:44:30 ubuntu getty[1658]: /dev/s3c_serial0: No such file or directory
May  9 13:44:40 ubuntu getty[1659]: /dev/s3c_serial0: No such file or directory
May  9 13:44:50 ubuntu getty[1660]: /dev/s3c_serial0: No such file or directory
May  9 13:45:00 ubuntu getty[1673]: /dev/s3c_serial0: No such file or directory
May  9 13:45:11 ubuntu getty[1674]: /dev/s3c_serial0: No such file or directory
May  9 13:45:21 ubuntu getty[1675]: /dev/s3c_serial0: No such file or directory
May  9 13:45:31 ubuntu getty[1677]: /dev/s3c_serial0: No such file or directory
May  9 13:45:41 ubuntu getty[1678]: /dev/s3c_serial0: No such file or directory
May  9 13:45:51 ubuntu getty[1679]: /dev/s3c_serial0: No such file or directory
May  9 13:46:01 ubuntu getty[1680]: /dev/s3c_serial0: No such file or directory
May  9 13:46:10 ubuntu sudo:   ubuntu : TTY=pts/0 ; PWD=/home/ubuntu ; USER=root ; COMMAND=/usr/bin/apt-get install xsetting
May  9 13:46:13 ubuntu getty[1682]: /dev/s3c_serial0: No such file or directory
May  9 13:46:25 ubuntu getty[1683]: /dev/s3c_serial0: No such file or directory
May  9 13:46:35 ubuntu getty[1684]: /dev/s3c_serial0: No such file or directory
May  9 13:46:45 ubuntu getty[1685]: /dev/s3c_serial0: No such file or directory
May  9 13:46:57 ubuntu getty[1688]: /dev/s3c_serial0: No such file or directory
May  9 13:47:07 ubuntu getty[1693]: /dev/s3c_serial0: No such file or directory
May  9 13:47:17 ubuntu getty[1694]: /dev/s3c_serial0: No such file or directory
May  9 13:47:36 ubuntu getty[1695]: /dev/s3c_serial0: No such file or directory
May  9 13:47:45 ubuntu sudo:   ubuntu : TTY=pts/0 ; PWD=/home/ubuntu ; USER=root ; COMMAND=/sbin/reboot
May  9 13:47:51 ubuntu gdm[1519]: pam_unix(gdm-autologin:session): session closed for user ubuntu
May  9 13:47:51 ubuntu gdm[1519]: pam_env(gdm-autologin:setcred): Unable to open env file: /etc/default/locale: No such file or directory
May  9 13:50:31 ubuntu getty[1349]: /dev/s3c_serial0: No such file or directory
May  9 13:50:41 ubuntu getty[1389]: /dev/s3c_serial0: No such file or directory
May  9 13:50:51 ubuntu getty[1505]: /dev/s3c_serial0: No such file or directory
May  9 13:51:01 ubuntu getty[1531]: /dev/s3c_serial0: No such file or directory
May  9 13:51:11 ubuntu getty[1566]: /dev/s3c_serial0: No such file or directory
May  9 13:51:22 ubuntu getty[1602]: /dev/s3c_serial0: No such file or directory
May  9 13:51:33 ubuntu getty[1612]: /dev/s3c_serial0: No such file or directory
May  9 13:51:44 ubuntu getty[1613]: /dev/s3c_serial0: No such file or directory
May  9 13:51:54 ubuntu getty[1616]: /dev/s3c_serial0: No such file or directory
May  9 13:52:04 ubuntu getty[1617]: /dev/s3c_serial0: No such file or directory
May  9 13:52:14 ubuntu getty[1618]: /dev/s3c_serial0: No such file or directory
May  9 13:52:24 ubuntu getty[1619]: /dev/s3c_serial0: No such file or directory
May  9 13:52:34 ubuntu getty[1620]: /dev/s3c_serial0: No such file or directory
May  9 13:52:44 ubuntu getty[1621]: /dev/s3c_serial0: No such file or directory
May  9 13:52:54 ubuntu getty[1622]: /dev/s3c_serial0: No such file or directory
May  9 13:53:04 ubuntu getty[1623]: /dev/s3c_serial0: No such file or directory
May  9 13:53:14 ubuntu getty[1624]: /dev/s3c_serial0: No such file or directory
May  9 13:53:24 ubuntu getty[1625]: /dev/s3c_serial0: No such file or directory
May  9 13:53:30 ubuntu gdm[1571]: pam_env(gdm:setcred): Unable to open env file: /etc/default/locale: No such file or directory
May  9 13:53:30 ubuntu gdm[1571]: pam_unix(gdm:session): session opened for user ubuntu by (uid=0)
May  9 13:53:30 ubuntu gdm[1571]: pam_ck_connector(gdm:session): nox11 mode, ignoring PAM_TTY :0
May  9 13:53:35 ubuntu getty[1641]: /dev/s3c_serial0: No such file or directory
May  9 13:53:45 ubuntu getty[1682]: /dev/s3c_serial0: No such file or directory
May  9 13:53:57 ubuntu getty[1699]: /dev/s3c_serial0: No such file or directory
May  9 13:54:07 ubuntu getty[1705]: /dev/s3c_serial0: No such file or directory
May  9 13:54:23 ubuntu getty[1706]: /dev/s3c_serial0: No such file or directory
May  9 13:54:33 ubuntu getty[1711]: /dev/s3c_serial0: No such file or directory
May  9 13:54:44 ubuntu getty[1715]: /dev/s3c_serial0: No such file or directory
May  9 13:54:54 ubuntu getty[1725]: /dev/s3c_serial0: No such file or directory
May  9 13:55:05 ubuntu getty[1726]: /dev/s3c_serial0: No such file or directory
May  9 13:55:13 ubuntu sudo:   ubuntu : TTY=pts/0 ; PWD=/home/ubuntu ; USER=root ; COMMAND=/usr/bin/vim /etc/gdm/gdm.conf
May  9 13:55:17 ubuntu getty[1728]: /dev/s3c_serial0: No such file or directory
May  9 13:55:27 ubuntu getty[1729]: /dev/s3c_serial0: No such file or directory
May  9 13:55:37 ubuntu getty[1730]: /dev/s3c_serial0: No such file or directory
May  9 13:55:48 ubuntu getty[1731]: /dev/s3c_serial0: No such file or directory
May  9 13:55:58 ubuntu getty[1737]: /dev/s3c_serial0: No such file or directory
May  9 13:56:08 ubuntu getty[1738]: /dev/s3c_serial0: No such file or directory
May  9 13:56:19 ubuntu getty[1739]: /dev/s3c_serial0: No such file or directory
May  9 13:56:29 ubuntu getty[1740]: /dev/s3c_serial0: No such file or directory
May  9 13:56:39 ubuntu getty[1741]: /dev/s3c_serial0: No such file or directory
May  9 13:56:49 ubuntu getty[1742]: /dev/s3c_serial0: No such file or directory
May  9 13:56:59 ubuntu getty[1743]: /dev/s3c_serial0: No such file or directory
May  9 13:57:03 ubuntu sudo:   ubuntu : TTY=unknown ; PWD=/home/ubuntu ; USER=root ; COMMAND=/usr/sbin/gdmsetup
May  9 13:57:21 ubuntu getty[1744]: /dev/s3c_serial0: No such file or directory
May  9 13:57:38 ubuntu getty[1745]: /dev/s3c_serial0: No such file or directory
May  9 13:57:48 ubuntu getty[1746]: /dev/s3c_serial0: No such file or directory
May  9 13:57:58 ubuntu getty[1747]: /dev/s3c_serial0: No such file or directory
May  9 13:58:08 ubuntu getty[1748]: /dev/s3c_serial0: No such file or directory
May  9 13:58:18 ubuntu getty[1749]: /dev/s3c_serial0: No such file or directory
May  9 13:58:28 ubuntu getty[1750]: /dev/s3c_serial0: No such file or directory
May  9 13:58:38 ubuntu getty[1751]: /dev/s3c_serial0: No such file or directory
May  9 13:58:48 ubuntu getty[1752]: /dev/s3c_serial0: No such file or directory
May  9 13:59:01 ubuntu getty[1753]: /dev/s3c_serial0: No such file or directory
May  9 13:59:11 ubuntu getty[1754]: /dev/s3c_serial0: No such file or directory
May  9 13:59:22 ubuntu getty[1755]: /dev/s3c_serial0: No such file or directory
May  9 13:59:32 ubuntu getty[1756]: /dev/s3c_serial0: No such file or directory
May  9 13:59:42 ubuntu getty[1757]: /dev/s3c_serial0: No such file or directory
May  9 13:59:52 ubuntu getty[1758]: /dev/s3c_serial0: No such file or directory
May  9 14:00:02 ubuntu getty[1771]: /dev/s3c_serial0: No such file or directory
May  9 14:00:07 ubuntu sudo:   ubuntu : TTY=pts/0 ; PWD=/home/ubuntu ; USER=root ; COMMAND=/sbin/reboot
May  9 14:00:10 ubuntu gdm[1571]: pam_unix(gdm:session): session closed for user ubuntu
May  9 14:00:10 ubuntu gdm[1571]: pam_env(gdm:setcred): Unable to open env file: /etc/default/locale: No such file or directory
May  9 14:02:44 ubuntu getty[1362]: /dev/s3c_serial0: No such file or directory
May  9 14:02:54 ubuntu getty[1477]: /dev/s3c_serial0: No such file or directory
May  9 14:03:04 ubuntu getty[1510]: /dev/s3c_serial0: No such file or directory
May  9 14:03:15 ubuntu getty[1541]: /dev/s3c_serial0: No such file or directory
May  9 14:03:25 ubuntu getty[1589]: /dev/s3c_serial0: No such file or directory
May  9 14:03:25 ubuntu gdm[1532]: pam_env(gdm-autologin:setcred): Unable to open env file: /etc/default/locale: No such file or directory
May  9 14:03:25 ubuntu gdm[1532]: pam_unix(gdm-autologin:session): session opened for user ubuntu by (uid=0)
May  9 14:03:25 ubuntu gdm[1532]: pam_ck_connector(gdm-autologin:session): nox11 mode, ignoring PAM_TTY :0
May  9 14:03:35 ubuntu getty[1638]: /dev/s3c_serial0: No such file or directory
May  9 14:03:45 ubuntu getty[1664]: /dev/s3c_serial0: No such file or directory
May  9 14:03:55 ubuntu getty[1666]: /dev/s3c_serial0: No such file or directory
May  9 14:04:05 ubuntu getty[1669]: /dev/s3c_serial0: No such file or directory
May  9 14:04:16 ubuntu getty[1671]: /dev/s3c_serial0: No such file or directory
May  9 14:04:27 ubuntu getty[1676]: /dev/s3c_serial0: No such file or directory
May  9 14:04:37 ubuntu getty[1677]: /dev/s3c_serial0: No such file or directory
May  9 14:04:48 ubuntu getty[1678]: /dev/s3c_serial0: No such file or directory
May  9 14:04:58 ubuntu getty[1679]: /dev/s3c_serial0: No such file or directory
May  9 14:05:08 ubuntu getty[1680]: /dev/s3c_serial0: No such file or directory
May  9 14:05:18 ubuntu getty[1681]: /dev/s3c_serial0: No such file or directory
May  9 14:05:28 ubuntu getty[1692]: /dev/s3c_serial0: No such file or directory
May  9 14:05:39 ubuntu getty[1695]: /dev/s3c_serial0: No such file or directory
May  9 14:05:43 ubuntu su[1696]: Successful su for root by ubuntu
May  9 14:05:43 ubuntu su[1696]: + pts/0 ubuntu:root
May  9 14:05:43 ubuntu su[1696]: pam_env(su:session): Unable to open env file: /etc/default/locale: No such file or directory
May  9 14:05:43 ubuntu su[1696]: pam_unix(su:session): session opened for user root by ubuntu(uid=1000)
May  9 14:05:49 ubuntu getty[1713]: /dev/s3c_serial0: No such file or directory
May  9 14:05:59 ubuntu getty[1722]: /dev/s3c_serial0: No such file or directory
May  9 14:06:09 ubuntu getty[1723]: /dev/s3c_serial0: No such file or directory
May  9 14:06:19 ubuntu getty[1724]: /dev/s3c_serial0: No such file or directory
May  9 14:06:30 ubuntu getty[1725]: /dev/s3c_serial0: No such file or directory
May  9 14:06:40 ubuntu getty[1726]: /dev/s3c_serial0: No such file or directory
May  9 14:06:50 ubuntu getty[1727]: /dev/s3c_serial0: No such file or directory
May  9 14:07:00 ubuntu getty[1728]: /dev/s3c_serial0: No such file or directory
May  9 14:07:01 ubuntu sudo:     root : TTY=pts/0 ; PWD=/etc ; USER=root ; COMMAND=/usr/bin/apt-get install ssh
May  9 14:07:16 ubuntu getty[1730]: /dev/s3c_serial0: No such file or directory
May  9 14:07:26 ubuntu getty[1733]: /dev/s3c_serial0: No such file or directory
May  9 14:07:36 ubuntu getty[1737]: /dev/s3c_serial0: No such file or directory
May  9 14:07:46 ubuntu getty[1755]: /dev/s3c_serial0: No such file or directory
May  9 14:07:56 ubuntu getty[1773]: /dev/s3c_serial0: No such file or directory
May  9 14:08:06 ubuntu getty[1782]: /dev/s3c_serial0: No such file or directory
May  9 14:08:16 ubuntu getty[1796]: /dev/s3c_serial0: No such file or directory
May  9 14:08:27 ubuntu getty[1816]: /dev/s3c_serial0: No such file or directory
May  9 14:08:38 ubuntu getty[1825]: /dev/s3c_serial0: No such file or directory
May  9 14:08:49 ubuntu getty[1830]: /dev/s3c_serial0: No such file or directory
May  9 14:09:00 ubuntu getty[1835]: /dev/s3c_serial0: No such file or directory
May  9 14:09:11 ubuntu getty[1842]: /dev/s3c_serial0: No such file or directory
May  9 14:09:12 ubuntu groupadd[1843]: new group: name=ssh, GID=109
May  9 14:09:22 ubuntu getty[1852]: /dev/s3c_serial0: No such file or directory
May  9 14:09:32 ubuntu getty[1857]: /dev/s3c_serial0: No such file or directory
May  9 14:09:44 ubuntu getty[1870]: /dev/s3c_serial0: No such file or directory
May  9 14:10:01 ubuntu getty[1874]: /dev/s3c_serial0: No such file or directory
May  9 14:10:12 ubuntu getty[1887]: /dev/s3c_serial0: No such file or directory
May  9 14:10:13 ubuntu useradd[1886]: new user: name=sshd, UID=107, GID=65534, home=/var/run/sshd, shell=/usr/sbin/nologin
May  9 14:10:13 ubuntu usermod[1892]: change user `sshd' password
May  9 14:10:13 ubuntu chage[1897]: changed password expiry for sshd
May  9 14:10:21 ubuntu sshd[1940]: Server listening on 0.0.0.0 port 22.
May  9 14:10:22 ubuntu getty[1946]: /dev/s3c_serial0: No such file or directory
May  9 14:10:33 ubuntu getty[1951]: /dev/s3c_serial0: No such file or directory
May  9 14:10:43 ubuntu getty[1952]: /dev/s3c_serial0: No such file or directory
May  9 14:10:53 ubuntu getty[1953]: /dev/s3c_serial0: No such file or directory
May  9 14:11:03 ubuntu getty[1954]: /dev/s3c_serial0: No such file or directory
May  9 14:11:13 ubuntu getty[1955]: /dev/s3c_serial0: No such file or directory
May  9 14:11:23 ubuntu getty[1956]: /dev/s3c_serial0: No such file or directory
May  9 14:11:34 ubuntu getty[1957]: /dev/s3c_serial0: No such file or directory
May  9 14:11:44 ubuntu getty[1958]: /dev/s3c_serial0: No such file or directory
May  9 14:11:54 ubuntu getty[1959]: /dev/s3c_serial0: No such file or directory
May  9 14:12:04 ubuntu getty[1960]: /dev/s3c_serial0: No such file or directory
May  9 14:12:14 ubuntu getty[1961]: /dev/s3c_serial0: No such file or directory
May  9 14:12:24 ubuntu getty[1962]: /dev/s3c_serial0: No such file or directory
May  9 14:12:35 ubuntu getty[1963]: /dev/s3c_serial0: No such file or directory
May  9 14:12:45 ubuntu getty[1964]: /dev/s3c_serial0: No such file or directory
May  9 14:12:55 ubuntu getty[1965]: /dev/s3c_serial0: No such file or directory
May  9 14:13:05 ubuntu getty[1966]: /dev/s3c_serial0: No such file or directory
May  9 14:13:15 ubuntu getty[1967]: /dev/s3c_serial0: No such file or directory
May  9 14:13:22 ubuntu sudo:     root : TTY=pts/0 ; PWD=/etc ; USER=root ; COMMAND=/usr/bin/apt-get install lrzsz
May  9 14:13:39 ubuntu getty[1970]: /dev/s3c_serial0: No such file or directory
May  9 14:13:50 ubuntu getty[1975]: /dev/s3c_serial0: No such file or directory
May  9 14:14:05 ubuntu getty[1978]: /dev/s3c_serial0: No such file or directory
May  9 14:14:17 ubuntu getty[1995]: /dev/s3c_serial0: No such file or directory
May  9 14:14:27 ubuntu getty[1997]: /dev/s3c_serial0: No such file or directory
May  9 14:14:33 ubuntu sudo:     root : TTY=pts/0 ; PWD=/etc ; USER=root ; COMMAND=/usr/bin/apt-get clean
May  9 14:14:38 ubuntu getty[1999]: /dev/s3c_serial0: No such file or directory
May  9 14:14:40 ubuntu sudo:     root : TTY=pts/0 ; PWD=/etc ; USER=root ; COMMAND=/usr/bin/apt-get autoremove
May  9 14:15:04 ubuntu getty[2001]: /dev/s3c_serial0: No such file or directory
May  9 14:15:19 ubuntu su[1696]: pam_unix(su:session): session closed for user root
May  9 14:15:19 ubuntu gdm[1532]: pam_unix(gdm-autologin:session): session closed for user ubuntu
May  9 14:15:19 ubuntu gdm[1532]: pam_env(gdm-autologin:setcred): Unable to open env file: /etc/default/locale: No such file or directory
May  9 14:17:22 ubuntu getty[1327]: /dev/s3c_serial0: No such file or directory
May  9 14:17:28 ubuntu sshd[1380]: Server listening on 0.0.0.0 port 22.
May  9 14:17:33 ubuntu getty[1467]: /dev/s3c_serial0: No such file or directory
May  9 14:17:43 ubuntu getty[1500]: /dev/s3c_serial0: No such file or directory
May  9 14:17:53 ubuntu getty[1533]: /dev/s3c_serial0: No such file or directory
May  9 14:18:02 ubuntu gdm[1524]: pam_env(gdm-autologin:setcred): Unable to open env file: /etc/default/locale: No such file or directory
May  9 14:18:02 ubuntu gdm[1524]: pam_unix(gdm-autologin:session): session opened for user ubuntu by (uid=0)
May  9 14:18:02 ubuntu gdm[1524]: pam_ck_connector(gdm-autologin:session): nox11 mode, ignoring PAM_TTY :0
May  9 14:18:03 ubuntu getty[1582]: /dev/s3c_serial0: No such file or directory
May  9 14:18:13 ubuntu getty[1639]: /dev/s3c_serial0: No such file or directory
May  9 14:18:23 ubuntu getty[1658]: /dev/s3c_serial0: No such file or directory
May  9 14:18:33 ubuntu getty[1661]: /dev/s3c_serial0: No such file or directory
May  9 14:18:44 ubuntu getty[1663]: /dev/s3c_serial0: No such file or directory
May  9 14:18:54 ubuntu getty[1668]: /dev/s3c_serial0: No such file or directory
May  9 14:19:04 ubuntu getty[1672]: /dev/s3c_serial0: No such file or directory
May  9 14:19:14 ubuntu getty[1682]: /dev/s3c_serial0: No such file or directory
May  9 14:19:22 ubuntu sudo:   ubuntu : TTY=pts/0 ; PWD=/home/ubuntu ; USER=root ; COMMAND=/sbin/halt
May  9 14:19:25 ubuntu gdm[1524]: pam_unix(gdm-autologin:session): session closed for user ubuntu
May  9 14:19:25 ubuntu gdm[1524]: pam_env(gdm-autologin:setcred): Unable to open env file: /etc/default/locale: No such file or directory
May  9 14:22:14 ubuntu getty[1343]: /dev/s3c_serial0: No such file or directory
May  9 14:22:20 ubuntu sshd[1399]: Server listening on 0.0.0.0 port 22.
May  9 14:22:23 ubuntu getty[1426]: /dev/s3c_serial0: No such file or directory
May  9 14:22:33 ubuntu getty[1521]: /dev/s3c_serial0: No such file or directory
May  9 14:22:43 ubuntu getty[1569]: /dev/s3c_serial0: No such file or directory
May  9 14:22:48 ubuntu gdm[1550]: pam_env(gdm-autologin:setcred): Unable to open env file: /etc/default/locale: No such file or directory
May  9 14:22:48 ubuntu gdm[1550]: pam_unix(gdm-autologin:session): session opened for user ubuntu by (uid=0)
May  9 14:22:48 ubuntu gdm[1550]: pam_ck_connector(gdm-autologin:session): nox11 mode, ignoring PAM_TTY :0
May  9 14:22:54 ubuntu getty[1618]: /dev/s3c_serial0: No such file or directory
May  9 14:23:04 ubuntu getty[1672]: /dev/s3c_serial0: No such file or directory
May  9 14:23:14 ubuntu getty[1683]: /dev/s3c_serial0: No such file or directory
May  9 14:23:24 ubuntu getty[1688]: /dev/s3c_serial0: No such file or directory
May  9 14:23:34 ubuntu getty[1700]: /dev/s3c_serial0: No such file or directory
May  9 14:23:45 ubuntu getty[1706]: /dev/s3c_serial0: No such file or directory
May  9 14:23:48 ubuntu sudo:   ubuntu : TTY=pts/0 ; PWD=/home/ubuntu ; USER=root ; COMMAND=/sbin/reboot
May  9 14:23:52 ubuntu gdm[1550]: pam_unix(gdm-autologin:session): session closed for user ubuntu
May  9 14:23:52 ubuntu gdm[1550]: pam_env(gdm-autologin:setcred): Unable to open env file: /etc/default/locale: No such file or directory
