Selecting previously deselected package base-files.
dpkg: regarding .../base-files_5ubuntu4_armel.deb containing base-files, pre-dependency problem:
 base-files pre-depends on awk
  awk is not installed.
dpkg: warning - ignoring pre-dependency problem !
(Reading database ... 0 files and directories currently installed.)
Unpacking base-files (from .../base-files_5ubuntu4_armel.deb) ...
Selecting previously deselected package base-passwd.
Unpacking base-passwd (from .../base-passwd_3.5.21_armel.deb) ...
dpkg: base-passwd: dependency problems, but configuring anyway as you request:
 base-passwd depends on libc6 (>= 2.8); however:
  Package libc6 is not installed.
Setting up base-passwd (3.5.21) ...

dpkg: base-files: dependency problems, but configuring anyway as you request:
 base-files depends on awk; however:
  Package awk is not installed.
 base-files depends on libpam-modules (>= 0.79-3ubuntu3); however:
  Package libpam-modules is not installed.
Setting up base-files (5ubuntu4) ...

dpkg: regarding .../dpkg_1.14.24ubuntu1_armel.deb containing dpkg, pre-dependency problem:
 dpkg pre-depends on libc6 (>= 2.4)
dpkg: warning - ignoring pre-dependency problem !
dpkg: regarding .../dpkg_1.14.24ubuntu1_armel.deb containing dpkg, pre-dependency problem:
 dpkg pre-depends on libgcc1 (>= 1:4.3)
dpkg: warning - ignoring pre-dependency problem !
dpkg: regarding .../dpkg_1.14.24ubuntu1_armel.deb containing dpkg, pre-dependency problem:
 dpkg pre-depends on coreutils (>= 5.93-1)
dpkg: warning - ignoring pre-dependency problem !
dpkg: regarding .../dpkg_1.14.24ubuntu1_armel.deb containing dpkg, pre-dependency problem:
 dpkg pre-depends on lzma
  lzma is not installed.
dpkg: warning - ignoring pre-dependency problem !
(Reading database ... 101 files and directories currently installed.)
Preparing to replace dpkg 1.14.24ubuntu1 (using .../dpkg_1.14.24ubuntu1_armel.deb) ...
Unpacking replacement dpkg ...
dpkg: dpkg: dependency problems, but configuring anyway as you request:
 dpkg depends on libc6 (>= 2.4); however:
  Package libc6 is not installed.
 dpkg depends on libgcc1 (>= 1:4.3); however:
  Package libgcc1 is not installed.
 dpkg depends on coreutils (>= 5.93-1); however:
  Package coreutils is not installed.
 dpkg depends on lzma; however:
  Package lzma is not installed.
Setting up dpkg (1.14.24ubuntu1) ...

Selecting previously deselected package libc6.
(Reading database ... 342 files and directories currently installed.)
Unpacking libc6 (from .../libc6_2.9-4ubuntu6_armel.deb) ...
dpkg: libc6: dependency problems, but configuring anyway as you request:
 libc6 depends on libgcc1; however:
  Package libgcc1 is not installed.
 libc6 depends on findutils (>= 4.4.0-2ubuntu2); however:
  Package findutils is not installed.
Setting up libc6 (2.9-4ubuntu6) ...

Processing triggers for libc6 ...
ldconfig deferred processing now taking place
Selecting previously deselected package perl-base.
dpkg: regarding .../perl-base_5.10.0-19ubuntu1_armel.deb containing perl-base, pre-dependency problem:
 perl-base pre-depends on libgcc1 (>= 1:4.3)
dpkg: warning - ignoring pre-dependency problem !
(Reading database ... 696 files and directories currently installed.)
Unpacking perl-base (from .../perl-base_5.10.0-19ubuntu1_armel.deb) ...
dpkg: perl-base: dependency problems, but configuring anyway as you request:
 perl-base depends on libgcc1 (>= 1:4.3); however:
  Package libgcc1 is not installed.
Setting up perl-base (5.10.0-19ubuntu1) ...
Selecting previously deselected package mawk.
(Reading database ... 1289 files and directories currently installed.)
Unpacking mawk (from .../mawk_1.3.3-13ubuntu1_armel.deb) ...
Setting up mawk (1.3.3-13ubuntu1) ...

Selecting previously deselected package debconf.
(Reading database ... 1308 files and directories currently installed.)
Unpacking debconf (from .../debconf_1.5.26ubuntu3_all.deb) ...
dpkg: debconf: dependency problems, but configuring anyway as you request:
 debconf depends on debconf-i18n | debconf-english; however:
  Package debconf-i18n is not installed.
  Package debconf-english is not installed.
Setting up debconf (1.5.26ubuntu3) ...

(Reading database ... 1486 files and directories currently installed.)
Preparing to replace base-files 5ubuntu4 (using .../base-files_5ubuntu4_armel.deb) ...
Unpacking replacement base-files ...
Preparing to replace base-passwd 3.5.21 (using .../base-passwd_3.5.21_armel.deb) ...
Unpacking replacement base-passwd ...
Selecting previously deselected package bash.
dpkg: regarding .../bash_3.2-5ubuntu1_armel.deb containing bash, pre-dependency problem:
 bash pre-depends on libgcc1 (>= 1:4.3)
dpkg: warning - ignoring pre-dependency problem !
dpkg: regarding .../bash_3.2-5ubuntu1_armel.deb containing bash, pre-dependency problem:
 bash pre-depends on libncurses5 (>= 5.6+20071006-3)
dpkg: warning - ignoring pre-dependency problem !
Unpacking bash (from .../bash_3.2-5ubuntu1_armel.deb) ...
Selecting previously deselected package bsdutils.
Unpacking bsdutils (from .../bsdutils_1%3a2.14.2-1ubuntu4_armel.deb) ...
Selecting previously deselected package coreutils.
dpkg: regarding .../coreutils_6.10-6ubuntu1_armel.deb containing coreutils, pre-dependency problem:
 coreutils pre-depends on libacl1 (>= 2.2.11-1)
dpkg: warning - ignoring pre-dependency problem !
dpkg: regarding .../coreutils_6.10-6ubuntu1_armel.deb containing coreutils, pre-dependency problem:
 coreutils pre-depends on libgcc1 (>= 1:4.3)
dpkg: warning - ignoring pre-dependency problem !
dpkg: regarding .../coreutils_6.10-6ubuntu1_armel.deb containing coreutils, pre-dependency problem:
 coreutils pre-depends on libselinux1 (>= 2.0.59)
dpkg: warning - ignoring pre-dependency problem !
Unpacking coreutils (from .../coreutils_6.10-6ubuntu1_armel.deb) ...
No diversion `any diversion of /usr/share/man/man1/md5sum.textutils.1.gz', none removed
No diversion `any diversion of /usr/bin/md5sum.textutils', none removed
Selecting previously deselected package dash.
Unpacking dash (from .../dash_0.5.4-12ubuntu2_armel.deb) ...
Preparing to replace debconf 1.5.26ubuntu3 (using .../debconf_1.5.26ubuntu3_all.deb) ...
Unpacking replacement debconf ...
Selecting previously deselected package debconf-i18n.
Unpacking debconf-i18n (from .../debconf-i18n_1.5.26ubuntu3_all.deb) ...
Selecting previously deselected package debianutils.
Unpacking debianutils (from .../debianutils_2.30ubuntu3_armel.deb) ...
Selecting previously deselected package diff.
dpkg: regarding .../diff_2.8.1-12ubuntu1_armel.deb containing diff, pre-dependency problem:
 diff pre-depends on libgcc1 (>= 1:4.3)
dpkg: warning - ignoring pre-dependency problem !
Unpacking diff (from .../diff_2.8.1-12ubuntu1_armel.deb) ...
dpkg: regarding .../dpkg_1.14.24ubuntu1_armel.deb containing dpkg, pre-dependency problem:
 dpkg pre-depends on libgcc1 (>= 1:4.3)
dpkg: warning - ignoring pre-dependency problem !
dpkg: regarding .../dpkg_1.14.24ubuntu1_armel.deb containing dpkg, pre-dependency problem:
 dpkg pre-depends on coreutils (>= 5.93-1)
  coreutils is unpacked, but has never been configured.
dpkg: warning - ignoring pre-dependency problem !
dpkg: regarding .../dpkg_1.14.24ubuntu1_armel.deb containing dpkg, pre-dependency problem:
 dpkg pre-depends on lzma
  lzma is not installed.
dpkg: warning - ignoring pre-dependency problem !
Preparing to replace dpkg 1.14.24ubuntu1 (using .../dpkg_1.14.24ubuntu1_armel.deb) ...
Unpacking replacement dpkg ...
Selecting previously deselected package e2fslibs.
Unpacking e2fslibs (from .../e2fslibs_1.41.4-1ubuntu1_armel.deb) ...
Selecting previously deselected package e2fsprogs.
dpkg: regarding .../e2fsprogs_1.41.4-1ubuntu1_armel.deb containing e2fsprogs, pre-dependency problem:
 e2fsprogs pre-depends on e2fslibs (>= 1.41.4)
  e2fslibs is unpacked, but has never been configured.
dpkg: warning - ignoring pre-dependency problem !
dpkg: regarding .../e2fsprogs_1.41.4-1ubuntu1_armel.deb containing e2fsprogs, pre-dependency problem:
 e2fsprogs pre-depends on libblkid1 (>= 1.40)
dpkg: warning - ignoring pre-dependency problem !
dpkg: regarding .../e2fsprogs_1.41.4-1ubuntu1_armel.deb containing e2fsprogs, pre-dependency problem:
 e2fsprogs pre-depends on libcomerr2 (>= 1.34)
dpkg: warning - ignoring pre-dependency problem !
dpkg: regarding .../e2fsprogs_1.41.4-1ubuntu1_armel.deb containing e2fsprogs, pre-dependency problem:
 e2fsprogs pre-depends on libgcc1 (>= 1:4.3)
dpkg: warning - ignoring pre-dependency problem !
dpkg: regarding .../e2fsprogs_1.41.4-1ubuntu1_armel.deb containing e2fsprogs, pre-dependency problem:
 e2fsprogs pre-depends on libss2 (>= 1.34)
dpkg: warning - ignoring pre-dependency problem !
dpkg: regarding .../e2fsprogs_1.41.4-1ubuntu1_armel.deb containing e2fsprogs, pre-dependency problem:
 e2fsprogs pre-depends on libuuid1 (>= 1.15)
dpkg: warning - ignoring pre-dependency problem !
Unpacking e2fsprogs (from .../e2fsprogs_1.41.4-1ubuntu1_armel.deb) ...
Selecting previously deselected package findutils.
dpkg: regarding .../findutils_4.4.0-2ubuntu3_armel.deb containing findutils, pre-dependency problem:
 findutils pre-depends on libgcc1 (>= 1:4.3)
dpkg: warning - ignoring pre-dependency problem !
Unpacking findutils (from .../findutils_4.4.0-2ubuntu3_armel.deb) ...
Selecting previously deselected package gcc-4.3-base.
Unpacking gcc-4.3-base (from .../gcc-4.3-base_4.3.3-5ubuntu4_armel.deb) ...
Selecting previously deselected package grep.
dpkg: regarding .../grep_2.5.3~dfsg-6ubuntu1_armel.deb containing grep, pre-dependency problem:
 grep pre-depends on libgcc1 (>= 1:4.3)
dpkg: warning - ignoring pre-dependency problem !
dpkg: regarding .../grep_2.5.3~dfsg-6ubuntu1_armel.deb containing grep, pre-dependency problem:
 grep pre-depends on libpcre3 (>= 7.7)
dpkg: warning - ignoring pre-dependency problem !
Unpacking grep (from .../grep_2.5.3~dfsg-6ubuntu1_armel.deb) ...
Selecting previously deselected package gzip.
dpkg: regarding .../gzip_1.3.12-6ubuntu2_armel.deb containing gzip, pre-dependency problem:
 gzip pre-depends on libgcc1 (>= 1:4.3)
dpkg: warning - ignoring pre-dependency problem !
Unpacking gzip (from .../gzip_1.3.12-6ubuntu2_armel.deb) ...
Selecting previously deselected package hostname.
Unpacking hostname (from .../hostname_2.95_armel.deb) ...
Selecting previously deselected package initscripts.
Unpacking initscripts (from .../initscripts_2.86.ds1-61ubuntu11_armel.deb) ...
Selecting previously deselected package libacl1.
Unpacking libacl1 (from .../libacl1_2.2.47-2_armel.deb) ...
Selecting previously deselected package libattr1.
Unpacking libattr1 (from .../libattr1_1%3a2.4.43-1_armel.deb) ...
Selecting previously deselected package libblkid1.
Unpacking libblkid1 (from .../libblkid1_1.41.4-1ubuntu1_armel.deb) ...
Preparing to replace libc6 2.9-4ubuntu6 (using .../libc6_2.9-4ubuntu6_armel.deb) ...
Unpacking replacement libc6 ...
Selecting previously deselected package libcomerr2.
Unpacking libcomerr2 (from .../libcomerr2_1.41.4-1ubuntu1_armel.deb) ...
Selecting previously deselected package libdb4.7.
Unpacking libdb4.7 (from .../libdb4.7_4.7.25-6ubuntu1_armel.deb) ...
Selecting previously deselected package libgcc1.
Unpacking libgcc1 (from .../libgcc1_1%3a4.3.3-5ubuntu4_armel.deb) ...
Selecting previously deselected package liblocale-gettext-perl.
Unpacking liblocale-gettext-perl (from .../liblocale-gettext-perl_1.05-4build1_armel.deb) ...
Selecting previously deselected package libncurses5.
Unpacking libncurses5 (from .../libncurses5_5.7+20090207-1ubuntu1_armel.deb) ...
Selecting previously deselected package libpam-modules.
dpkg: regarding .../libpam-modules_1.0.1-9ubuntu1_armel.deb containing libpam-modules, pre-dependency problem:
 libpam-modules pre-depends on libdb4.7
  libdb4.7 is unpacked, but has never been configured.
dpkg: warning - ignoring pre-dependency problem !
dpkg: regarding .../libpam-modules_1.0.1-9ubuntu1_armel.deb containing libpam-modules, pre-dependency problem:
 libpam-modules pre-depends on libpam0g (>= 0.99.7.1)
dpkg: warning - ignoring pre-dependency problem !
dpkg: regarding .../libpam-modules_1.0.1-9ubuntu1_armel.deb containing libpam-modules, pre-dependency problem:
 libpam-modules pre-depends on libselinux1 (>= 2.0.59)
dpkg: warning - ignoring pre-dependency problem !
Unpacking libpam-modules (from .../libpam-modules_1.0.1-9ubuntu1_armel.deb) ...
Selecting previously deselected package libpam-runtime.
Unpacking libpam-runtime (from .../libpam-runtime_1.0.1-9ubuntu1_all.deb) ...
Selecting previously deselected package libpam0g.
Unpacking libpam0g (from .../libpam0g_1.0.1-9ubuntu1_armel.deb) ...
Selecting previously deselected package libpcre3.
Unpacking libpcre3 (from .../libpcre3_7.8-2ubuntu1_armel.deb) ...
Selecting previously deselected package libselinux1.
Unpacking libselinux1 (from .../libselinux1_2.0.65-5build1_armel.deb) ...
Selecting previously deselected package libsepol1.
Unpacking libsepol1 (from .../libsepol1_2.0.30-2ubuntu1_armel.deb) ...
Selecting previously deselected package libslang2.
Unpacking libslang2 (from .../libslang2_2.1.3-3ubuntu3_armel.deb) ...
Selecting previously deselected package libss2.
Unpacking libss2 (from .../libss2_1.41.4-1ubuntu1_armel.deb) ...
Selecting previously deselected package libstdc++6.
Unpacking libstdc++6 (from .../libstdc++6_4.3.3-5ubuntu4_armel.deb) ...
Selecting previously deselected package libtext-charwidth-perl.
Unpacking libtext-charwidth-perl (from .../libtext-charwidth-perl_0.04-5build1_armel.deb) ...
Selecting previously deselected package libtext-iconv-perl.
Unpacking libtext-iconv-perl (from .../libtext-iconv-perl_1.7-1build1_armel.deb) ...
Selecting previously deselected package libtext-wrapi18n-perl.
Unpacking libtext-wrapi18n-perl (from .../libtext-wrapi18n-perl_0.06-6_all.deb) ...
Selecting previously deselected package libuuid1.
Unpacking libuuid1 (from .../libuuid1_1.41.4-1ubuntu1_armel.deb) ...
Selecting previously deselected package libvolume-id1.
Unpacking libvolume-id1 (from .../libvolume-id1_141-1_armel.deb) ...
Selecting previously deselected package locales.
Unpacking locales (from .../locales_2.9+cvs20090214-7_all.deb) ...
Selecting previously deselected package login.
dpkg: regarding .../login_1%3a4.1.1-6ubuntu6_armel.deb containing login, pre-dependency problem:
 login pre-depends on libpam0g (>= 0.99.7.1)
  libpam0g is unpacked, but has never been configured.
dpkg: warning - ignoring pre-dependency problem !
dpkg: regarding .../login_1%3a4.1.1-6ubuntu6_armel.deb containing login, pre-dependency problem:
 login pre-depends on libpam-runtime
  libpam-runtime is unpacked, but has never been configured.
dpkg: warning - ignoring pre-dependency problem !
dpkg: regarding .../login_1%3a4.1.1-6ubuntu6_armel.deb containing login, pre-dependency problem:
 login pre-depends on libpam-modules
  libpam-modules is unpacked, but has never been configured.
dpkg: warning - ignoring pre-dependency problem !
Unpacking login (from .../login_1%3a4.1.1-6ubuntu6_armel.deb) ...
Selecting previously deselected package lsb-base.
Unpacking lsb-base (from .../lsb-base_3.2-20ubuntu4_all.deb) ...
Selecting previously deselected package lzma.
Unpacking lzma (from .../lzma_4.43-14ubuntu1_armel.deb) ...
Selecting previously deselected package makedev.
Unpacking makedev (from .../makedev_2.3.1-88_all.deb) ...
 Removing any system startup links for /etc/init.d/makedev ...
Preparing to replace mawk 1.3.3-13ubuntu1 (using .../mawk_1.3.3-13ubuntu1_armel.deb) ...
Unpacking replacement mawk ...
Selecting previously deselected package mktemp.
Unpacking mktemp (from .../mktemp_1.5-9_armel.deb) ...
Selecting previously deselected package mount.
dpkg: regarding .../mount_2.14.2-1ubuntu4_armel.deb containing mount, pre-dependency problem:
 mount pre-depends on libselinux1 (>= 2.0.59)
  libselinux1 is unpacked, but has never been configured.
dpkg: warning - ignoring pre-dependency problem !
dpkg: regarding .../mount_2.14.2-1ubuntu4_armel.deb containing mount, pre-dependency problem:
 mount pre-depends on libsepol1 (>= 2.0.25)
  libsepol1 is unpacked, but has never been configured.
dpkg: warning - ignoring pre-dependency problem !
dpkg: regarding .../mount_2.14.2-1ubuntu4_armel.deb containing mount, pre-dependency problem:
 mount pre-depends on libvolume-id1
  libvolume-id1 is unpacked, but has never been configured.
dpkg: warning - ignoring pre-dependency problem !
Unpacking mount (from .../mount_2.14.2-1ubuntu4_armel.deb) ...
Selecting previously deselected package ncurses-base.
Unpacking ncurses-base (from .../ncurses-base_5.7+20090207-1ubuntu1_all.deb) ...
Selecting previously deselected package ncurses-bin.
dpkg: regarding .../ncurses-bin_5.7+20090207-1ubuntu1_armel.deb containing ncurses-bin, pre-dependency problem:
 ncurses-bin pre-depends on libncurses5 (>= 5.6+20071006-3)
  libncurses5 is unpacked, but has never been configured.
dpkg: warning - ignoring pre-dependency problem !
Unpacking ncurses-bin (from .../ncurses-bin_5.7+20090207-1ubuntu1_armel.deb) ...
Selecting previously deselected package passwd.
Unpacking passwd (from .../passwd_1%3a4.1.1-6ubuntu6_armel.deb) ...
dpkg: regarding .../perl-base_5.10.0-19ubuntu1_armel.deb containing perl-base, pre-dependency problem:
 perl-base pre-depends on libgcc1 (>= 1:4.3)
  libgcc1 is unpacked, but has never been configured.
dpkg: warning - ignoring pre-dependency problem !
Preparing to replace perl-base 5.10.0-19ubuntu1 (using .../perl-base_5.10.0-19ubuntu1_armel.deb) ...
Unpacking replacement perl-base ...
Selecting previously deselected package procps.
Unpacking procps (from .../procps_1%3a3.2.7-11ubuntu2_armel.deb) ...
Selecting previously deselected package python-minimal.
Unpacking python-minimal (from .../python-minimal_2.6.1-0ubuntu9_all.deb) ...
Selecting previously deselected package python2.6-minimal.
Unpacking python2.6-minimal (from .../python2.6-minimal_2.6.2-0ubuntu1_armel.deb) ...
Selecting previously deselected package sed.
Unpacking sed (from .../archives/sed_4.1.5-8_armel.deb) ...
Selecting previously deselected package startup-tasks.
Unpacking startup-tasks (from .../startup-tasks_0.3.9-8_armel.deb) ...
Selecting previously deselected package system-services.
Unpacking system-services (from .../system-services_0.3.9-8_armel.deb) ...
Selecting previously deselected package sysv-rc.
Unpacking sysv-rc (from .../sysv-rc_2.86.ds1-61ubuntu11_all.deb) ...
Selecting previously deselected package sysvinit-utils.
Unpacking sysvinit-utils (from .../sysvinit-utils_2.86.ds1-61ubuntu11_armel.deb) ...
Selecting previously deselected package tar.
dpkg: regarding .../archives/tar_1.20-1_armel.deb containing tar, pre-dependency problem:
 tar pre-depends on libgcc1 (>= 1:4.3)
  libgcc1 is unpacked, but has never been configured.
dpkg: warning - ignoring pre-dependency problem !
Unpacking tar (from .../archives/tar_1.20-1_armel.deb) ...
Selecting previously deselected package tzdata.
Unpacking tzdata (from .../tzdata_2009f-0ubuntu1_all.deb) ...
Selecting previously deselected package upstart.
dpkg: regarding .../upstart_0.3.9-8_armel.deb containing upstart, pre-dependency problem:
 upstart pre-depends on sysvinit-utils
  sysvinit-utils is unpacked, but has never been configured.
dpkg: warning - ignoring pre-dependency problem !
Unpacking upstart (from .../upstart_0.3.9-8_armel.deb) ...
Selecting previously deselected package upstart-compat-sysv.
Unpacking upstart-compat-sysv (from .../upstart-compat-sysv_0.3.9-8_armel.deb) ...
Selecting previously deselected package upstart-logd.
Unpacking upstart-logd (from .../upstart-logd_0.3.9-8_armel.deb) ...
Selecting previously deselected package util-linux.
dpkg: regarding .../util-linux_2.14.2-1ubuntu4_armel.deb containing util-linux, pre-dependency problem:
 util-linux pre-depends on libgcc1 (>= 1:4.3)
  libgcc1 is unpacked, but has never been configured.
dpkg: warning - ignoring pre-dependency problem !
dpkg: regarding .../util-linux_2.14.2-1ubuntu4_armel.deb containing util-linux, pre-dependency problem:
 util-linux pre-depends on libncurses5 (>= 5.6+20071006-3)
  libncurses5 is unpacked, but has never been configured.
dpkg: warning - ignoring pre-dependency problem !
dpkg: regarding .../util-linux_2.14.2-1ubuntu4_armel.deb containing util-linux, pre-dependency problem:
 util-linux pre-depends on libselinux1 (>= 2.0.59)
  libselinux1 is unpacked, but has never been configured.
dpkg: warning - ignoring pre-dependency problem !
dpkg: regarding .../util-linux_2.14.2-1ubuntu4_armel.deb containing util-linux, pre-dependency problem:
 util-linux pre-depends on libslang2 (>= 2.0.7-1)
  libslang2 is unpacked, but has never been configured.
dpkg: warning - ignoring pre-dependency problem !
dpkg: regarding .../util-linux_2.14.2-1ubuntu4_armel.deb containing util-linux, pre-dependency problem:
 util-linux pre-depends on libuuid1 (>= 1.05)
  libuuid1 is unpacked, but has never been configured.
dpkg: warning - ignoring pre-dependency problem !
dpkg: regarding .../util-linux_2.14.2-1ubuntu4_armel.deb containing util-linux, pre-dependency problem:
 util-linux pre-depends on zlib1g (>= 1:1.1.4)
dpkg: warning - ignoring pre-dependency problem !
Unpacking util-linux (from .../util-linux_2.14.2-1ubuntu4_armel.deb) ...
Selecting previously deselected package zlib1g.
Unpacking zlib1g (from .../zlib1g_1%3a1.2.3.3.dfsg-12ubuntu2_armel.deb) ...
Setting up sysv-rc (2.86.ds1-61ubuntu11) ...
Setting up gcc-4.3-base (4.3.3-5ubuntu4) ...

Setting up libc6 (2.9-4ubuntu6) ...

Setting up mktemp (1.5-9) ...
Setting up debianutils (2.30ubuntu3) ...

Setting up bsdutils (1:2.14.2-1ubuntu4) ...

Setting up libsepol1 (2.0.30-2ubuntu1) ...

Setting up locales (2.9+cvs20090214-7) ...

Setting up libgcc1 (1:4.3.3-5ubuntu4) ...

Setting up libncurses5 (5.7+20090207-1ubuntu1) ...

Setting up libattr1 (1:2.4.43-1) ...

Setting up sed (4.1.5-8) ...

Setting up base-passwd (3.5.21) ...

Setting up libcomerr2 (1.41.4-1ubuntu1) ...

Setting up mawk (1.3.3-13ubuntu1) ...

Setting up libdb4.7 (4.7.25-6ubuntu1) ...
Setting up hostname (2.95) ...
Setting up libacl1 (2.2.47-2) ...

Setting up libslang2 (2.1.3-3ubuntu3) ...

Setting up libss2 (1.41.4-1ubuntu1) ...

Setting up findutils (4.4.0-2ubuntu3) ...

Setting up gzip (1.3.12-6ubuntu2) ...

Setting up libpcre3 (7.8-2ubuntu1) ...

Setting up diff (2.8.1-12ubuntu1) ...
Setting up libvolume-id1 (141-1) ...
Setting up libselinux1 (2.0.65-5build1) ...

Setting up libstdc++6 (4.3.3-5ubuntu4) ...

Setting up dash (0.5.4-12ubuntu2) ...
Adding `diversion of /bin/sh to /bin/sh.distrib by dash'
Adding `diversion of /usr/share/man/man1/sh.1.gz to /usr/share/man/man1/sh.distrib.1.gz by dash'

Setting up coreutils (6.10-6ubuntu1) ...

Setting up makedev (2.3.1-88) ...

Setting up lzma (4.43-14ubuntu1) ...
Setting up ncurses-base (5.7+20090207-1ubuntu1) ...
Setting up ncurses-bin (5.7+20090207-1ubuntu1) ...
Setting up tar (1.20-1) ...

Setting up zlib1g (1:1.2.3.3.dfsg-12ubuntu2) ...

Setting up mount (2.14.2-1ubuntu4) ...

Setting up e2fslibs (1.41.4-1ubuntu1) ...

Setting up grep (2.5.3~dfsg-6ubuntu1) ...
Setting up python2.6-minimal (2.6.2-0ubuntu1) ...

Setting up dpkg (1.14.24ubuntu1) ...

Setting up sysvinit-utils (2.86.ds1-61ubuntu11) ...
Setting up lsb-base (3.2-20ubuntu4) ...
Setting up procps (1:3.2.7-11ubuntu2) ...

Setting up python-minimal (2.6.1-0ubuntu9) ...
Setting up perl-base (5.10.0-19ubuntu1) ...
Setting up libtext-iconv-perl (1.7-1build1) ...
Setting up upstart (0.3.9-8) ...

Setting up liblocale-gettext-perl (1.05-4build1) ...
Setting up libtext-charwidth-perl (0.04-5build1) ...
Setting up libtext-wrapi18n-perl (0.06-6) ...
Setting up upstart-logd (0.3.9-8) ...
Setting up startup-tasks (0.3.9-8) ...
Setting up debconf-i18n (1.5.26ubuntu3) ...
Setting up debconf (1.5.26ubuntu3) ...

Setting up tzdata (2009f-0ubuntu1) ...

Current default timezone: 'Etc/UTC'
Local time is now:      Mon Apr 20 03:04:08 UTC 2009.
Universal Time is now:  Mon Apr 20 03:04:08 UTC 2009.
Run 'dpkg-reconfigure tzdata' if you wish to change it.


Setting up libpam-runtime (1.0.1-9ubuntu1) ...

Setting up libpam0g (1.0.1-9ubuntu1) ...

Setting up libpam-modules (1.0.1-9ubuntu1) ...

Setting up base-files (5ubuntu4) ...

Setting up passwd (1:4.1.1-6ubuntu6) ...
Shadow passwords are now on.

Setting up bash (3.2-5ubuntu1) ...

Setting up login (1:4.1.1-6ubuntu6) ...

Setting up libuuid1 (1.41.4-1ubuntu1) ...

Setting up libblkid1 (1.41.4-1ubuntu1) ...

Setting up e2fsprogs (1.41.4-1ubuntu1) ...
Setting up util-linux (2.14.2-1ubuntu4) ...

Setting up initscripts (2.86.ds1-61ubuntu11) ...

Setting up upstart-compat-sysv (0.3.9-8) ...

Setting up system-services (0.3.9-8) ...

Processing triggers for libc6 ...
ldconfig deferred processing now taking place
Selecting previously deselected package adduser.
(Reading database ... 5986 files and directories currently installed.)
Unpacking adduser (from .../adduser_3.110ubuntu5_all.deb) ...
Selecting previously deselected package apt.
Unpacking apt (from .../apt_0.7.20.2ubuntu6_armel.deb) ...
Selecting previously deselected package apt-utils.
Unpacking apt-utils (from .../apt-utils_0.7.20.2ubuntu6_armel.deb) ...
Selecting previously deselected package aptitude.
Unpacking aptitude (from .../aptitude_0.4.11.11-1ubuntu1_armel.deb) ...
Selecting previously deselected package busybox-initramfs.
Unpacking busybox-initramfs (from .../busybox-initramfs_1%3a1.10.2-2ubuntu7_armel.deb) ...
Selecting previously deselected package bzip2.
Unpacking bzip2 (from .../bzip2_1.0.5-1ubuntu1_armel.deb) ...
Selecting previously deselected package ca-certificates.
Unpacking ca-certificates (from .../ca-certificates_20080809_all.deb) ...
Selecting previously deselected package console-setup.
Unpacking console-setup (from .../console-setup_1.28ubuntu8_all.deb) ...
Selecting previously deselected package console-terminus.
Unpacking console-terminus (from .../console-terminus_4.26-2.1_all.deb) ...
Selecting previously deselected package cpio.
Unpacking cpio (from .../cpio_2.9-15ubuntu1_armel.deb) ...
Selecting previously deselected package dhcp3-client.
Unpacking dhcp3-client (from .../dhcp3-client_3.1.1-5ubuntu8_armel.deb) ...
Selecting previously deselected package dhcp3-common.
Unpacking dhcp3-common (from .../dhcp3-common_3.1.1-5ubuntu8_armel.deb) ...
Selecting previously deselected package dmsetup.
Unpacking dmsetup (from .../dmsetup_2%3a1.02.27-4ubuntu5_armel.deb) ...
Selecting previously deselected package eject.
Unpacking eject (from .../eject_2.1.5+deb1+cvs20081104-5_armel.deb) ...
Selecting previously deselected package file.
Unpacking file (from .../file_4.26-2ubuntu3_armel.deb) ...
Selecting previously deselected package gnupg.
Unpacking gnupg (from .../gnupg_1.4.9-3ubuntu1_armel.deb) ...
Selecting previously deselected package gpgv.
Unpacking gpgv (from .../gpgv_1.4.9-3ubuntu1_armel.deb) ...
Selecting previously deselected package ifupdown.
Unpacking ifupdown (from .../ifupdown_0.6.8ubuntu19_armel.deb) ...
Selecting previously deselected package initramfs-tools.
Unpacking initramfs-tools (from .../initramfs-tools_0.92bubuntu29_all.deb) ...
/var/lib/dpkg/tmp.ci/preinst: 59: /sbin/vol_id: not found
Selecting previously deselected package iproute.
Unpacking iproute (from .../iproute_20080725-2_armel.deb) ...
Selecting previously deselected package iputils-ping.
Unpacking iputils-ping (from .../iputils-ping_3%3a20071127-1_armel.deb) ...
Selecting previously deselected package kbd.
Unpacking kbd (from .../kbd_1.14.1-4ubuntu4_armel.deb) ...
Selecting previously deselected package klibc-utils.
Unpacking klibc-utils (from .../klibc-utils_1.5.14-1~exp1ubuntu2_armel.deb) ...
Selecting previously deselected package klogd.
Unpacking klogd (from .../klogd_1.5-5ubuntu3_armel.deb) ...
Selecting previously deselected package laptop-detect.
Unpacking laptop-detect (from .../laptop-detect_0.13.7ubuntu1_armel.deb) ...
Selecting previously deselected package less.
Unpacking less (from .../archives/less_418-1_armel.deb) ...
Selecting previously deselected package libatm1.
Unpacking libatm1 (from .../libatm1_2.4.1-17.2_armel.deb) ...
Selecting previously deselected package libbz2-1.0.
Unpacking libbz2-1.0 (from .../libbz2-1.0_1.0.5-1ubuntu1_armel.deb) ...
Selecting previously deselected package libc6-vfp.
Unpacking libc6-vfp (from .../libc6-vfp_2.9-4ubuntu6_armel.deb) ...
Selecting previously deselected package libcap2.
Unpacking libcap2 (from .../libcap2_2.11-2_armel.deb) ...
Selecting previously deselected package libclass-accessor-perl.
Unpacking libclass-accessor-perl (from .../libclass-accessor-perl_0.31-2_all.deb) ...
Selecting previously deselected package libcurl3-gnutls.
Unpacking libcurl3-gnutls (from .../libcurl3-gnutls_7.18.2-8ubuntu4_armel.deb) ...
Selecting previously deselected package libcwidget3.
Unpacking libcwidget3 (from .../libcwidget3_0.5.12-4ubuntu1_armel.deb) ...
Selecting previously deselected package libdb4.6.
Unpacking libdb4.6 (from .../libdb4.6_4.6.21-12_armel.deb) ...
Selecting previously deselected package libdevmapper1.02.1.
Unpacking libdevmapper1.02.1 (from .../libdevmapper1.02.1_2%3a1.02.27-4ubuntu5_armel.deb) ...
Selecting previously deselected package libept0.
Unpacking libept0 (from .../libept0_0.5.26build1_armel.deb) ...
Selecting previously deselected package libfribidi0.
Unpacking libfribidi0 (from .../libfribidi0_0.10.9-1_armel.deb) ...
Selecting previously deselected package libgcrypt11.
Unpacking libgcrypt11 (from .../libgcrypt11_1.4.1-2ubuntu1_armel.deb) ...
Selecting previously deselected package libgdbm3.
Unpacking libgdbm3 (from .../libgdbm3_1.8.3-4_armel.deb) ...
Selecting previously deselected package libgnutls26.
Unpacking libgnutls26 (from .../libgnutls26_2.4.2-6_armel.deb) ...
Selecting previously deselected package libgpg-error0.
Unpacking libgpg-error0 (from .../libgpg-error0_1.4-2ubuntu7_armel.deb) ...
Selecting previously deselected package libgpm2.
Unpacking libgpm2 (from .../libgpm2_1.20.4-3.1ubuntu1_armel.deb) ...
Selecting previously deselected package libidn11.
Unpacking libidn11 (from .../libidn11_1.10-3_armel.deb) ...
Selecting previously deselected package libio-string-perl.
Unpacking libio-string-perl (from .../libio-string-perl_1.08-2_all.deb) ...
Selecting previously deselected package libkeyutils1.
Unpacking libkeyutils1 (from .../libkeyutils1_1.2-9_armel.deb) ...
Selecting previously deselected package libklibc.
Unpacking libklibc (from .../libklibc_1.5.14-1~exp1ubuntu2_armel.deb) ...
Selecting previously deselected package libkrb53.
Unpacking libkrb53 (from .../libkrb53_1.6.dfsg.4~beta1-5ubuntu2_armel.deb) ...
Selecting previously deselected package libldap-2.4-2.
Unpacking libldap-2.4-2 (from .../libldap-2.4-2_2.4.15-1ubuntu3_armel.deb) ...
Selecting previously deselected package liblockfile1.
Unpacking liblockfile1 (from .../liblockfile1_1.08-3_armel.deb) ...
Selecting previously deselected package libmagic1.
Unpacking libmagic1 (from .../libmagic1_4.26-2ubuntu3_armel.deb) ...
Selecting previously deselected package libncursesw5.
Unpacking libncursesw5 (from .../libncursesw5_5.7+20090207-1ubuntu1_armel.deb) ...
Selecting previously deselected package libnewt0.52.
Unpacking libnewt0.52 (from .../libnewt0.52_0.52.2-11.3ubuntu3_armel.deb) ...
Selecting previously deselected package libparse-debianchangelog-perl.
Unpacking libparse-debianchangelog-perl (from .../libparse-debianchangelog-perl_1.1.1-2ubuntu1_all.deb) ...
Selecting previously deselected package libpopt0.
Unpacking libpopt0 (from .../libpopt0_1.14-4_armel.deb) ...
Selecting previously deselected package libreadline5.
Unpacking libreadline5 (from .../libreadline5_5.2-4_armel.deb) ...
Selecting previously deselected package libsasl2-2.
Unpacking libsasl2-2 (from .../libsasl2-2_2.1.22.dfsg1-23ubuntu3_armel.deb) ...
Selecting previously deselected package libsasl2-modules.
Unpacking libsasl2-modules (from .../libsasl2-modules_2.1.22.dfsg1-23ubuntu3_armel.deb) ...
Selecting previously deselected package libsigc++-2.0-0c2a.
Unpacking libsigc++-2.0-0c2a (from .../libsigc++-2.0-0c2a_2.0.18-2_armel.deb) ...
Selecting previously deselected package libsqlite3-0.
Unpacking libsqlite3-0 (from .../libsqlite3-0_3.6.10-1_armel.deb) ...
Selecting previously deselected package libssl0.9.8.
Unpacking libssl0.9.8 (from .../libssl0.9.8_0.9.8g-15ubuntu3_armel.deb) ...
Selecting previously deselected package libtasn1-3.
Unpacking libtasn1-3 (from .../libtasn1-3_1.5-1_armel.deb) ...
Selecting previously deselected package libtimedate-perl.
Unpacking libtimedate-perl (from .../libtimedate-perl_1.1600-9_all.deb) ...
Selecting previously deselected package libusb-0.1-4.
Unpacking libusb-0.1-4 (from .../libusb-0.1-4_2%3a0.1.12-13_armel.deb) ...
Selecting previously deselected package libxapian15.
Unpacking libxapian15 (from .../libxapian15_1.0.7-4_armel.deb) ...
Selecting previously deselected package lockfile-progs.
Unpacking lockfile-progs (from .../lockfile-progs_0.1.11ubuntu2_armel.deb) ...
Selecting previously deselected package lsb-release.
Unpacking lsb-release (from .../lsb-release_3.2-20ubuntu4_all.deb) ...
Selecting previously deselected package mime-support.
Unpacking mime-support (from .../mime-support_3.44-1_all.deb) ...
Selecting previously deselected package module-init-tools.
Unpacking module-init-tools (from .../module-init-tools_3.7~pre9-2_armel.deb) ...
Selecting previously deselected package net-tools.
Unpacking net-tools (from .../net-tools_1.60-21ubuntu1_armel.deb) ...
Selecting previously deselected package netbase.
Unpacking netbase (from .../netbase_4.34ubuntu2_all.deb) ...
Selecting previously deselected package netcat.
Unpacking netcat (from .../netcat_1.10-38_all.deb) ...
Selecting previously deselected package netcat-traditional.
Unpacking netcat-traditional (from .../netcat-traditional_1.10-38_armel.deb) ...
Selecting previously deselected package ntpdate.
Unpacking ntpdate (from .../ntpdate_1%3a4.2.4p4+dfsg-7ubuntu5_armel.deb) ...
Selecting previously deselected package openssl.
Unpacking openssl (from .../openssl_0.9.8g-15ubuntu3_armel.deb) ...
Selecting previously deselected package perl.
Unpacking perl (from .../perl_5.10.0-19ubuntu1_armel.deb) ...
Selecting previously deselected package perl-modules.
Unpacking perl-modules (from .../perl-modules_5.10.0-19ubuntu1_all.deb) ...
Selecting previously deselected package python.
Unpacking python (from .../python_2.6.1-0ubuntu9_all.deb) ...
Selecting previously deselected package python2.6.
Unpacking python2.6 (from .../python2.6_2.6.2-0ubuntu1_armel.deb) ...
Selecting previously deselected package readline-common.
Unpacking readline-common (from .../readline-common_5.2-4_all.deb) ...
Selecting previously deselected package sudo.
Unpacking sudo (from .../sudo_1.6.9p17-1ubuntu3_armel.deb) ...
Selecting previously deselected package sysklogd.
Unpacking sysklogd (from .../sysklogd_1.5-5ubuntu3_armel.deb) ...
Selecting previously deselected package tasksel.
Unpacking tasksel (from .../tasksel_2.73ubuntu18_all.deb) ...
Selecting previously deselected package tasksel-data.
Unpacking tasksel-data (from .../tasksel-data_2.73ubuntu18_all.deb) ...
Selecting previously deselected package ubuntu-keyring.
Unpacking ubuntu-keyring (from .../ubuntu-keyring_2008.03.04_all.deb) ...
Selecting previously deselected package ubuntu-minimal.
Unpacking ubuntu-minimal (from .../ubuntu-minimal_1.140_armel.deb) ...
Selecting previously deselected package udev.
Unpacking udev (from .../archives/udev_141-1_armel.deb) ...
Adding `local diversion of /sbin/udevadm to /sbin/udevadm.upgrade'
Selecting previously deselected package vim-common.
Unpacking vim-common (from .../vim-common_2%3a7.2.079-1ubuntu5_armel.deb) ...
Selecting previously deselected package vim-tiny.
Unpacking vim-tiny (from .../vim-tiny_2%3a7.2.079-1ubuntu5_armel.deb) ...
Selecting previously deselected package whiptail.
Unpacking whiptail (from .../whiptail_0.52.2-11.3ubuntu3_armel.deb) ...
Selecting previously deselected package xkb-data.
Unpacking xkb-data (from .../xkb-data_1.5-2ubuntu11_all.deb) ...
Setting up sudo (1.6.9p17-1ubuntu3) ...
No /etc/sudoers found... creating one for you.

Setting up libc6-vfp (2.9-4ubuntu6) ...

Setting up laptop-detect (0.13.7ubuntu1) ...
Setting up gpgv (1.4.9-3ubuntu1) ...
Setting up module-init-tools (3.7~pre9-2) ...

Setting up libgdbm3 (1.8.3-4) ...

Setting up libtasn1-3 (1.5-1) ...

Setting up libpopt0 (1.14-4) ...

Setting up libusb-0.1-4 (2:0.1.12-13) ...

Setting up libgpg-error0 (1.4-2ubuntu7) ...

Setting up libssl0.9.8 (0.9.8g-15ubuntu3) ...

Setting up vim-common (2:7.2.079-1ubuntu5) ...

Setting up openssl (0.9.8g-15ubuntu3) ...

Setting up apt (0.7.20.2ubuntu6) ...

Setting up netbase (4.34ubuntu2) ...

Setting up libmagic1 (4.26-2ubuntu3) ...

Setting up libxapian15 (1.0.7-4) ...

Setting up file (4.26-2ubuntu3) ...
Setting up libfribidi0 (0.10.9-1) ...

Setting up adduser (3.110ubuntu5) ...

Setting up libklibc (1.5.14-1~exp1ubuntu2) ...
Setting up libsqlite3-0 (3.6.10-1) ...

Setting up libkeyutils1 (1.2-9) ...

Setting up libdevmapper1.02.1 (2:1.02.27-4ubuntu5) ...

Setting up libidn11 (1.10-3) ...

Setting up libatm1 (2.4.1-17.2) ...

Setting up klibc-utils (1.5.14-1~exp1ubuntu2) ...
Setting up libnewt0.52 (0.52.2-11.3ubuntu3) ...

Setting up libdb4.6 (4.6.21-12) ...
Setting up net-tools (1.60-21ubuntu1) ...
Setting up xkb-data (1.5-2ubuntu11) ...
Setting up libsigc++-2.0-0c2a (2.0.18-2) ...

Setting up netcat-traditional (1.10-38) ...

Setting up libgpm2 (1.20.4-3.1ubuntu1) ...

Setting up libept0 (0.5.26build1) ...

Setting up libncursesw5 (5.7+20090207-1ubuntu1) ...

Setting up eject (2.1.5+deb1+cvs20081104-5) ...
Setting up busybox-initramfs (1:1.10.2-2ubuntu7) ...
Setting up iputils-ping (3:20071127-1) ...
Setting up libbz2-1.0 (1.0.5-1ubuntu1) ...

Setting up mime-support (3.44-1) ...

Setting up dhcp3-common (3.1.1-5ubuntu8) ...
Setting up apt-utils (0.7.20.2ubuntu6) ...

Setting up libkrb53 (1.6.dfsg.4~beta1-5ubuntu2) ...

Setting up cpio (2.9-15ubuntu1) ...

Setting up ca-certificates (20080809) ...
Updating certificates in /etc/ssl/certs....done.
Running hooks in /etc/ca-certificates/update.d....done.

Setting up vim-tiny (2:7.2.079-1ubuntu5) ...

Setting up less (418-1) ...

Setting up readline-common (5.2-4) ...

Setting up libcap2 (2.11-2) ...

Setting up netcat (1.10-38) ...
Setting up liblockfile1 (1.08-3) ...

Setting up libgcrypt11 (1.4.1-2ubuntu1) ...

Setting up bzip2 (1.0.5-1ubuntu1) ...

Setting up whiptail (0.52.2-11.3ubuntu3) ...
Setting up ifupdown (0.6.8ubuntu19) ...

Setting up dhcp3-client (3.1.1-5ubuntu8) ...

Setting up libreadline5 (5.2-4) ...

Setting up lockfile-progs (0.1.11ubuntu2) ...
Setting up iproute (20080725-2) ...
Setting up libcwidget3 (0.5.12-4ubuntu1) ...

Setting up libgnutls26 (2.4.2-6) ...

Setting up aptitude (0.4.11.11-1ubuntu1) ...

Setting up ntpdate (1:4.2.4p4+dfsg-7ubuntu5) ...
Setting up python2.6 (2.6.2-0ubuntu1) ...

Setting up python (2.6.1-0ubuntu9) ...

Setting up lsb-release (3.2-20ubuntu4) ...

Setting up libsasl2-modules (2.1.22.dfsg1-23ubuntu3) ...
Setting up libsasl2-2 (2.1.22.dfsg1-23ubuntu3) ...

Setting up console-terminus (4.26-2.1) ...
Setting up sysklogd (1.5-5ubuntu3) ...
 * Starting system log daemon...

Warning: Fake start-stop-daemon called, doing nothing
   ...done.

Setting up libldap-2.4-2 (2.4.15-1ubuntu3) ...

Setting up klogd (1.5-5ubuntu3) ...
 * Starting kernel log daemon...

Warning: Fake start-stop-daemon called, doing nothing

Warning: Fake start-stop-daemon called, doing nothing
   ...done.

Setting up initramfs-tools (0.92bubuntu29) ...
update-initramfs: deferring update (trigger activated)

Setting up libcurl3-gnutls (7.18.2-8ubuntu4) ...

Setting up perl-modules (5.10.0-19ubuntu1) ...
Setting up console-setup (1.28ubuntu8) ...
 * Setting up console font and keymap...
   ...done.
update-initramfs: deferring update (trigger activated)

Setting up tasksel-data (2.73ubuntu18) ...
Setting up gnupg (1.4.9-3ubuntu1) ...
Setting up kbd (1.14.1-4ubuntu4) ...
 Removing any system startup links for /etc/init.d/console-screen.kbd.sh ...
update-initramfs: deferring update (trigger activated)

Setting up ubuntu-keyring (2008.03.04) ...
gpg: /etc/apt/trustdb.gpg: trustdb created
gpg: key 437D05B5: "Ubuntu Archive Automatic Signing Key <ftpmaster@ubuntu.com>" 17 new signatures
gpg: key FBB75451: public key "Ubuntu CD Image Automatic Signing Key <cdimage@ubuntu.com>" imported
gpg: Total number processed: 2
gpg:               imported: 1
gpg:         new signatures: 17
gpg: no ultimately trusted keys found
gpg: keyring `/usr/share/keyrings/ubuntu-archive-removed-keys.gpg' created

Setting up dmsetup (2:1.02.27-4ubuntu5) ...
update-initramfs: deferring update (trigger activated)

Setting up perl (5.10.0-19ubuntu1) ...

Setting up udev (141-1) ...
 * Stopping kernel event manager...

Warning: Fake start-stop-daemon called, doing nothing
   ...done.
 * Starting kernel event manager...

Warning: Fake start-stop-daemon called, doing nothing
   ...done.
Removing `local diversion of /sbin/udevadm to /sbin/udevadm.upgrade'
update-initramfs: deferring update (trigger activated)

Setting up libio-string-perl (1.08-2) ...
Setting up libclass-accessor-perl (0.31-2) ...
Setting up libtimedate-perl (1.1600-9) ...
Setting up tasksel (2.73ubuntu18) ...

Setting up libparse-debianchangelog-perl (1.1.1-2ubuntu1) ...
Setting up ubuntu-minimal (1.140) ...
Processing triggers for libc6 ...
ldconfig deferred processing now taking place
Processing triggers for initramfs-tools ...
