May  9 11:25:58 ubuntu init: tty4 main process (1117) killed by TERM signal
May  9 11:25:58 ubuntu init: tty5 main process (1118) killed by TERM signal
May  9 11:25:58 ubuntu init: tty2 main process (1157) killed by TERM signal
May  9 11:25:58 ubuntu init: tty3 main process (1158) killed by TERM signal
May  9 11:25:58 ubuntu init: tty6 main process (1159) killed by TERM signal
May  9 11:25:58 ubuntu init: tty1 main process (1235) killed by TERM signal
May  9 11:36:32 ubuntu modprobe: FATAL: Could not load /lib/modules/2.6.28-6-versatile/modules.dep: No such file or directory 
May  9 11:36:35 ubuntu last message repeated 3 times
May  9 12:00:29 ubuntu dbus-daemon: Reloaded configuration
May  9 12:01:35 ubuntu dbus-daemon: Reloaded configuration
May  9 12:01:52 ubuntu dbus-daemon: Reloaded configuration
May  9 12:09:26 ubuntu init: tty4 main process (1208) killed by TERM signal
May  9 12:09:26 ubuntu init: tty5 main process (1210) killed by TERM signal
May  9 12:09:26 ubuntu init: tty2 main process (1220) killed by TERM signal
May  9 12:09:26 ubuntu init: tty3 main process (1234) killed by TERM signal
May  9 12:09:26 ubuntu init: tty6 main process (1235) killed by TERM signal
May  9 12:09:26 ubuntu init: tty1 main process (1338) killed by TERM signal
May  9 12:11:54 ubuntu init: ttyS0 main process (1294) terminated with status 1
May  9 12:11:54 ubuntu init: ttyS0 main process ended, respawning
May  9 12:12:04 ubuntu init: ttyS0 main process (1368) terminated with status 1
May  9 12:12:04 ubuntu init: ttyS0 main process ended, respawning
May  9 12:12:14 ubuntu init: ttyS0 main process (1428) terminated with status 1
May  9 12:12:14 ubuntu init: ttyS0 main process ended, respawning
May  9 12:12:24 ubuntu init: ttyS0 main process (1558) terminated with status 1
May  9 12:12:24 ubuntu init: ttyS0 main process ended, respawning
May  9 12:12:34 ubuntu init: ttyS0 main process (1595) terminated with status 1
May  9 12:12:34 ubuntu init: ttyS0 main process ended, respawning
May  9 12:12:45 ubuntu init: ttyS0 main process (1608) terminated with status 1
May  9 12:12:45 ubuntu init: ttyS0 main process ended, respawning
May  9 12:12:57 ubuntu init: ttyS0 main process (1609) terminated with status 1
May  9 12:12:57 ubuntu init: ttyS0 main process ended, respawning
May  9 12:13:07 ubuntu init: ttyS0 main process (1610) terminated with status 1
May  9 12:13:07 ubuntu init: ttyS0 main process ended, respawning
May  9 12:13:17 ubuntu init: ttyS0 main process (1613) terminated with status 1
May  9 12:13:17 ubuntu init: ttyS0 main process ended, respawning
May  9 12:13:22 ubuntu console-kit-daemon[1429]: WARNING: Couldn't read /proc/1427/environ: Failed to open file '/proc/1427/environ': No such file or directory 
May  9 12:13:27 ubuntu init: ttyS0 main process (1614) terminated with status 1
May  9 12:13:27 ubuntu init: ttyS0 main process ended, respawning
May  9 12:13:38 ubuntu init: ttyS0 main process (1658) terminated with status 1
May  9 12:13:38 ubuntu init: ttyS0 main process ended, respawning
May  9 12:13:54 ubuntu init: ttyS0 main process (1688) terminated with status 1
May  9 12:13:54 ubuntu init: ttyS0 main process ended, respawning
May  9 12:14:04 ubuntu init: ttyS0 main process (1689) terminated with status 1
May  9 12:14:04 ubuntu init: ttyS0 main process ended, respawning
May  9 12:14:18 ubuntu init: ttyS0 main process (1694) terminated with status 1
May  9 12:14:18 ubuntu init: ttyS0 main process ended, respawning
May  9 12:14:28 ubuntu init: ttyS0 main process (1695) terminated with status 1
May  9 12:14:28 ubuntu init: ttyS0 main process ended, respawning
May  9 12:14:38 ubuntu init: ttyS0 main process (1696) terminated with status 1
May  9 12:14:38 ubuntu init: ttyS0 main process ended, respawning
May  9 12:14:48 ubuntu init: ttyS0 main process (1697) terminated with status 1
May  9 12:14:48 ubuntu init: ttyS0 main process ended, respawning
May  9 12:14:58 ubuntu init: ttyS0 main process (1698) terminated with status 1
May  9 12:14:58 ubuntu init: ttyS0 main process ended, respawning
May  9 12:15:09 ubuntu init: ttyS0 main process (1699) terminated with status 1
May  9 12:15:09 ubuntu init: ttyS0 main process ended, respawning
May  9 12:15:19 ubuntu init: ttyS0 main process (1700) terminated with status 1
May  9 12:15:19 ubuntu init: ttyS0 main process ended, respawning
May  9 12:15:29 ubuntu init: ttyS0 main process (1729) terminated with status 1
May  9 12:15:29 ubuntu init: ttyS0 main process ended, respawning
May  9 12:15:39 ubuntu init: ttyS0 main process (1753) terminated with status 1
May  9 12:15:39 ubuntu init: ttyS0 main process ended, respawning
May  9 12:15:49 ubuntu init: ttyS0 main process (1756) terminated with status 1
May  9 12:15:50 ubuntu init: ttyS0 main process ended, respawning
May  9 12:16:00 ubuntu init: ttyS0 main process (1757) terminated with status 1
May  9 12:16:00 ubuntu init: ttyS0 main process ended, respawning
May  9 12:16:11 ubuntu init: ttyS0 main process (1760) terminated with status 1
May  9 12:16:11 ubuntu init: ttyS0 main process ended, respawning
May  9 12:16:21 ubuntu init: ttyS0 main process (1763) terminated with status 1
May  9 12:16:21 ubuntu init: ttyS0 main process ended, respawning
May  9 12:16:31 ubuntu init: ttyS0 main process (1766) terminated with status 1
May  9 12:16:31 ubuntu init: ttyS0 main process ended, respawning
May  9 12:16:41 ubuntu init: ttyS0 main process (1769) terminated with status 1
May  9 12:16:41 ubuntu init: ttyS0 main process ended, respawning
May  9 12:16:51 ubuntu init: ttyS0 main process (1770) terminated with status 1
May  9 12:16:51 ubuntu init: ttyS0 main process ended, respawning
May  9 12:17:08 ubuntu init: ttyS0 main process (1771) terminated with status 1
May  9 12:17:08 ubuntu init: ttyS0 main process ended, respawning
May  9 12:17:18 ubuntu init: ttyS0 main process (1773) terminated with status 1
May  9 12:17:19 ubuntu init: ttyS0 main process ended, respawning
May  9 12:17:29 ubuntu init: ttyS0 main process (1774) terminated with status 1
May  9 12:17:29 ubuntu init: ttyS0 main process ended, respawning
May  9 12:17:39 ubuntu init: ttyS0 main process (1775) terminated with status 1
May  9 12:17:39 ubuntu init: ttyS0 main process ended, respawning
May  9 12:17:49 ubuntu init: ttyS0 main process (1776) terminated with status 1
May  9 12:17:49 ubuntu init: ttyS0 main process ended, respawning
May  9 12:17:59 ubuntu init: ttyS0 main process (1777) terminated with status 1
May  9 12:17:59 ubuntu init: ttyS0 main process ended, respawning
May  9 12:18:09 ubuntu init: ttyS0 main process (1778) terminated with status 1
May  9 12:18:09 ubuntu init: ttyS0 main process ended, respawning
May  9 12:18:19 ubuntu init: ttyS0 main process (1779) terminated with status 1
May  9 12:18:19 ubuntu init: ttyS0 main process ended, respawning
May  9 12:18:30 ubuntu init: ttyS0 main process (1780) terminated with status 1
May  9 12:18:30 ubuntu init: ttyS0 main process ended, respawning
May  9 12:18:40 ubuntu init: ttyS0 main process (1781) terminated with status 1
May  9 12:18:40 ubuntu init: ttyS0 main process ended, respawning
May  9 12:18:50 ubuntu init: ttyS0 main process (1782) terminated with status 1
May  9 12:18:50 ubuntu init: ttyS0 main process ended, respawning
May  9 12:19:04 ubuntu init: ttyS0 main process (1783) terminated with status 1
May  9 12:19:05 ubuntu init: ttyS0 main process ended, respawning
May  9 12:19:15 ubuntu init: ttyS0 main process (1784) terminated with status 1
May  9 12:19:15 ubuntu init: ttyS0 main process ended, respawning
May  9 12:24:02 ubuntu init: ttyS0 main process (1318) terminated with status 1
May  9 12:24:03 ubuntu init: ttyS0 main process ended, respawning
May  9 12:24:13 ubuntu init: ttyS0 main process (1403) terminated with status 1
May  9 12:24:13 ubuntu init: ttyS0 main process ended, respawning
May  9 12:24:23 ubuntu init: ttyS0 main process (1507) terminated with status 1
May  9 12:24:23 ubuntu init: ttyS0 main process ended, respawning
May  9 12:24:33 ubuntu init: ttyS0 main process (1536) terminated with status 1
May  9 12:24:33 ubuntu init: ttyS0 main process ended, respawning
May  9 12:24:44 ubuntu init: ttyS0 main process (1574) terminated with status 1
May  9 12:24:44 ubuntu init: ttyS0 main process ended, respawning
May  9 12:24:55 ubuntu init: ttyS0 main process (1579) terminated with status 1
May  9 12:24:55 ubuntu init: ttyS0 main process ended, respawning
May  9 12:25:05 ubuntu init: ttyS0 main process (1602) terminated with status 1
May  9 12:25:05 ubuntu init: ttyS0 main process ended, respawning
May  9 12:25:06 ubuntu console-kit-daemon[1406]: WARNING: Couldn't read /proc/1402/environ: Failed to open file '/proc/1402/environ': No such file or directory 
May  9 12:25:15 ubuntu init: ttyS0 main process (1617) terminated with status 1
May  9 12:25:15 ubuntu init: ttyS0 main process ended, respawning
May  9 12:25:25 ubuntu init: ttyS0 main process (1654) terminated with status 1
May  9 12:25:25 ubuntu init: ttyS0 main process ended, respawning
May  9 12:25:39 ubuntu init: ttyS0 main process (1673) terminated with status 1
May  9 12:25:39 ubuntu init: ttyS0 main process ended, respawning
May  9 12:25:49 ubuntu init: ttyS0 main process (1677) terminated with status 1
May  9 12:25:49 ubuntu init: ttyS0 main process ended, respawning
May  9 12:25:59 ubuntu init: ttyS0 main process (1679) terminated with status 1
May  9 12:25:59 ubuntu init: ttyS0 main process ended, respawning
May  9 12:26:10 ubuntu init: ttyS0 main process (1680) terminated with status 1
May  9 12:26:10 ubuntu init: ttyS0 main process ended, respawning
May  9 12:26:20 ubuntu init: ttyS0 main process (1681) terminated with status 1
May  9 12:26:20 ubuntu init: ttyS0 main process ended, respawning
May  9 12:26:30 ubuntu init: ttyS0 main process (1682) terminated with status 1
May  9 12:26:30 ubuntu init: ttyS0 main process ended, respawning
May  9 12:26:40 ubuntu init: ttyS0 main process (1683) terminated with status 1
May  9 12:26:40 ubuntu init: ttyS0 main process ended, respawning
May  9 12:26:50 ubuntu init: ttyS0 main process (1684) terminated with status 1
May  9 12:26:50 ubuntu init: ttyS0 main process ended, respawning
May  9 12:27:06 ubuntu init: ttyS0 main process (1694) terminated with status 1
May  9 12:27:06 ubuntu init: ttyS0 main process ended, respawning
May  9 12:27:17 ubuntu init: ttyS0 main process (1697) terminated with status 1
May  9 12:27:20 ubuntu init: ttyS0 main process ended, respawning
May  9 12:27:31 ubuntu init: ttyS0 main process (1701) terminated with status 1
May  9 12:27:31 ubuntu init: ttyS0 main process ended, respawning
May  9 12:27:41 ubuntu init: ttyS0 main process (1722) terminated with status 1
May  9 12:27:41 ubuntu init: ttyS0 main process ended, respawning
May  9 12:28:03 ubuntu init: ttyS0 main process (1723) terminated with status 1
May  9 12:28:03 ubuntu init: ttyS0 main process ended, respawning
May  9 12:28:13 ubuntu init: ttyS0 main process (1725) terminated with status 1
May  9 12:28:13 ubuntu init: ttyS0 main process ended, respawning
May  9 12:28:23 ubuntu init: ttyS0 main process (1726) terminated with status 1
May  9 12:28:23 ubuntu init: ttyS0 main process ended, respawning
May  9 12:28:33 ubuntu init: ttyS0 main process (1729) terminated with status 1
May  9 12:28:33 ubuntu init: ttyS0 main process ended, respawning
May  9 12:28:44 ubuntu init: ttyS0 main process (1732) terminated with status 1
May  9 12:28:44 ubuntu init: ttyS0 main process ended, respawning
May  9 12:28:54 ubuntu init: ttyS0 main process (1737) terminated with status 1
May  9 12:28:54 ubuntu init: ttyS0 main process ended, respawning
May  9 12:29:07 ubuntu init: ttyS0 main process (1738) terminated with status 1
May  9 12:29:07 ubuntu init: ttyS0 main process ended, respawning
May  9 12:29:21 ubuntu init: ttyS0 main process (1739) terminated with status 1
May  9 12:29:21 ubuntu init: ttyS0 main process ended, respawning
May  9 12:29:31 ubuntu init: ttyS0 main process (1740) terminated with status 1
May  9 12:29:31 ubuntu init: ttyS0 main process ended, respawning
May  9 12:29:41 ubuntu init: ttyS0 main process (1741) terminated with status 1
May  9 12:29:41 ubuntu init: ttyS0 main process ended, respawning
May  9 12:29:51 ubuntu init: ttyS0 main process (1742) terminated with status 1
May  9 12:29:51 ubuntu init: ttyS0 main process ended, respawning
May  9 12:30:01 ubuntu init: ttyS0 main process (1743) terminated with status 1
May  9 12:30:01 ubuntu init: ttyS0 main process ended, respawning
May  9 12:30:11 ubuntu init: ttyS0 main process (1744) terminated with status 1
May  9 12:30:11 ubuntu init: ttyS0 main process ended, respawning
May  9 12:30:22 ubuntu init: ttyS0 main process (1745) terminated with status 1
May  9 12:30:22 ubuntu init: ttyS0 main process ended, respawning
May  9 12:30:33 ubuntu init: ttyS0 main process (1750) terminated with status 1
May  9 12:30:33 ubuntu init: ttyS0 main process ended, respawning
May  9 12:30:43 ubuntu init: ttyS0 main process (1752) terminated with status 1
May  9 12:30:43 ubuntu init: ttyS0 main process ended, respawning
May  9 12:30:53 ubuntu init: ttyS0 main process (1753) terminated with status 1
May  9 12:30:53 ubuntu init: ttyS0 main process ended, respawning
May  9 12:31:03 ubuntu init: ttyS0 main process (1754) terminated with status 1
May  9 12:31:03 ubuntu init: ttyS0 main process ended, respawning
May  9 12:31:13 ubuntu init: ttyS0 main process (1755) terminated with status 1
May  9 12:31:13 ubuntu init: ttyS0 main process ended, respawning
May  9 12:31:24 ubuntu init: ttyS0 main process (1756) terminated with status 1
May  9 12:31:24 ubuntu init: ttyS0 main process ended, respawning
May  9 12:31:34 ubuntu init: ttyS0 main process (1757) terminated with status 1
May  9 12:31:34 ubuntu init: ttyS0 main process ended, respawning
May  9 12:31:44 ubuntu init: ttyS0 main process (1758) terminated with status 1
May  9 12:31:44 ubuntu init: ttyS0 main process ended, respawning
May  9 12:31:54 ubuntu init: ttyS0 main process (1759) terminated with status 1
May  9 12:31:54 ubuntu init: ttyS0 main process ended, respawning
May  9 12:32:04 ubuntu init: ttyS0 main process (1760) terminated with status 1
May  9 12:32:04 ubuntu init: ttyS0 main process ended, respawning
May  9 12:32:14 ubuntu init: ttyS0 main process (1761) terminated with status 1
May  9 12:32:14 ubuntu init: ttyS0 main process ended, respawning
May  9 12:32:24 ubuntu init: ttyS0 main process (1762) terminated with status 1
May  9 12:32:24 ubuntu init: ttyS0 main process ended, respawning
May  9 12:32:39 ubuntu init: ttyS0 main process (1763) terminated with status 1
May  9 12:32:39 ubuntu init: ttyS0 main process ended, respawning
May  9 12:32:49 ubuntu init: ttyS0 main process (1764) terminated with status 1
May  9 12:32:49 ubuntu init: ttyS0 main process ended, respawning
May  9 12:33:14 ubuntu init: ttyS0 main process (1765) terminated with status 1
May  9 12:33:15 ubuntu init: ttyS0 main process ended, respawning
May  9 12:33:44 ubuntu init: ttyS0 main process (1766) terminated with status 1
May  9 12:33:44 ubuntu init: ttyS0 main process ended, respawning
May  9 12:33:55 ubuntu init: ttyS0 main process (1767) terminated with status 1
May  9 12:33:55 ubuntu init: ttyS0 main process ended, respawning
May  9 12:34:05 ubuntu init: ttyS0 main process (1768) terminated with status 1
May  9 12:34:05 ubuntu init: ttyS0 main process ended, respawning
May  9 12:34:15 ubuntu init: ttyS0 main process (1769) terminated with status 1
May  9 12:34:15 ubuntu init: ttyS0 main process ended, respawning
May  9 12:34:26 ubuntu init: ttyS0 main process (1770) terminated with status 1
May  9 12:34:26 ubuntu init: ttyS0 main process ended, respawning
May  9 12:34:36 ubuntu init: ttyS0 main process (1771) terminated with status 1
May  9 12:34:36 ubuntu init: ttyS0 main process ended, respawning
May  9 12:34:47 ubuntu init: ttyS0 main process (1772) terminated with status 1
May  9 12:34:47 ubuntu init: ttyS0 main process ended, respawning
May  9 12:34:59 ubuntu init: ttyS0 main process (1773) terminated with status 1
May  9 12:34:59 ubuntu init: ttyS0 main process ended, respawning
May  9 12:35:09 ubuntu init: ttyS0 main process (1774) terminated with status 1
May  9 12:35:09 ubuntu init: ttyS0 main process ended, respawning
May  9 12:35:23 ubuntu init: ttyS0 main process (1775) terminated with status 1
May  9 12:35:23 ubuntu init: ttyS0 main process ended, respawning
May  9 12:35:33 ubuntu init: ttyS0 main process (1777) terminated with status 1
May  9 12:35:33 ubuntu init: ttyS0 main process ended, respawning
May  9 12:35:45 ubuntu init: ttyS0 main process (1778) terminated with status 1
May  9 12:35:45 ubuntu init: ttyS0 main process ended, respawning
May  9 12:35:55 ubuntu init: ttyS0 main process (1779) terminated with status 1
May  9 12:35:55 ubuntu init: ttyS0 main process ended, respawning
May  9 12:36:06 ubuntu init: ttyS0 main process (1780) terminated with status 1
May  9 12:36:06 ubuntu init: ttyS0 main process ended, respawning
May  9 12:36:16 ubuntu init: ttyS0 main process (1781) terminated with status 1
May  9 12:36:17 ubuntu init: ttyS0 main process ended, respawning
May  9 12:36:27 ubuntu init: ttyS0 main process (1782) terminated with status 1
May  9 12:36:27 ubuntu init: ttyS0 main process ended, respawning
May  9 12:36:37 ubuntu init: ttyS0 main process (1783) terminated with status 1
May  9 12:36:37 ubuntu init: ttyS0 main process ended, respawning
May  9 12:36:48 ubuntu init: ttyS0 main process (1784) terminated with status 1
May  9 12:36:48 ubuntu init: ttyS0 main process ended, respawning
May  9 12:36:58 ubuntu init: ttyS0 main process (1788) terminated with status 1
May  9 12:36:58 ubuntu init: ttyS0 main process ended, respawning
May  9 12:37:08 ubuntu init: ttyS0 main process (1790) terminated with status 1
May  9 12:37:08 ubuntu init: ttyS0 main process ended, respawning
May  9 12:37:18 ubuntu init: ttyS0 main process (1791) terminated with status 1
May  9 12:37:18 ubuntu init: ttyS0 main process ended, respawning
May  9 12:37:28 ubuntu init: ttyS0 main process (1793) terminated with status 1
May  9 12:37:28 ubuntu init: ttyS0 main process ended, respawning
May  9 12:37:38 ubuntu init: ttyS0 main process (1794) terminated with status 1
May  9 12:37:38 ubuntu init: ttyS0 main process ended, respawning
May  9 12:37:49 ubuntu init: ttyS0 main process (1796) terminated with status 1
May  9 12:37:49 ubuntu init: ttyS0 main process ended, respawning
May  9 12:37:59 ubuntu init: ttyS0 main process (1798) terminated with status 1
May  9 12:37:59 ubuntu init: ttyS0 main process ended, respawning
May  9 12:38:09 ubuntu init: ttyS0 main process (1800) terminated with status 1
May  9 12:38:09 ubuntu init: ttyS0 main process ended, respawning
May  9 12:38:19 ubuntu init: ttyS0 main process (1802) terminated with status 1
May  9 12:38:19 ubuntu init: ttyS0 main process ended, respawning
May  9 12:38:29 ubuntu init: ttyS0 main process (1805) terminated with status 1
May  9 12:38:29 ubuntu init: ttyS0 main process ended, respawning
May  9 12:38:39 ubuntu init: ttyS0 main process (1807) terminated with status 1
May  9 12:38:39 ubuntu init: ttyS0 main process ended, respawning
May  9 12:38:53 ubuntu init: ttyS0 main process (1809) terminated with status 1
May  9 12:38:53 ubuntu init: ttyS0 main process ended, respawning
May  9 12:39:03 ubuntu init: ttyS0 main process (1810) terminated with status 1
May  9 12:39:03 ubuntu init: ttyS0 main process ended, respawning
May  9 12:39:13 ubuntu init: ttyS0 main process (1812) terminated with status 1
May  9 12:39:13 ubuntu init: ttyS0 main process ended, respawning
May  9 12:39:23 ubuntu init: ttyS0 main process (1813) terminated with status 1
May  9 12:39:23 ubuntu init: ttyS0 main process ended, respawning
May  9 12:39:34 ubuntu init: ttyS0 main process (1816) terminated with status 1
May  9 12:39:34 ubuntu init: ttyS0 main process ended, respawning
May  9 12:39:44 ubuntu init: ttyS0 main process (1818) terminated with status 1
May  9 12:39:44 ubuntu init: ttyS0 main process ended, respawning
May  9 12:39:54 ubuntu init: ttyS0 main process (1820) terminated with status 1
May  9 12:39:55 ubuntu init: ttyS0 main process ended, respawning
May  9 12:40:05 ubuntu init: ttyS0 main process (1821) terminated with status 1
May  9 12:40:05 ubuntu init: ttyS0 main process ended, respawning
May  9 12:40:24 ubuntu init: ttyS0 main process (1822) terminated with status 1
May  9 12:40:24 ubuntu init: ttyS0 main process ended, respawning
May  9 12:40:34 ubuntu init: ttyS0 main process (1824) terminated with status 1
May  9 12:40:34 ubuntu init: ttyS0 main process ended, respawning
May  9 12:40:44 ubuntu init: ttyS0 main process (1825) terminated with status 1
May  9 12:40:44 ubuntu init: ttyS0 main process ended, respawning
May  9 12:40:54 ubuntu init: ttyS0 main process (1826) terminated with status 1
May  9 12:40:54 ubuntu init: ttyS0 main process ended, respawning
May  9 12:41:04 ubuntu init: ttyS0 main process (1827) terminated with status 1
May  9 12:41:04 ubuntu init: ttyS0 main process ended, respawning
May  9 12:41:15 ubuntu init: ttyS0 main process (1831) terminated with status 1
May  9 12:41:15 ubuntu init: ttyS0 main process ended, respawning
May  9 12:41:25 ubuntu init: ttyS0 main process (1833) terminated with status 1
May  9 12:41:25 ubuntu init: ttyS0 main process ended, respawning
May  9 12:41:42 ubuntu init: ttyS0 main process (1834) terminated with status 1
May  9 12:41:42 ubuntu init: ttyS0 main process ended, respawning
May  9 12:41:52 ubuntu init: ttyS0 main process (1836) terminated with status 1
May  9 12:41:52 ubuntu init: ttyS0 main process ended, respawning
May  9 12:42:03 ubuntu init: ttyS0 main process (1840) terminated with status 1
May  9 12:42:03 ubuntu init: ttyS0 main process ended, respawning
May  9 12:42:13 ubuntu init: ttyS0 main process (1873) terminated with status 1
May  9 12:42:13 ubuntu init: ttyS0 main process ended, respawning
May  9 12:42:23 ubuntu init: ttyS0 main process (1906) terminated with status 1
May  9 12:42:23 ubuntu init: ttyS0 main process ended, respawning
May  9 12:42:33 ubuntu init: ttyS0 main process (1919) terminated with status 1
May  9 12:42:33 ubuntu init: ttyS0 main process ended, respawning
May  9 12:42:43 ubuntu init: ttyS0 main process (1920) terminated with status 1
May  9 12:42:43 ubuntu init: ttyS0 main process ended, respawning
May  9 12:42:53 ubuntu init: ttyS0 main process (1921) terminated with status 1
May  9 12:42:53 ubuntu init: ttyS0 main process ended, respawning
May  9 12:43:03 ubuntu init: ttyS0 main process (1922) terminated with status 1
May  9 12:43:03 ubuntu init: ttyS0 main process ended, respawning
May  9 12:43:14 ubuntu init: ttyS0 main process (1923) terminated with status 1
May  9 12:43:14 ubuntu init: ttyS0 main process ended, respawning
May  9 12:43:24 ubuntu init: ttyS0 main process (1924) terminated with status 1
May  9 12:43:24 ubuntu init: ttyS0 main process ended, respawning
May  9 12:43:48 ubuntu init: ttyS0 main process (1925) terminated with status 1
May  9 12:43:48 ubuntu init: ttyS0 main process ended, respawning
May  9 12:43:59 ubuntu init: ttyS0 main process (1928) terminated with status 1
May  9 12:43:59 ubuntu init: ttyS0 main process ended, respawning
May  9 12:44:09 ubuntu init: ttyS0 main process (1933) terminated with status 1
May  9 12:44:09 ubuntu init: ttyS0 main process ended, respawning
May  9 12:44:19 ubuntu init: ttyS0 main process (1941) terminated with status 1
May  9 12:44:19 ubuntu init: ttyS0 main process ended, respawning
May  9 12:44:29 ubuntu init: ttyS0 main process (1953) terminated with status 1
May  9 12:44:29 ubuntu init: ttyS0 main process ended, respawning
May  9 12:44:40 ubuntu init: ttyS0 main process (1954) terminated with status 1
May  9 12:44:40 ubuntu init: ttyS0 main process ended, respawning
May  9 12:44:50 ubuntu init: ttyS0 main process (1955) terminated with status 1
May  9 12:44:50 ubuntu init: ttyS0 main process ended, respawning
May  9 12:45:00 ubuntu init: ttyS0 main process (1956) terminated with status 1
May  9 12:45:00 ubuntu init: ttyS0 main process ended, respawning
May  9 12:45:16 ubuntu init: ttyS0 main process (1957) terminated with status 1
May  9 12:45:16 ubuntu init: ttyS0 main process ended, respawning
May  9 12:45:27 ubuntu init: ttyS0 main process (1960) terminated with status 1
May  9 12:45:27 ubuntu init: ttyS0 main process ended, respawning
May  9 12:45:38 ubuntu init: ttyS0 main process (1965) terminated with status 1
May  9 12:45:38 ubuntu init: ttyS0 main process ended, respawning
May  9 12:45:48 ubuntu init: ttyS0 main process (1981) terminated with status 1
May  9 12:45:48 ubuntu init: ttyS0 main process ended, respawning
May  9 12:45:58 ubuntu init: ttyS0 main process (1985) terminated with status 1
May  9 12:45:58 ubuntu init: ttyS0 main process ended, respawning
May  9 12:46:08 ubuntu init: ttyS0 main process (1986) terminated with status 1
May  9 12:46:08 ubuntu init: ttyS0 main process ended, respawning
May  9 12:46:18 ubuntu init: ttyS0 main process (1987) terminated with status 1
May  9 12:46:18 ubuntu init: ttyS0 main process ended, respawning
May  9 12:46:28 ubuntu init: ttyS0 main process (1988) terminated with status 1
May  9 12:46:28 ubuntu init: ttyS0 main process ended, respawning
May  9 12:46:39 ubuntu init: ttyS0 main process (1989) terminated with status 1
May  9 12:46:39 ubuntu init: ttyS0 main process ended, respawning
May  9 12:47:02 ubuntu init: ttyS0 main process (1990) terminated with status 1
May  9 12:47:02 ubuntu init: ttyS0 main process ended, respawning
May  9 12:47:29 ubuntu init: ttyS0 main process (1992) terminated with status 1
May  9 12:47:29 ubuntu init: ttyS0 main process ended, respawning
May  9 12:47:40 ubuntu init: ttyS0 main process (1994) terminated with status 1
May  9 12:47:40 ubuntu init: ttyS0 main process ended, respawning
May  9 12:47:50 ubuntu init: ttyS0 main process (1995) terminated with status 1
May  9 12:47:50 ubuntu init: ttyS0 main process ended, respawning
May  9 12:48:00 ubuntu init: ttyS0 main process (1996) terminated with status 1
May  9 12:48:00 ubuntu init: ttyS0 main process ended, respawning
May  9 12:48:10 ubuntu init: ttyS0 main process (1997) terminated with status 1
May  9 12:48:10 ubuntu init: ttyS0 main process ended, respawning
May  9 12:48:20 ubuntu init: ttyS0 main process (1998) terminated with status 1
May  9 12:48:20 ubuntu init: ttyS0 main process ended, respawning
May  9 12:48:30 ubuntu init: ttyS0 main process (1999) terminated with status 1
May  9 12:48:30 ubuntu init: ttyS0 main process ended, respawning
May  9 12:48:41 ubuntu init: ttyS0 main process (2000) terminated with status 1
May  9 12:48:41 ubuntu init: ttyS0 main process ended, respawning
May  9 12:48:53 ubuntu init: ttyS0 main process (2001) terminated with status 1
May  9 12:48:53 ubuntu init: ttyS0 main process ended, respawning
May  9 12:49:03 ubuntu init: ttyS0 main process (2004) terminated with status 1
May  9 12:49:03 ubuntu init: ttyS0 main process ended, respawning
May  9 12:49:14 ubuntu init: ttyS0 main process (2010) terminated with status 1
May  9 12:49:14 ubuntu init: ttyS0 main process ended, respawning
May  9 12:49:24 ubuntu init: ttyS0 main process (2039) terminated with status 1
May  9 12:49:24 ubuntu init: ttyS0 main process ended, respawning
May  9 12:49:34 ubuntu init: ttyS0 main process (2080) terminated with status 1
May  9 12:49:34 ubuntu init: ttyS0 main process ended, respawning
May  9 12:49:44 ubuntu init: ttyS0 main process (2081) terminated with status 1
May  9 12:49:44 ubuntu init: ttyS0 main process ended, respawning
May  9 12:49:54 ubuntu init: ttyS0 main process (2082) terminated with status 1
May  9 12:49:54 ubuntu init: ttyS0 main process ended, respawning
May  9 12:50:06 ubuntu init: ttyS0 main process (2083) terminated with status 1
May  9 12:50:06 ubuntu init: ttyS0 main process ended, respawning
May  9 12:50:17 ubuntu init: ttyS0 main process (2086) terminated with status 1
May  9 12:50:17 ubuntu init: ttyS0 main process ended, respawning
May  9 12:50:27 ubuntu init: ttyS0 main process (2093) terminated with status 1
May  9 12:50:27 ubuntu init: ttyS0 main process ended, respawning
May  9 12:50:37 ubuntu init: ttyS0 main process (2101) terminated with status 1
May  9 12:50:37 ubuntu init: ttyS0 main process ended, respawning
May  9 12:50:47 ubuntu init: ttyS0 main process (2106) terminated with status 1
May  9 12:50:47 ubuntu init: ttyS0 main process ended, respawning
May  9 12:50:57 ubuntu init: ttyS0 main process (2107) terminated with status 1
May  9 12:50:57 ubuntu init: ttyS0 main process ended, respawning
May  9 12:51:08 ubuntu init: ttyS0 main process (2108) terminated with status 1
May  9 12:51:08 ubuntu init: ttyS0 main process ended, respawning
May  9 12:51:18 ubuntu init: ttyS0 main process (2109) terminated with status 1
May  9 12:51:18 ubuntu init: ttyS0 main process ended, respawning
May  9 12:51:28 ubuntu init: ttyS0 main process (2110) terminated with status 1
May  9 12:51:28 ubuntu init: ttyS0 main process ended, respawning
May  9 12:51:38 ubuntu init: ttyS0 main process (2111) terminated with status 1
May  9 12:51:38 ubuntu init: ttyS0 main process ended, respawning
May  9 12:51:48 ubuntu init: ttyS0 main process (2112) terminated with status 1
May  9 12:51:48 ubuntu init: ttyS0 main process ended, respawning
May  9 12:51:59 ubuntu init: ttyS0 main process (2113) terminated with status 1
May  9 12:51:59 ubuntu init: ttyS0 main process ended, respawning
May  9 12:52:09 ubuntu init: ttyS0 main process (2114) terminated with status 1
May  9 12:52:09 ubuntu init: ttyS0 main process ended, respawning
May  9 12:52:19 ubuntu init: ttyS0 main process (2115) terminated with status 1
May  9 12:52:19 ubuntu init: ttyS0 main process ended, respawning
May  9 12:52:29 ubuntu init: ttyS0 main process (2116) terminated with status 1
May  9 12:52:29 ubuntu init: ttyS0 main process ended, respawning
May  9 12:52:39 ubuntu init: ttyS0 main process (2117) terminated with status 1
May  9 12:52:39 ubuntu init: ttyS0 main process ended, respawning
May  9 12:52:50 ubuntu init: ttyS0 main process (2118) terminated with status 1
May  9 12:52:50 ubuntu init: ttyS0 main process ended, respawning
May  9 12:53:00 ubuntu init: ttyS0 main process (2119) terminated with status 1
May  9 12:53:00 ubuntu init: ttyS0 main process ended, respawning
May  9 12:53:10 ubuntu init: ttyS0 main process (2120) terminated with status 1
May  9 12:53:10 ubuntu init: ttyS0 main process ended, respawning
May  9 12:53:20 ubuntu init: ttyS0 main process (2121) terminated with status 1
May  9 12:53:20 ubuntu init: ttyS0 main process ended, respawning
May  9 12:53:31 ubuntu init: ttyS0 main process (2122) terminated with status 1
May  9 12:53:31 ubuntu init: ttyS0 main process ended, respawning
May  9 12:53:41 ubuntu init: ttyS0 main process (2123) terminated with status 1
May  9 12:53:41 ubuntu init: ttyS0 main process ended, respawning
May  9 12:53:52 ubuntu init: ttyS0 main process (2124) terminated with status 1
May  9 12:53:52 ubuntu init: ttyS0 main process ended, respawning
May  9 12:54:02 ubuntu init: ttyS0 main process (2125) terminated with status 1
May  9 12:54:03 ubuntu init: ttyS0 main process ended, respawning
May  9 12:54:17 ubuntu init: ttyS0 main process (2128) terminated with status 1
May  9 12:54:17 ubuntu init: ttyS0 main process ended, respawning
May  9 12:54:27 ubuntu init: ttyS0 main process (2129) terminated with status 1
May  9 12:54:27 ubuntu init: ttyS0 main process ended, respawning
May  9 12:54:38 ubuntu init: ttyS0 main process (2130) terminated with status 1
May  9 12:54:38 ubuntu init: ttyS0 main process ended, respawning
May  9 12:54:48 ubuntu init: ttyS0 main process (2131) terminated with status 1
May  9 12:54:48 ubuntu init: ttyS0 main process ended, respawning
May  9 12:54:59 ubuntu init: ttyS0 main process (2132) terminated with status 1
May  9 12:54:59 ubuntu init: ttyS0 main process ended, respawning
May  9 12:55:11 ubuntu init: ttyS0 main process (2133) terminated with status 1
May  9 12:55:11 ubuntu init: ttyS0 main process ended, respawning
May  9 12:55:22 ubuntu init: ttyS0 main process (2134) terminated with status 1
May  9 12:55:22 ubuntu init: ttyS0 main process ended, respawning
May  9 12:55:32 ubuntu init: ttyS0 main process (2135) terminated with status 1
May  9 12:55:32 ubuntu init: ttyS0 main process ended, respawning
May  9 12:55:43 ubuntu init: ttyS0 main process (2136) terminated with status 1
May  9 12:55:43 ubuntu init: ttyS0 main process ended, respawning
May  9 12:55:53 ubuntu init: ttyS0 main process (2137) terminated with status 1
May  9 12:55:53 ubuntu init: ttyS0 main process ended, respawning
May  9 12:56:04 ubuntu init: ttyS0 main process (2138) terminated with status 1
May  9 12:56:04 ubuntu init: ttyS0 main process ended, respawning
May  9 12:56:15 ubuntu init: ttyS0 main process (2139) terminated with status 1
May  9 12:56:15 ubuntu init: ttyS0 main process ended, respawning
May  9 12:56:25 ubuntu init: ttyS0 main process (2140) terminated with status 1
May  9 12:56:25 ubuntu init: ttyS0 main process ended, respawning
May  9 12:56:35 ubuntu init: ttyS0 main process (2141) terminated with status 1
May  9 12:56:35 ubuntu init: ttyS0 main process ended, respawning
May  9 12:56:45 ubuntu init: ttyS0 main process (2142) terminated with status 1
May  9 12:56:45 ubuntu init: ttyS0 main process ended, respawning
May  9 12:56:55 ubuntu init: ttyS0 main process (2143) terminated with status 1
May  9 12:56:55 ubuntu init: ttyS0 main process ended, respawning
May  9 12:57:06 ubuntu init: ttyS0 main process (2144) terminated with status 1
May  9 12:57:06 ubuntu init: ttyS0 main process ended, respawning
May  9 12:57:16 ubuntu init: ttyS0 main process (2146) terminated with status 1
May  9 12:57:16 ubuntu init: ttyS0 main process ended, respawning
May  9 12:57:27 ubuntu init: ttyS0 main process (2147) terminated with status 1
May  9 12:57:27 ubuntu init: ttyS0 main process ended, respawning
May  9 12:57:37 ubuntu init: ttyS0 main process (2148) terminated with status 1
May  9 12:57:37 ubuntu init: ttyS0 main process ended, respawning
May  9 12:57:47 ubuntu init: ttyS0 main process (2150) terminated with status 1
May  9 12:57:47 ubuntu init: ttyS0 main process ended, respawning
May  9 12:57:57 ubuntu init: ttyS0 main process (2151) terminated with status 1
May  9 12:57:57 ubuntu init: ttyS0 main process ended, respawning
May  9 12:58:07 ubuntu init: ttyS0 main process (2153) terminated with status 1
May  9 12:58:07 ubuntu init: ttyS0 main process ended, respawning
May  9 12:58:18 ubuntu init: ttyS0 main process (2154) terminated with status 1
May  9 12:58:18 ubuntu init: ttyS0 main process ended, respawning
May  9 12:58:28 ubuntu init: ttyS0 main process (2155) terminated with status 1
May  9 12:58:28 ubuntu init: ttyS0 main process ended, respawning
May  9 12:58:39 ubuntu init: ttyS0 main process (2156) terminated with status 1
May  9 12:58:39 ubuntu init: ttyS0 main process ended, respawning
May  9 12:58:49 ubuntu init: ttyS0 main process (2157) terminated with status 1
May  9 12:58:49 ubuntu init: ttyS0 main process ended, respawning
May  9 12:59:00 ubuntu init: ttyS0 main process (2158) terminated with status 1
May  9 12:59:00 ubuntu init: ttyS0 main process ended, respawning
May  9 12:59:10 ubuntu init: ttyS0 main process (2159) terminated with status 1
May  9 12:59:10 ubuntu init: ttyS0 main process ended, respawning
May  9 12:59:24 ubuntu init: ttyS0 main process (2160) terminated with status 1
May  9 12:59:24 ubuntu init: ttyS0 main process ended, respawning
May  9 12:59:34 ubuntu init: ttyS0 main process (2161) terminated with status 1
May  9 12:59:34 ubuntu init: ttyS0 main process ended, respawning
May  9 12:59:44 ubuntu init: ttyS0 main process (2162) terminated with status 1
May  9 12:59:44 ubuntu init: ttyS0 main process ended, respawning
May  9 13:00:06 ubuntu init: ttyS0 main process (2163) terminated with status 1
May  9 13:00:06 ubuntu init: ttyS0 main process ended, respawning
May  9 13:00:16 ubuntu init: ttyS0 main process (2164) terminated with status 1
May  9 13:00:16 ubuntu init: ttyS0 main process ended, respawning
May  9 13:00:27 ubuntu init: ttyS0 main process (2165) terminated with status 1
May  9 13:00:27 ubuntu init: ttyS0 main process ended, respawning
May  9 13:00:38 ubuntu init: ttyS0 main process (2166) terminated with status 1
May  9 13:00:38 ubuntu init: ttyS0 main process ended, respawning
May  9 13:00:48 ubuntu init: ttyS0 main process (2167) terminated with status 1
May  9 13:00:48 ubuntu init: ttyS0 main process ended, respawning
May  9 13:01:00 ubuntu init: ttyS0 main process (2168) terminated with status 1
May  9 13:01:00 ubuntu init: ttyS0 main process ended, respawning
May  9 13:01:10 ubuntu init: ttyS0 main process (2169) terminated with status 1
May  9 13:01:10 ubuntu init: ttyS0 main process ended, respawning
May  9 13:01:25 ubuntu init: ttyS0 main process (2170) terminated with status 1
May  9 13:01:25 ubuntu init: ttyS0 main process ended, respawning
May  9 13:01:36 ubuntu init: ttyS0 main process (2171) terminated with status 1
May  9 13:01:42 ubuntu init: ttyS0 main process ended, respawning
May  9 13:01:53 ubuntu init: ttyS0 main process (2172) terminated with status 1
May  9 13:01:53 ubuntu init: ttyS0 main process ended, respawning
May  9 13:02:03 ubuntu init: ttyS0 main process (2173) terminated with status 1
May  9 13:02:03 ubuntu init: ttyS0 main process ended, respawning
May  9 13:02:13 ubuntu init: ttyS0 main process (2177) terminated with status 1
May  9 13:02:13 ubuntu init: ttyS0 main process ended, respawning
May  9 13:02:23 ubuntu init: ttyS0 main process (2178) terminated with status 1
May  9 13:02:23 ubuntu init: ttyS0 main process ended, respawning
May  9 13:02:34 ubuntu init: ttyS0 main process (2179) terminated with status 1
May  9 13:02:34 ubuntu init: ttyS0 main process ended, respawning
May  9 13:02:45 ubuntu init: ttyS0 main process (2182) terminated with status 1
May  9 13:02:45 ubuntu init: ttyS0 main process ended, respawning
May  9 13:02:55 ubuntu init: ttyS0 main process (2183) terminated with status 1
May  9 13:02:55 ubuntu init: ttyS0 main process ended, respawning
May  9 13:03:05 ubuntu init: ttyS0 main process (2184) terminated with status 1
May  9 13:03:05 ubuntu init: ttyS0 main process ended, respawning
May  9 13:03:16 ubuntu init: ttyS0 main process (2185) terminated with status 1
May  9 13:03:16 ubuntu init: ttyS0 main process ended, respawning
May  9 13:03:27 ubuntu init: ttyS0 main process (2186) terminated with status 1
May  9 13:03:27 ubuntu init: ttyS0 main process ended, respawning
May  9 13:03:43 ubuntu init: ttyS0 main process (2187) terminated with status 1
May  9 13:03:43 ubuntu init: ttyS0 main process ended, respawning
May  9 13:03:55 ubuntu init: ttyS0 main process (2190) terminated with status 1
May  9 13:03:55 ubuntu init: ttyS0 main process ended, respawning
May  9 13:04:57 ubuntu init: ttyS0 main process (2191) terminated with status 1
May  9 13:04:57 ubuntu init: ttyS0 main process ended, respawning
May  9 13:06:51 ubuntu init: ttyS0 main process (2193) terminated with status 1
May  9 13:06:51 ubuntu init: ttyS0 main process ended, respawning
May  9 13:07:07 ubuntu init: ttyS0 main process (2194) terminated with status 1
May  9 13:07:07 ubuntu init: ttyS0 main process ended, respawning
May  9 13:07:19 ubuntu init: ttyS0 main process (2195) terminated with status 1
May  9 13:07:19 ubuntu init: ttyS0 main process ended, respawning
May  9 13:07:29 ubuntu init: ttyS0 main process (2196) terminated with status 1
May  9 13:07:29 ubuntu init: ttyS0 main process ended, respawning
May  9 13:07:39 ubuntu init: ttyS0 main process (2197) terminated with status 1
May  9 13:07:39 ubuntu init: ttyS0 main process ended, respawning
May  9 13:07:49 ubuntu init: ttyS0 main process (2198) terminated with status 1
May  9 13:07:49 ubuntu init: ttyS0 main process ended, respawning
May  9 13:07:59 ubuntu init: ttyS0 main process (2199) terminated with status 1
May  9 13:07:59 ubuntu init: ttyS0 main process ended, respawning
May  9 13:08:09 ubuntu init: ttyS0 main process (2200) terminated with status 1
May  9 13:08:09 ubuntu init: ttyS0 main process ended, respawning
May  9 13:08:20 ubuntu init: ttyS0 main process (2201) terminated with status 1
May  9 13:08:20 ubuntu init: ttyS0 main process ended, respawning
May  9 13:08:30 ubuntu init: ttyS0 main process (2202) terminated with status 1
May  9 13:08:30 ubuntu init: ttyS0 main process ended, respawning
May  9 13:08:41 ubuntu init: ttyS0 main process (2203) terminated with status 1
May  9 13:08:41 ubuntu init: ttyS0 main process ended, respawning
May  9 13:08:51 ubuntu init: ttyS0 main process (2204) terminated with status 1
May  9 13:08:51 ubuntu init: ttyS0 main process ended, respawning
May  9 13:09:01 ubuntu init: ttyS0 main process (2205) terminated with status 1
May  9 13:09:01 ubuntu init: ttyS0 main process ended, respawning
May  9 13:09:12 ubuntu init: ttyS0 main process (2206) terminated with status 1
May  9 13:09:12 ubuntu init: ttyS0 main process ended, respawning
May  9 13:09:24 ubuntu init: ttyS0 main process (2207) terminated with status 1
May  9 13:09:24 ubuntu init: ttyS0 main process ended, respawning
May  9 13:09:37 ubuntu init: ttyS0 main process (2208) terminated with status 1
May  9 13:09:37 ubuntu init: ttyS0 main process ended, respawning
May  9 13:09:48 ubuntu init: ttyS0 main process (2209) terminated with status 1
May  9 13:09:48 ubuntu init: ttyS0 main process ended, respawning
May  9 13:09:58 ubuntu init: ttyS0 main process (2210) terminated with status 1
May  9 13:09:58 ubuntu init: ttyS0 main process ended, respawning
May  9 13:10:09 ubuntu init: ttyS0 main process (2211) terminated with status 1
May  9 13:10:09 ubuntu init: ttyS0 main process ended, respawning
May  9 13:10:19 ubuntu init: ttyS0 main process (2212) terminated with status 1
May  9 13:10:19 ubuntu init: ttyS0 main process ended, respawning
May  9 13:10:29 ubuntu init: ttyS0 main process (2213) terminated with status 1
May  9 13:10:29 ubuntu init: ttyS0 main process ended, respawning
May  9 13:10:41 ubuntu init: ttyS0 main process (2214) terminated with status 1
May  9 13:10:41 ubuntu init: ttyS0 main process ended, respawning
May  9 13:10:51 ubuntu init: ttyS0 main process (2215) terminated with status 1
May  9 13:10:51 ubuntu init: ttyS0 main process ended, respawning
May  9 13:11:01 ubuntu init: ttyS0 main process (2216) terminated with status 1
May  9 13:11:01 ubuntu init: ttyS0 main process ended, respawning
May  9 13:11:12 ubuntu init: ttyS0 main process (2217) terminated with status 1
May  9 13:11:12 ubuntu init: ttyS0 main process ended, respawning
May  9 13:11:23 ubuntu init: ttyS0 main process (2218) terminated with status 1
May  9 13:11:23 ubuntu init: ttyS0 main process ended, respawning
May  9 13:11:33 ubuntu init: ttyS0 main process (2219) terminated with status 1
May  9 13:11:33 ubuntu init: ttyS0 main process ended, respawning
May  9 13:12:03 ubuntu init: ttyS0 main process (2220) terminated with status 1
May  9 13:12:03 ubuntu init: ttyS0 main process ended, respawning
May  9 13:12:13 ubuntu init: ttyS0 main process (2221) terminated with status 1
May  9 13:12:13 ubuntu init: ttyS0 main process ended, respawning
May  9 13:12:27 ubuntu init: ttyS0 main process (2222) terminated with status 1
May  9 13:12:27 ubuntu init: ttyS0 main process ended, respawning
May  9 13:12:38 ubuntu init: ttyS0 main process (2223) terminated with status 1
May  9 13:12:38 ubuntu init: ttyS0 main process ended, respawning
May  9 13:12:48 ubuntu init: ttyS0 main process (2224) terminated with status 1
May  9 13:12:48 ubuntu init: ttyS0 main process ended, respawning
May  9 13:13:03 ubuntu init: ttyS0 main process (2225) terminated with status 1
May  9 13:13:04 ubuntu init: ttyS0 main process ended, respawning
May  9 13:13:14 ubuntu init: ttyS0 main process (2228) terminated with status 1
May  9 13:13:14 ubuntu init: ttyS0 main process ended, respawning
May  9 13:13:25 ubuntu init: ttyS0 main process (2229) terminated with status 1
May  9 13:13:25 ubuntu init: ttyS0 main process ended, respawning
May  9 13:13:35 ubuntu init: ttyS0 main process (2230) terminated with status 1
May  9 13:13:35 ubuntu init: ttyS0 main process ended, respawning
May  9 13:13:55 ubuntu init: ttyS0 main process (2231) terminated with status 1
May  9 13:13:55 ubuntu init: ttyS0 main process ended, respawning
May  9 13:14:05 ubuntu init: ttyS0 main process (2232) terminated with status 1
May  9 13:14:05 ubuntu init: ttyS0 main process ended, respawning
May  9 13:14:16 ubuntu init: ttyS0 main process (2233) terminated with status 1
May  9 13:14:16 ubuntu init: ttyS0 main process ended, respawning
May  9 13:14:27 ubuntu init: ttyS0 main process (2234) terminated with status 1
May  9 13:14:27 ubuntu init: ttyS0 main process ended, respawning
May  9 13:14:41 ubuntu init: ttyS0 main process (2235) terminated with status 1
May  9 13:14:41 ubuntu init: ttyS0 main process ended, respawning
May  9 13:14:51 ubuntu init: ttyS0 main process (2236) terminated with status 1
May  9 13:14:51 ubuntu init: ttyS0 main process ended, respawning
May  9 13:15:01 ubuntu init: ttyS0 main process (2237) terminated with status 1
May  9 13:15:01 ubuntu init: ttyS0 main process ended, respawning
May  9 13:15:11 ubuntu init: ttyS0 main process (2238) terminated with status 1
May  9 13:15:11 ubuntu init: ttyS0 main process ended, respawning
May  9 13:15:21 ubuntu init: ttyS0 main process (2239) terminated with status 1
May  9 13:15:21 ubuntu init: ttyS0 main process ended, respawning
May  9 13:15:32 ubuntu init: ttyS0 main process (2240) terminated with status 1
May  9 13:15:32 ubuntu init: ttyS0 main process ended, respawning
May  9 13:16:38 ubuntu init: ttyS0 main process (2241) terminated with status 1
May  9 13:16:38 ubuntu init: ttyS0 main process ended, respawning
May  9 13:16:48 ubuntu init: ttyS0 main process (2243) terminated with status 1
May  9 13:16:48 ubuntu init: ttyS0 main process ended, respawning
May  9 13:16:58 ubuntu init: ttyS0 main process (2244) terminated with status 1
May  9 13:16:58 ubuntu init: ttyS0 main process ended, respawning
May  9 13:17:08 ubuntu init: ttyS0 main process (2245) terminated with status 1
May  9 13:17:08 ubuntu init: ttyS0 main process ended, respawning
May  9 13:17:21 ubuntu init: ttyS0 main process (2246) terminated with status 1
May  9 13:17:21 ubuntu init: ttyS0 main process ended, respawning
May  9 13:17:31 ubuntu init: ttyS0 main process (2248) terminated with status 1
May  9 13:17:31 ubuntu init: ttyS0 main process ended, respawning
May  9 13:17:42 ubuntu init: ttyS0 main process (2249) terminated with status 1
May  9 13:17:42 ubuntu init: ttyS0 main process ended, respawning
May  9 13:17:52 ubuntu init: ttyS0 main process (2251) terminated with status 1
May  9 13:17:52 ubuntu init: ttyS0 main process ended, respawning
May  9 13:18:02 ubuntu init: ttyS0 main process (2252) terminated with status 1
May  9 13:18:02 ubuntu init: ttyS0 main process ended, respawning
May  9 13:18:12 ubuntu init: ttyS0 main process (2253) terminated with status 1
May  9 13:18:12 ubuntu init: ttyS0 main process ended, respawning
May  9 13:18:22 ubuntu init: ttyS0 main process (2254) terminated with status 1
May  9 13:18:22 ubuntu init: ttyS0 main process ended, respawning
May  9 13:18:32 ubuntu init: ttyS0 main process (2255) terminated with status 1
May  9 13:18:32 ubuntu init: ttyS0 main process ended, respawning
May  9 13:18:43 ubuntu init: ttyS0 main process (2256) terminated with status 1
May  9 13:18:43 ubuntu init: ttyS0 main process ended, respawning
May  9 13:19:03 ubuntu init: ttyS0 main process (2257) terminated with status 1
May  9 13:19:03 ubuntu init: ttyS0 main process ended, respawning
May  9 13:19:14 ubuntu init: ttyS0 main process (2260) terminated with status 1
May  9 13:19:14 ubuntu init: ttyS0 main process ended, respawning
May  9 13:19:59 ubuntu init: ttyS0 main process (2262) terminated with status 1
May  9 13:19:59 ubuntu init: ttyS0 main process ended, respawning
May  9 13:20:09 ubuntu init: ttyS0 main process (2266) terminated with status 1
May  9 13:20:09 ubuntu init: ttyS0 main process ended, respawning
May  9 13:20:19 ubuntu init: ttyS0 main process (2306) terminated with status 1
May  9 13:20:19 ubuntu init: ttyS0 main process ended, respawning
May  9 13:20:29 ubuntu init: ttyS0 main process (2346) terminated with status 1
May  9 13:20:30 ubuntu init: ttyS0 main process ended, respawning
May  9 13:20:40 ubuntu init: ttyS0 main process (2347) terminated with status 1
May  9 13:20:40 ubuntu init: ttyS0 main process ended, respawning
May  9 13:20:50 ubuntu init: ttyS0 main process (2381) terminated with status 1
May  9 13:20:50 ubuntu init: ttyS0 main process ended, respawning
May  9 13:21:00 ubuntu init: ttyS0 main process (2433) terminated with status 1
May  9 13:21:00 ubuntu init: ttyS0 main process ended, respawning
May  9 13:21:10 ubuntu init: ttyS0 main process (2466) terminated with status 1
May  9 13:21:10 ubuntu init: ttyS0 main process ended, respawning
May  9 13:21:20 ubuntu init: ttyS0 main process (2506) terminated with status 1
May  9 13:21:20 ubuntu init: ttyS0 main process ended, respawning
May  9 13:21:31 ubuntu init: ttyS0 main process (2553) terminated with status 1
May  9 13:21:31 ubuntu init: ttyS0 main process ended, respawning
May  9 13:21:41 ubuntu init: ttyS0 main process (2596) terminated with status 1
May  9 13:21:41 ubuntu init: ttyS0 main process ended, respawning
May  9 13:21:51 ubuntu init: ttyS0 main process (2644) terminated with status 1
May  9 13:21:51 ubuntu init: ttyS0 main process ended, respawning
May  9 13:22:01 ubuntu init: ttyS0 main process (2691) terminated with status 1
May  9 13:22:01 ubuntu init: ttyS0 main process ended, respawning
May  9 13:22:12 ubuntu init: ttyS0 main process (2729) terminated with status 1
May  9 13:22:12 ubuntu init: ttyS0 main process ended, respawning
May  9 13:22:22 ubuntu init: ttyS0 main process (2771) terminated with status 1
May  9 13:22:22 ubuntu init: ttyS0 main process ended, respawning
May  9 13:22:32 ubuntu init: ttyS0 main process (2820) terminated with status 1
May  9 13:22:32 ubuntu init: ttyS0 main process ended, respawning
May  9 13:22:42 ubuntu init: ttyS0 main process (2849) terminated with status 1
May  9 13:22:42 ubuntu init: ttyS0 main process ended, respawning
May  9 13:22:52 ubuntu init: ttyS0 main process (2877) terminated with status 1
May  9 13:22:52 ubuntu init: ttyS0 main process ended, respawning
May  9 13:22:53 ubuntu dbus-daemon: Reloaded configuration
May  9 13:23:02 ubuntu init: ttyS0 main process (2912) terminated with status 1
May  9 13:23:02 ubuntu init: ttyS0 main process ended, respawning
May  9 13:23:13 ubuntu init: ttyS0 main process (2919) terminated with status 1
May  9 13:23:13 ubuntu init: ttyS0 main process ended, respawning
May  9 13:23:23 ubuntu init: ttyS0 main process (2924) terminated with status 1
May  9 13:23:23 ubuntu init: ttyS0 main process ended, respawning
May  9 13:23:33 ubuntu init: ttyS0 main process (2929) terminated with status 1
May  9 13:23:33 ubuntu init: ttyS0 main process ended, respawning
May  9 13:23:44 ubuntu init: ttyS0 main process (2938) terminated with status 1
May  9 13:23:44 ubuntu init: ttyS0 main process ended, respawning
May  9 13:23:56 ubuntu init: ttyS0 main process (2952) terminated with status 1
May  9 13:23:56 ubuntu init: ttyS0 main process ended, respawning
May  9 13:24:07 ubuntu init: ttyS0 main process (2961) terminated with status 1
May  9 13:24:07 ubuntu init: ttyS0 main process ended, respawning
May  9 13:24:17 ubuntu init: ttyS0 main process (2979) terminated with status 1
May  9 13:24:17 ubuntu init: ttyS0 main process ended, respawning
May  9 13:24:28 ubuntu init: ttyS0 main process (2989) terminated with status 1
May  9 13:24:28 ubuntu init: ttyS0 main process ended, respawning
May  9 13:24:38 ubuntu init: ttyS0 main process (3000) terminated with status 1
May  9 13:24:38 ubuntu init: ttyS0 main process ended, respawning
May  9 13:24:49 ubuntu init: ttyS0 main process (3020) terminated with status 1
May  9 13:24:49 ubuntu init: ttyS0 main process ended, respawning
May  9 13:24:59 ubuntu init: ttyS0 main process (3034) terminated with status 1
May  9 13:24:59 ubuntu init: ttyS0 main process ended, respawning
May  9 13:25:09 ubuntu init: ttyS0 main process (3048) terminated with status 1
May  9 13:25:09 ubuntu init: ttyS0 main process ended, respawning
May  9 13:25:24 ubuntu init: ttyS0 main process (3070) terminated with status 1
May  9 13:25:24 ubuntu init: ttyS0 main process ended, respawning
May  9 13:25:35 ubuntu init: ttyS0 main process (3086) terminated with status 1
May  9 13:25:36 ubuntu init: ttyS0 main process ended, respawning
May  9 13:25:47 ubuntu init: ttyS0 main process (3090) terminated with status 1
May  9 13:25:47 ubuntu init: ttyS0 main process ended, respawning
May  9 13:25:57 ubuntu init: ttyS0 main process (3132) terminated with status 1
May  9 13:25:57 ubuntu init: ttyS0 main process ended, respawning
May  9 13:26:03 ubuntu dbus-daemon: Reloaded configuration
May  9 13:26:08 ubuntu init: ttyS0 main process (3158) terminated with status 1
May  9 13:26:08 ubuntu init: ttyS0 main process ended, respawning
May  9 13:26:18 ubuntu init: ttyS0 main process (3174) terminated with status 1
May  9 13:26:18 ubuntu init: ttyS0 main process ended, respawning
May  9 13:26:28 ubuntu init: ttyS0 main process (3175) terminated with status 1
May  9 13:26:28 ubuntu init: ttyS0 main process ended, respawning
May  9 13:26:38 ubuntu init: ttyS0 main process (3176) terminated with status 1
May  9 13:26:38 ubuntu init: ttyS0 main process ended, respawning
May  9 13:26:48 ubuntu init: tty4 main process (1267) killed by TERM signal
May  9 13:26:48 ubuntu init: tty5 main process (1268) killed by TERM signal
May  9 13:26:48 ubuntu init: tty2 main process (1279) killed by TERM signal
May  9 13:26:48 ubuntu init: tty3 main process (1316) killed by TERM signal
May  9 13:26:48 ubuntu init: tty6 main process (1317) killed by TERM signal
May  9 13:26:48 ubuntu init: tty1 main process (1601) killed by TERM signal
May  9 13:26:48 ubuntu init: ttyS0 main process (3177) killed by TERM signal
May  9 13:27:03 ubuntu console-kit-daemon[1406]: WARNING: Couldn't read /proc/1402/environ: Failed to open file '/proc/1402/environ': No such file or directory 
May  9 13:29:42 ubuntu init: ttyS0 main process (1274) terminated with status 1
May  9 13:29:42 ubuntu init: ttyS0 main process ended, respawning
May  9 13:29:57 ubuntu init: ttyS0 main process (1352) terminated with status 1
May  9 13:29:57 ubuntu init: ttyS0 main process ended, respawning
May  9 13:30:07 ubuntu init: ttyS0 main process (1465) terminated with status 1
May  9 13:30:07 ubuntu init: ttyS0 main process ended, respawning
May  9 13:30:17 ubuntu init: ttyS0 main process (1491) terminated with status 1
May  9 13:30:17 ubuntu init: ttyS0 main process ended, respawning
May  9 13:30:28 ubuntu init: ttyS0 main process (1530) terminated with status 1
May  9 13:30:28 ubuntu init: ttyS0 main process ended, respawning
May  9 13:30:35 ubuntu console-kit-daemon[1400]: WARNING: Couldn't read /proc/1399/environ: Failed to open file '/proc/1399/environ': No such file or directory 
May  9 13:30:38 ubuntu init: ttyS0 main process (1545) terminated with status 1
May  9 13:30:38 ubuntu init: ttyS0 main process ended, respawning
May  9 13:30:48 ubuntu init: ttyS0 main process (1583) terminated with status 1
May  9 13:30:48 ubuntu init: ttyS0 main process ended, respawning
May  9 13:30:58 ubuntu init: ttyS0 main process (1610) terminated with status 1
May  9 13:30:58 ubuntu init: ttyS0 main process ended, respawning
May  9 13:31:08 ubuntu init: ttyS0 main process (1647) terminated with status 1
May  9 13:31:08 ubuntu init: ttyS0 main process ended, respawning
May  9 13:31:18 ubuntu init: ttyS0 main process (1657) terminated with status 1
May  9 13:31:21 ubuntu init: ttyS0 main process ended, respawning
May  9 13:31:33 ubuntu init: ttyS0 main process (1658) terminated with status 1
May  9 13:31:33 ubuntu init: ttyS0 main process ended, respawning
May  9 13:31:43 ubuntu init: ttyS0 main process (1659) terminated with status 1
May  9 13:31:43 ubuntu init: ttyS0 main process ended, respawning
May  9 13:31:53 ubuntu init: ttyS0 main process (1660) terminated with status 1
May  9 13:31:53 ubuntu init: ttyS0 main process ended, respawning
May  9 13:32:04 ubuntu init: ttyS0 main process (1661) terminated with status 1
May  9 13:32:04 ubuntu init: ttyS0 main process ended, respawning
May  9 13:32:14 ubuntu init: ttyS0 main process (1662) terminated with status 1
May  9 13:32:14 ubuntu init: ttyS0 main process ended, respawning
May  9 13:32:24 ubuntu init: ttyS0 main process (1663) terminated with status 1
May  9 13:32:24 ubuntu init: ttyS0 main process ended, respawning
May  9 13:32:34 ubuntu init: ttyS0 main process (1664) terminated with status 1
May  9 13:32:34 ubuntu init: ttyS0 main process ended, respawning
May  9 13:32:44 ubuntu init: ttyS0 main process (1665) terminated with status 1
May  9 13:32:44 ubuntu init: ttyS0 main process ended, respawning
May  9 13:32:55 ubuntu init: ttyS0 main process (1666) terminated with status 1
May  9 13:32:55 ubuntu init: ttyS0 main process ended, respawning
May  9 13:33:05 ubuntu init: ttyS0 main process (1667) terminated with status 1
May  9 13:33:05 ubuntu init: ttyS0 main process ended, respawning
May  9 13:33:15 ubuntu init: ttyS0 main process (1668) terminated with status 1
May  9 13:33:15 ubuntu init: ttyS0 main process ended, respawning
May  9 13:33:26 ubuntu init: ttyS0 main process (1669) terminated with status 1
May  9 13:33:26 ubuntu init: ttyS0 main process ended, respawning
May  9 13:33:37 ubuntu init: ttyS0 main process (1670) terminated with status 1
May  9 13:33:37 ubuntu init: ttyS0 main process ended, respawning
May  9 13:33:46 ubuntu init: ttyS0 main process (1676) terminated with status 1
May  9 13:33:46 ubuntu init: ttyS0 main process ended, respawning
May  9 13:33:56 ubuntu init: ttyS0 main process (1677) terminated with status 1
May  9 13:33:56 ubuntu init: ttyS0 main process ended, respawning
May  9 13:34:08 ubuntu init: ttyS0 main process (1685) terminated with status 1
May  9 13:34:08 ubuntu init: ttyS0 main process ended, respawning
May  9 13:34:19 ubuntu init: ttyS0 main process (1689) terminated with status 1
May  9 13:34:19 ubuntu init: ttyS0 main process ended, respawning
May  9 13:34:29 ubuntu init: ttyS0 main process (1692) terminated with status 1
May  9 13:34:29 ubuntu init: ttyS0 main process ended, respawning
May  9 13:34:41 ubuntu init: ttyS0 main process (1693) terminated with status 1
May  9 13:34:42 ubuntu init: ttyS0 main process ended, respawning
May  9 13:34:54 ubuntu init: ttyS0 main process (1694) terminated with status 1
May  9 13:34:54 ubuntu init: ttyS0 main process ended, respawning
May  9 13:35:05 ubuntu init: ttyS0 main process (1696) terminated with status 1
May  9 13:35:05 ubuntu init: ttyS0 main process ended, respawning
May  9 13:35:15 ubuntu init: ttyS0 main process (1698) terminated with status 1
May  9 13:35:15 ubuntu init: ttyS0 main process ended, respawning
May  9 13:35:25 ubuntu init: ttyS0 main process (1699) terminated with status 1
May  9 13:35:25 ubuntu init: ttyS0 main process ended, respawning
May  9 13:35:36 ubuntu init: ttyS0 main process (1700) terminated with status 1
May  9 13:35:36 ubuntu init: ttyS0 main process ended, respawning
May  9 13:35:46 ubuntu init: ttyS0 main process (1701) terminated with status 1
May  9 13:35:46 ubuntu init: ttyS0 main process ended, respawning
May  9 13:35:57 ubuntu init: ttyS0 main process (1702) terminated with status 1
May  9 13:35:57 ubuntu init: ttyS0 main process ended, respawning
May  9 13:36:09 ubuntu init: ttyS0 main process (1705) terminated with status 1
May  9 13:36:09 ubuntu init: ttyS0 main process ended, respawning
May  9 13:36:20 ubuntu init: ttyS0 main process (1706) terminated with status 1
May  9 13:36:20 ubuntu init: ttyS0 main process ended, respawning
May  9 13:36:30 ubuntu init: ttyS0 main process (1707) terminated with status 1
May  9 13:36:30 ubuntu init: ttyS0 main process ended, respawning
May  9 13:36:40 ubuntu init: ttyS0 main process (1708) terminated with status 1
May  9 13:36:40 ubuntu init: ttyS0 main process ended, respawning
May  9 13:36:50 ubuntu init: ttyS0 main process (1709) terminated with status 1
May  9 13:36:50 ubuntu init: ttyS0 main process ended, respawning
May  9 13:37:00 ubuntu init: ttyS0 main process (1710) terminated with status 1
May  9 13:37:00 ubuntu init: ttyS0 main process ended, respawning
May  9 13:37:10 ubuntu init: ttyS0 main process (1711) terminated with status 1
May  9 13:37:10 ubuntu init: ttyS0 main process ended, respawning
May  9 13:37:21 ubuntu init: ttyS0 main process (1712) terminated with status 1
May  9 13:37:21 ubuntu init: ttyS0 main process ended, respawning
May  9 13:37:31 ubuntu init: ttyS0 main process (1713) terminated with status 1
May  9 13:37:31 ubuntu init: ttyS0 main process ended, respawning
May  9 13:37:41 ubuntu init: ttyS0 main process (1714) terminated with status 1
May  9 13:37:41 ubuntu init: ttyS0 main process ended, respawning
May  9 13:37:51 ubuntu init: ttyS0 main process (1715) terminated with status 1
May  9 13:37:51 ubuntu init: ttyS0 main process ended, respawning
May  9 13:38:01 ubuntu init: ttyS0 main process (1716) terminated with status 1
May  9 13:38:01 ubuntu init: ttyS0 main process ended, respawning
May  9 13:38:11 ubuntu init: ttyS0 main process (1717) terminated with status 1
May  9 13:38:11 ubuntu init: ttyS0 main process ended, respawning
May  9 13:38:22 ubuntu init: ttyS0 main process (1718) terminated with status 1
May  9 13:38:22 ubuntu init: ttyS0 main process ended, respawning
May  9 13:38:32 ubuntu init: ttyS0 main process (1719) terminated with status 1
May  9 13:38:32 ubuntu init: ttyS0 main process ended, respawning
May  9 13:38:42 ubuntu init: ttyS0 main process (1720) terminated with status 1
May  9 13:38:42 ubuntu init: ttyS0 main process ended, respawning
May  9 13:38:52 ubuntu init: ttyS0 main process (1721) terminated with status 1
May  9 13:38:52 ubuntu init: ttyS0 main process ended, respawning
May  9 13:39:02 ubuntu init: ttyS0 main process (1722) terminated with status 1
May  9 13:39:02 ubuntu init: ttyS0 main process ended, respawning
May  9 13:39:13 ubuntu init: ttyS0 main process (1723) terminated with status 1
May  9 13:39:13 ubuntu init: ttyS0 main process ended, respawning
May  9 13:39:24 ubuntu init: ttyS0 main process (1724) terminated with status 1
May  9 13:39:24 ubuntu init: ttyS0 main process ended, respawning
May  9 13:39:28 ubuntu init: tty1 main process (1614) killed by TERM signal
May  9 13:39:28 ubuntu init: ttyS0 main process (1727) killed by TERM signal
May  9 13:39:35 ubuntu console-kit-daemon[1400]: WARNING: Unable to activate console: No such device or address 
May  9 13:42:25 ubuntu init: ttyS0 main process (1280) terminated with status 1
May  9 13:42:26 ubuntu init: ttyS0 main process ended, respawning
May  9 13:42:35 ubuntu init: ttyS0 main process (1358) terminated with status 1
May  9 13:42:35 ubuntu init: ttyS0 main process ended, respawning
May  9 13:42:45 ubuntu init: ttyS0 main process (1467) terminated with status 1
May  9 13:42:45 ubuntu init: ttyS0 main process ended, respawning
May  9 13:42:55 ubuntu init: ttyS0 main process (1504) terminated with status 1
May  9 13:42:55 ubuntu init: ttyS0 main process ended, respawning
May  9 13:43:04 ubuntu console-kit-daemon[1398]: WARNING: Couldn't read /proc/1397/environ: Failed to open file '/proc/1397/environ': No such file or directory 
May  9 13:43:06 ubuntu init: ttyS0 main process (1536) terminated with status 1
May  9 13:43:06 ubuntu init: ttyS0 main process ended, respawning
May  9 13:43:16 ubuntu init: ttyS0 main process (1595) terminated with status 1
May  9 13:43:16 ubuntu init: ttyS0 main process ended, respawning
May  9 13:43:26 ubuntu init: ttyS0 main process (1641) terminated with status 1
May  9 13:43:26 ubuntu init: ttyS0 main process ended, respawning
May  9 13:43:36 ubuntu init: ttyS0 main process (1652) terminated with status 1
May  9 13:43:36 ubuntu init: ttyS0 main process ended, respawning
May  9 13:43:49 ubuntu init: ttyS0 main process (1653) terminated with status 1
May  9 13:43:49 ubuntu init: ttyS0 main process ended, respawning
May  9 13:44:00 ubuntu init: ttyS0 main process (1654) terminated with status 1
May  9 13:44:00 ubuntu init: ttyS0 main process ended, respawning
May  9 13:44:10 ubuntu init: ttyS0 main process (1655) terminated with status 1
May  9 13:44:10 ubuntu init: ttyS0 main process ended, respawning
May  9 13:44:20 ubuntu init: ttyS0 main process (1656) terminated with status 1
May  9 13:44:20 ubuntu init: ttyS0 main process ended, respawning
May  9 13:44:30 ubuntu init: ttyS0 main process (1657) terminated with status 1
May  9 13:44:30 ubuntu init: ttyS0 main process ended, respawning
May  9 13:44:40 ubuntu init: ttyS0 main process (1658) terminated with status 1
May  9 13:44:40 ubuntu init: ttyS0 main process ended, respawning
May  9 13:44:50 ubuntu init: ttyS0 main process (1659) terminated with status 1
May  9 13:44:50 ubuntu init: ttyS0 main process ended, respawning
May  9 13:45:00 ubuntu init: ttyS0 main process (1660) terminated with status 1
May  9 13:45:00 ubuntu init: ttyS0 main process ended, respawning
May  9 13:45:11 ubuntu init: ttyS0 main process (1673) terminated with status 1
May  9 13:45:11 ubuntu init: ttyS0 main process ended, respawning
May  9 13:45:21 ubuntu init: ttyS0 main process (1674) terminated with status 1
May  9 13:45:21 ubuntu init: ttyS0 main process ended, respawning
May  9 13:45:31 ubuntu init: ttyS0 main process (1675) terminated with status 1
May  9 13:45:31 ubuntu init: ttyS0 main process ended, respawning
May  9 13:45:41 ubuntu init: ttyS0 main process (1677) terminated with status 1
May  9 13:45:41 ubuntu init: ttyS0 main process ended, respawning
May  9 13:45:51 ubuntu init: ttyS0 main process (1678) terminated with status 1
May  9 13:45:51 ubuntu init: ttyS0 main process ended, respawning
May  9 13:46:01 ubuntu init: ttyS0 main process (1679) terminated with status 1
May  9 13:46:01 ubuntu init: ttyS0 main process ended, respawning
May  9 13:46:13 ubuntu init: ttyS0 main process (1680) terminated with status 1
May  9 13:46:13 ubuntu init: ttyS0 main process ended, respawning
May  9 13:46:25 ubuntu init: ttyS0 main process (1682) terminated with status 1
May  9 13:46:25 ubuntu init: ttyS0 main process ended, respawning
May  9 13:46:35 ubuntu init: ttyS0 main process (1683) terminated with status 1
May  9 13:46:35 ubuntu init: ttyS0 main process ended, respawning
May  9 13:46:45 ubuntu init: ttyS0 main process (1684) terminated with status 1
May  9 13:46:45 ubuntu init: ttyS0 main process ended, respawning
May  9 13:46:56 ubuntu init: ttyS0 main process (1685) terminated with status 1
May  9 13:46:56 ubuntu init: ttyS0 main process ended, respawning
May  9 13:47:07 ubuntu init: ttyS0 main process (1688) terminated with status 1
May  9 13:47:07 ubuntu init: ttyS0 main process ended, respawning
May  9 13:47:17 ubuntu init: ttyS0 main process (1693) terminated with status 1
May  9 13:47:17 ubuntu init: ttyS0 main process ended, respawning
May  9 13:47:36 ubuntu init: ttyS0 main process (1694) terminated with status 1
May  9 13:47:36 ubuntu init: ttyS0 main process ended, respawning
May  9 13:47:47 ubuntu init: tty1 main process (1596) killed by TERM signal
May  9 13:47:47 ubuntu init: ttyS0 main process (1695) terminated with status 1
May  9 13:47:59 ubuntu console-kit-daemon[1398]: WARNING: Unable to activate console: No such device or address 
May  9 13:50:31 ubuntu init: ttyS0 main process (1294) terminated with status 1
May  9 13:50:31 ubuntu init: ttyS0 main process ended, respawning
May  9 13:50:41 ubuntu init: ttyS0 main process (1349) terminated with status 1
May  9 13:50:41 ubuntu init: ttyS0 main process ended, respawning
May  9 13:50:51 ubuntu init: ttyS0 main process (1389) terminated with status 1
May  9 13:50:51 ubuntu init: ttyS0 main process ended, respawning
May  9 13:51:01 ubuntu init: ttyS0 main process (1505) terminated with status 1
May  9 13:51:01 ubuntu init: ttyS0 main process ended, respawning
May  9 13:51:11 ubuntu init: ttyS0 main process (1531) terminated with status 1
May  9 13:51:11 ubuntu init: ttyS0 main process ended, respawning
May  9 13:51:22 ubuntu init: ttyS0 main process (1566) terminated with status 1
May  9 13:51:22 ubuntu init: ttyS0 main process ended, respawning
May  9 13:51:33 ubuntu init: ttyS0 main process (1602) terminated with status 1
May  9 13:51:33 ubuntu init: ttyS0 main process ended, respawning
May  9 13:51:43 ubuntu init: ttyS0 main process (1612) terminated with status 1
May  9 13:51:43 ubuntu init: ttyS0 main process ended, respawning
May  9 13:51:54 ubuntu init: ttyS0 main process (1613) terminated with status 1
May  9 13:51:54 ubuntu init: ttyS0 main process ended, respawning
May  9 13:52:04 ubuntu init: ttyS0 main process (1616) terminated with status 1
May  9 13:52:04 ubuntu init: ttyS0 main process ended, respawning
May  9 13:52:14 ubuntu init: ttyS0 main process (1617) terminated with status 1
May  9 13:52:14 ubuntu init: ttyS0 main process ended, respawning
May  9 13:52:24 ubuntu init: ttyS0 main process (1618) terminated with status 1
May  9 13:52:24 ubuntu init: ttyS0 main process ended, respawning
May  9 13:52:34 ubuntu init: ttyS0 main process (1619) terminated with status 1
May  9 13:52:34 ubuntu init: ttyS0 main process ended, respawning
May  9 13:52:44 ubuntu init: ttyS0 main process (1620) terminated with status 1
May  9 13:52:44 ubuntu init: ttyS0 main process ended, respawning
May  9 13:52:54 ubuntu init: ttyS0 main process (1621) terminated with status 1
May  9 13:52:54 ubuntu init: ttyS0 main process ended, respawning
May  9 13:53:04 ubuntu init: ttyS0 main process (1622) terminated with status 1
May  9 13:53:04 ubuntu init: ttyS0 main process ended, respawning
May  9 13:53:14 ubuntu init: ttyS0 main process (1623) terminated with status 1
May  9 13:53:14 ubuntu init: ttyS0 main process ended, respawning
May  9 13:53:24 ubuntu init: ttyS0 main process (1624) terminated with status 1
May  9 13:53:24 ubuntu init: ttyS0 main process ended, respawning
May  9 13:53:35 ubuntu init: ttyS0 main process (1625) terminated with status 1
May  9 13:53:35 ubuntu init: ttyS0 main process ended, respawning
May  9 13:53:35 ubuntu console-kit-daemon[1407]: WARNING: Couldn't read /proc/1406/environ: Failed to open file '/proc/1406/environ': No such file or directory 
May  9 13:53:45 ubuntu init: ttyS0 main process (1641) terminated with status 1
May  9 13:53:45 ubuntu init: ttyS0 main process ended, respawning
May  9 13:53:57 ubuntu init: ttyS0 main process (1682) terminated with status 1
May  9 13:53:57 ubuntu init: ttyS0 main process ended, respawning
May  9 13:54:07 ubuntu init: ttyS0 main process (1699) terminated with status 1
May  9 13:54:07 ubuntu init: ttyS0 main process ended, respawning
May  9 13:54:23 ubuntu init: ttyS0 main process (1705) terminated with status 1
May  9 13:54:23 ubuntu init: ttyS0 main process ended, respawning
May  9 13:54:33 ubuntu init: ttyS0 main process (1706) terminated with status 1
May  9 13:54:33 ubuntu init: ttyS0 main process ended, respawning
May  9 13:54:44 ubuntu init: ttyS0 main process (1711) terminated with status 1
May  9 13:54:44 ubuntu init: ttyS0 main process ended, respawning
May  9 13:54:54 ubuntu init: ttyS0 main process (1715) terminated with status 1
May  9 13:54:54 ubuntu init: ttyS0 main process ended, respawning
May  9 13:55:04 ubuntu init: ttyS0 main process (1725) terminated with status 1
May  9 13:55:04 ubuntu init: ttyS0 main process ended, respawning
May  9 13:55:17 ubuntu init: ttyS0 main process (1726) terminated with status 1
May  9 13:55:17 ubuntu init: ttyS0 main process ended, respawning
May  9 13:55:27 ubuntu init: ttyS0 main process (1728) terminated with status 1
May  9 13:55:27 ubuntu init: ttyS0 main process ended, respawning
May  9 13:55:37 ubuntu init: ttyS0 main process (1729) terminated with status 1
May  9 13:55:37 ubuntu init: ttyS0 main process ended, respawning
May  9 13:55:48 ubuntu init: ttyS0 main process (1730) terminated with status 1
May  9 13:55:48 ubuntu init: ttyS0 main process ended, respawning
May  9 13:55:58 ubuntu init: ttyS0 main process (1731) terminated with status 1
May  9 13:55:58 ubuntu init: ttyS0 main process ended, respawning
May  9 13:56:08 ubuntu init: ttyS0 main process (1737) terminated with status 1
May  9 13:56:08 ubuntu init: ttyS0 main process ended, respawning
May  9 13:56:18 ubuntu init: ttyS0 main process (1738) terminated with status 1
May  9 13:56:18 ubuntu init: ttyS0 main process ended, respawning
May  9 13:56:29 ubuntu init: ttyS0 main process (1739) terminated with status 1
May  9 13:56:29 ubuntu init: ttyS0 main process ended, respawning
May  9 13:56:39 ubuntu init: ttyS0 main process (1740) terminated with status 1
May  9 13:56:39 ubuntu init: ttyS0 main process ended, respawning
May  9 13:56:49 ubuntu init: ttyS0 main process (1741) terminated with status 1
May  9 13:56:49 ubuntu init: ttyS0 main process ended, respawning
May  9 13:56:59 ubuntu init: ttyS0 main process (1742) terminated with status 1
May  9 13:56:59 ubuntu init: ttyS0 main process ended, respawning
May  9 13:57:21 ubuntu init: ttyS0 main process (1743) terminated with status 1
May  9 13:57:21 ubuntu init: ttyS0 main process ended, respawning
May  9 13:57:31 ubuntu init: ttyS0 main process (1744) terminated with status 1
May  9 13:57:31 ubuntu init: ttyS0 main process ended, respawning
May  9 13:57:48 ubuntu init: ttyS0 main process (1745) terminated with status 1
May  9 13:57:48 ubuntu init: ttyS0 main process ended, respawning
May  9 13:57:58 ubuntu init: ttyS0 main process (1746) terminated with status 1
May  9 13:57:58 ubuntu init: ttyS0 main process ended, respawning
May  9 13:58:08 ubuntu init: ttyS0 main process (1747) terminated with status 1
May  9 13:58:08 ubuntu init: ttyS0 main process ended, respawning
May  9 13:58:18 ubuntu init: ttyS0 main process (1748) terminated with status 1
May  9 13:58:18 ubuntu init: ttyS0 main process ended, respawning
May  9 13:58:28 ubuntu init: ttyS0 main process (1749) terminated with status 1
May  9 13:58:28 ubuntu init: ttyS0 main process ended, respawning
May  9 13:58:38 ubuntu init: ttyS0 main process (1750) terminated with status 1
May  9 13:58:38 ubuntu init: ttyS0 main process ended, respawning
May  9 13:58:48 ubuntu init: ttyS0 main process (1751) terminated with status 1
May  9 13:58:48 ubuntu init: ttyS0 main process ended, respawning
May  9 13:59:01 ubuntu init: ttyS0 main process (1752) terminated with status 1
May  9 13:59:01 ubuntu init: ttyS0 main process ended, respawning
May  9 13:59:11 ubuntu init: ttyS0 main process (1753) terminated with status 1
May  9 13:59:11 ubuntu init: ttyS0 main process ended, respawning
May  9 13:59:21 ubuntu init: ttyS0 main process (1754) terminated with status 1
May  9 13:59:21 ubuntu init: ttyS0 main process ended, respawning
May  9 13:59:32 ubuntu init: ttyS0 main process (1755) terminated with status 1
May  9 13:59:32 ubuntu init: ttyS0 main process ended, respawning
May  9 13:59:42 ubuntu init: ttyS0 main process (1756) terminated with status 1
May  9 13:59:42 ubuntu init: ttyS0 main process ended, respawning
May  9 13:59:52 ubuntu init: ttyS0 main process (1757) terminated with status 1
May  9 13:59:52 ubuntu init: ttyS0 main process ended, respawning
May  9 14:00:02 ubuntu init: ttyS0 main process (1758) terminated with status 1
May  9 14:00:02 ubuntu init: ttyS0 main process ended, respawning
May  9 14:00:07 ubuntu init: tty1 main process (1585) killed by TERM signal
May  9 14:00:07 ubuntu init: ttyS0 main process (1771) killed by TERM signal
May  9 14:00:11 ubuntu gdm[1526]: GLib-GObject-CRITICAL: g_object_unref: assertion `G_IS_OBJECT (object)' failed 
May  9 14:02:44 ubuntu init: ttyS0 main process (1280) terminated with status 1
May  9 14:02:44 ubuntu init: ttyS0 main process ended, respawning
May  9 14:02:54 ubuntu init: ttyS0 main process (1362) terminated with status 1
May  9 14:02:54 ubuntu init: ttyS0 main process ended, respawning
May  9 14:03:04 ubuntu init: ttyS0 main process (1477) terminated with status 1
May  9 14:03:04 ubuntu init: ttyS0 main process ended, respawning
May  9 14:03:13 ubuntu modprobe: FATAL: Could not load /lib/modules/2.6.28-6-versatile/modules.dep: No such file or directory 
May  9 14:03:13 ubuntu gdm[1531]: WARNING: socket: Address family not supported by protocol 
May  9 14:03:14 ubuntu init: ttyS0 main process (1510) terminated with status 1
May  9 14:03:14 ubuntu init: ttyS0 main process ended, respawning
May  9 14:03:25 ubuntu init: ttyS0 main process (1541) terminated with status 1
May  9 14:03:25 ubuntu init: ttyS0 main process ended, respawning
May  9 14:03:27 ubuntu console-kit-daemon[1411]: WARNING: Couldn't read /proc/1410/environ: Failed to open file '/proc/1410/environ': No such file or directory 
May  9 14:03:35 ubuntu init: ttyS0 main process (1589) terminated with status 1
May  9 14:03:35 ubuntu init: ttyS0 main process ended, respawning
May  9 14:03:45 ubuntu init: ttyS0 main process (1638) terminated with status 1
May  9 14:03:45 ubuntu init: ttyS0 main process ended, respawning
May  9 14:03:55 ubuntu init: ttyS0 main process (1664) terminated with status 1
May  9 14:03:55 ubuntu init: ttyS0 main process ended, respawning
May  9 14:04:05 ubuntu init: ttyS0 main process (1666) terminated with status 1
May  9 14:04:05 ubuntu init: ttyS0 main process ended, respawning
May  9 14:04:16 ubuntu init: ttyS0 main process (1669) terminated with status 1
May  9 14:04:16 ubuntu init: ttyS0 main process ended, respawning
May  9 14:04:27 ubuntu init: ttyS0 main process (1671) terminated with status 1
May  9 14:04:27 ubuntu init: ttyS0 main process ended, respawning
May  9 14:04:37 ubuntu init: ttyS0 main process (1676) terminated with status 1
May  9 14:04:37 ubuntu init: ttyS0 main process ended, respawning
May  9 14:04:47 ubuntu init: ttyS0 main process (1677) terminated with status 1
May  9 14:04:47 ubuntu init: ttyS0 main process ended, respawning
May  9 14:04:58 ubuntu init: ttyS0 main process (1678) terminated with status 1
May  9 14:04:58 ubuntu init: ttyS0 main process ended, respawning
May  9 14:05:08 ubuntu init: ttyS0 main process (1679) terminated with status 1
May  9 14:05:08 ubuntu init: ttyS0 main process ended, respawning
May  9 14:05:18 ubuntu init: ttyS0 main process (1680) terminated with status 1
May  9 14:05:18 ubuntu init: ttyS0 main process ended, respawning
May  9 14:05:28 ubuntu init: ttyS0 main process (1681) terminated with status 1
May  9 14:05:28 ubuntu init: ttyS0 main process ended, respawning
May  9 14:05:38 ubuntu init: ttyS0 main process (1692) terminated with status 1
May  9 14:05:39 ubuntu init: ttyS0 main process ended, respawning
May  9 14:05:49 ubuntu init: ttyS0 main process (1695) terminated with status 1
May  9 14:05:49 ubuntu init: ttyS0 main process ended, respawning
May  9 14:05:59 ubuntu init: ttyS0 main process (1713) terminated with status 1
May  9 14:05:59 ubuntu init: ttyS0 main process ended, respawning
May  9 14:06:09 ubuntu init: ttyS0 main process (1722) terminated with status 1
May  9 14:06:09 ubuntu init: ttyS0 main process ended, respawning
May  9 14:06:19 ubuntu init: ttyS0 main process (1723) terminated with status 1
May  9 14:06:19 ubuntu init: ttyS0 main process ended, respawning
May  9 14:06:30 ubuntu init: ttyS0 main process (1724) terminated with status 1
May  9 14:06:30 ubuntu init: ttyS0 main process ended, respawning
May  9 14:06:40 ubuntu init: ttyS0 main process (1725) terminated with status 1
May  9 14:06:40 ubuntu init: ttyS0 main process ended, respawning
May  9 14:06:50 ubuntu init: ttyS0 main process (1726) terminated with status 1
May  9 14:06:50 ubuntu init: ttyS0 main process ended, respawning
May  9 14:07:00 ubuntu init: ttyS0 main process (1727) terminated with status 1
May  9 14:07:00 ubuntu init: ttyS0 main process ended, respawning
May  9 14:07:15 ubuntu init: ttyS0 main process (1728) terminated with status 1
May  9 14:07:15 ubuntu init: ttyS0 main process ended, respawning
May  9 14:07:26 ubuntu init: ttyS0 main process (1730) terminated with status 1
May  9 14:07:26 ubuntu init: ttyS0 main process ended, respawning
May  9 14:07:36 ubuntu init: ttyS0 main process (1733) terminated with status 1
May  9 14:07:36 ubuntu init: ttyS0 main process ended, respawning
May  9 14:07:46 ubuntu init: ttyS0 main process (1737) terminated with status 1
May  9 14:07:46 ubuntu init: ttyS0 main process ended, respawning
May  9 14:07:56 ubuntu init: ttyS0 main process (1755) terminated with status 1
May  9 14:07:56 ubuntu init: ttyS0 main process ended, respawning
May  9 14:08:06 ubuntu init: ttyS0 main process (1773) terminated with status 1
May  9 14:08:06 ubuntu init: ttyS0 main process ended, respawning
May  9 14:08:16 ubuntu init: ttyS0 main process (1782) terminated with status 1
May  9 14:08:16 ubuntu init: ttyS0 main process ended, respawning
May  9 14:08:27 ubuntu init: ttyS0 main process (1796) terminated with status 1
May  9 14:08:27 ubuntu init: ttyS0 main process ended, respawning
May  9 14:08:38 ubuntu init: ttyS0 main process (1816) terminated with status 1
May  9 14:08:38 ubuntu init: ttyS0 main process ended, respawning
May  9 14:08:49 ubuntu init: ttyS0 main process (1825) terminated with status 1
May  9 14:08:49 ubuntu init: ttyS0 main process ended, respawning
May  9 14:09:00 ubuntu init: ttyS0 main process (1830) terminated with status 1
May  9 14:09:00 ubuntu init: ttyS0 main process ended, respawning
May  9 14:09:11 ubuntu init: ttyS0 main process (1835) terminated with status 1
May  9 14:09:11 ubuntu init: ttyS0 main process ended, respawning
May  9 14:09:22 ubuntu init: ttyS0 main process (1842) terminated with status 1
May  9 14:09:22 ubuntu init: ttyS0 main process ended, respawning
May  9 14:09:32 ubuntu init: ttyS0 main process (1852) terminated with status 1
May  9 14:09:32 ubuntu init: ttyS0 main process ended, respawning
May  9 14:09:44 ubuntu init: ttyS0 main process (1857) terminated with status 1
May  9 14:09:44 ubuntu init: ttyS0 main process ended, respawning
May  9 14:10:01 ubuntu init: ttyS0 main process (1870) terminated with status 1
May  9 14:10:01 ubuntu init: ttyS0 main process ended, respawning
May  9 14:10:12 ubuntu init: ttyS0 main process (1874) terminated with status 1
May  9 14:10:12 ubuntu init: ttyS0 main process ended, respawning
May  9 14:10:19 ubuntu modprobe: FATAL: Could not load /lib/modules/2.6.28-6-versatile/modules.dep: No such file or directory 
May  9 14:10:21 ubuntu last message repeated 2 times
May  9 14:10:22 ubuntu init: ttyS0 main process (1887) terminated with status 1
May  9 14:10:22 ubuntu init: ttyS0 main process ended, respawning
May  9 14:10:33 ubuntu init: ttyS0 main process (1946) terminated with status 1
May  9 14:10:33 ubuntu init: ttyS0 main process ended, respawning
May  9 14:10:43 ubuntu init: ttyS0 main process (1951) terminated with status 1
May  9 14:10:43 ubuntu init: ttyS0 main process ended, respawning
May  9 14:10:53 ubuntu init: ttyS0 main process (1952) terminated with status 1
May  9 14:10:53 ubuntu init: ttyS0 main process ended, respawning
May  9 14:11:03 ubuntu init: ttyS0 main process (1953) terminated with status 1
May  9 14:11:03 ubuntu init: ttyS0 main process ended, respawning
May  9 14:11:13 ubuntu init: ttyS0 main process (1954) terminated with status 1
May  9 14:11:13 ubuntu init: ttyS0 main process ended, respawning
May  9 14:11:23 ubuntu init: ttyS0 main process (1955) terminated with status 1
May  9 14:11:23 ubuntu init: ttyS0 main process ended, respawning
May  9 14:11:33 ubuntu init: ttyS0 main process (1956) terminated with status 1
May  9 14:11:33 ubuntu init: ttyS0 main process ended, respawning
May  9 14:11:44 ubuntu init: ttyS0 main process (1957) terminated with status 1
May  9 14:11:44 ubuntu init: ttyS0 main process ended, respawning
May  9 14:11:54 ubuntu init: ttyS0 main process (1958) terminated with status 1
May  9 14:11:54 ubuntu init: ttyS0 main process ended, respawning
May  9 14:12:04 ubuntu init: ttyS0 main process (1959) terminated with status 1
May  9 14:12:04 ubuntu init: ttyS0 main process ended, respawning
May  9 14:12:14 ubuntu init: ttyS0 main process (1960) terminated with status 1
May  9 14:12:14 ubuntu init: ttyS0 main process ended, respawning
May  9 14:12:24 ubuntu init: ttyS0 main process (1961) terminated with status 1
May  9 14:12:24 ubuntu init: ttyS0 main process ended, respawning
May  9 14:12:34 ubuntu init: ttyS0 main process (1962) terminated with status 1
May  9 14:12:34 ubuntu init: ttyS0 main process ended, respawning
May  9 14:12:45 ubuntu init: ttyS0 main process (1963) terminated with status 1
May  9 14:12:45 ubuntu init: ttyS0 main process ended, respawning
May  9 14:12:55 ubuntu init: ttyS0 main process (1964) terminated with status 1
May  9 14:12:55 ubuntu init: ttyS0 main process ended, respawning
May  9 14:13:05 ubuntu init: ttyS0 main process (1965) terminated with status 1
May  9 14:13:05 ubuntu init: ttyS0 main process ended, respawning
May  9 14:13:15 ubuntu init: ttyS0 main process (1966) terminated with status 1
May  9 14:13:15 ubuntu init: ttyS0 main process ended, respawning
May  9 14:13:39 ubuntu init: ttyS0 main process (1967) terminated with status 1
May  9 14:13:39 ubuntu init: ttyS0 main process ended, respawning
May  9 14:13:50 ubuntu init: ttyS0 main process (1970) terminated with status 1
May  9 14:13:50 ubuntu init: ttyS0 main process ended, respawning
May  9 14:14:05 ubuntu init: ttyS0 main process (1975) terminated with status 1
May  9 14:14:05 ubuntu init: ttyS0 main process ended, respawning
May  9 14:14:17 ubuntu init: ttyS0 main process (1978) terminated with status 1
May  9 14:14:17 ubuntu init: ttyS0 main process ended, respawning
May  9 14:14:27 ubuntu init: ttyS0 main process (1995) terminated with status 1
May  9 14:14:27 ubuntu init: ttyS0 main process ended, respawning
May  9 14:14:38 ubuntu init: ttyS0 main process (1997) terminated with status 1
May  9 14:14:38 ubuntu init: ttyS0 main process ended, respawning
May  9 14:15:04 ubuntu init: ttyS0 main process (1999) terminated with status 1
May  9 14:15:04 ubuntu init: ttyS0 main process ended, respawning
May  9 14:15:14 ubuntu init: tty1 main process (1598) killed by TERM signal
May  9 14:15:14 ubuntu init: ttyS0 main process (2001) killed by TERM signal
May  9 14:15:25 ubuntu console-kit-daemon[1411]: WARNING: Unable to activate console: No such device or address 
May  9 14:15:25 ubuntu console-kit-daemon[1411]: GLib-GObject-WARNING: instance of invalid non-instantiatable type `<invalid>' 
May  9 14:15:25 ubuntu console-kit-daemon[1411]: GLib-GObject-CRITICAL: g_signal_emit_valist: assertion `G_TYPE_CHECK_INSTANCE (instance)' failed 
May  9 14:15:25 ubuntu console-kit-daemon[1411]: GLib-GObject-CRITICAL: g_object_unref: assertion `G_IS_OBJECT (object)' failed 
May  9 14:17:22 ubuntu init: ttyS0 main process (1248) terminated with status 1
May  9 14:17:22 ubuntu init: ttyS0 main process ended, respawning
May  9 14:17:28 ubuntu modprobe: FATAL: Could not load /lib/modules/2.6.28-6-versatile/modules.dep: No such file or directory 
May  9 14:17:28 ubuntu modprobe: FATAL: Could not load /lib/modules/2.6.28-6-versatile/modules.dep: No such file or directory 
May  9 14:17:33 ubuntu init: ttyS0 main process (1327) terminated with status 1
May  9 14:17:33 ubuntu init: ttyS0 main process ended, respawning
May  9 14:17:43 ubuntu init: ttyS0 main process (1467) terminated with status 1
May  9 14:17:43 ubuntu init: ttyS0 main process ended, respawning
May  9 14:17:51 ubuntu modprobe: FATAL: Could not load /lib/modules/2.6.28-6-versatile/modules.dep: No such file or directory 
May  9 14:17:51 ubuntu gdm[1523]: WARNING: socket: Address family not supported by protocol 
May  9 14:17:53 ubuntu init: ttyS0 main process (1500) terminated with status 1
May  9 14:17:53 ubuntu init: ttyS0 main process ended, respawning
May  9 14:18:03 ubuntu init: ttyS0 main process (1533) terminated with status 1
May  9 14:18:03 ubuntu init: ttyS0 main process ended, respawning
May  9 14:18:05 ubuntu console-kit-daemon[1403]: WARNING: Couldn't read /proc/1402/environ: Failed to open file '/proc/1402/environ': No such file or directory 
May  9 14:18:13 ubuntu init: ttyS0 main process (1582) terminated with status 1
May  9 14:18:13 ubuntu init: ttyS0 main process ended, respawning
May  9 14:18:23 ubuntu init: ttyS0 main process (1639) terminated with status 1
May  9 14:18:23 ubuntu init: ttyS0 main process ended, respawning
May  9 14:18:33 ubuntu init: ttyS0 main process (1658) terminated with status 1
May  9 14:18:33 ubuntu init: ttyS0 main process ended, respawning
May  9 14:18:43 ubuntu init: ttyS0 main process (1661) terminated with status 1
May  9 14:18:43 ubuntu init: ttyS0 main process ended, respawning
May  9 14:18:54 ubuntu init: ttyS0 main process (1663) terminated with status 1
May  9 14:18:54 ubuntu init: ttyS0 main process ended, respawning
May  9 14:19:04 ubuntu init: ttyS0 main process (1668) terminated with status 1
May  9 14:19:04 ubuntu init: ttyS0 main process ended, respawning
May  9 14:19:14 ubuntu init: ttyS0 main process (1672) terminated with status 1
May  9 14:19:14 ubuntu init: ttyS0 main process ended, respawning
May  9 14:19:23 ubuntu init: tty1 main process (1610) killed by TERM signal
May  9 14:19:23 ubuntu init: ttyS0 main process (1682) killed by TERM signal
May  9 14:19:31 ubuntu console-kit-daemon[1403]: WARNING: Unable to activate console: No such device or address 
May  9 14:22:14 ubuntu init: ttyS0 main process (1274) terminated with status 1
May  9 14:22:14 ubuntu init: ttyS0 main process ended, respawning
May  9 14:22:20 ubuntu modprobe: FATAL: Could not load /lib/modules/2.6.28-6-versatile/modules.dep: No such file or directory 
May  9 14:22:21 ubuntu modprobe: FATAL: Could not load /lib/modules/2.6.28-6-versatile/modules.dep: No such file or directory 
May  9 14:22:23 ubuntu init: ttyS0 main process (1343) terminated with status 1
May  9 14:22:23 ubuntu init: ttyS0 main process ended, respawning
May  9 14:22:33 ubuntu init: ttyS0 main process (1426) terminated with status 1
May  9 14:22:33 ubuntu init: ttyS0 main process ended, respawning
May  9 14:22:40 ubuntu modprobe: FATAL: Could not load /lib/modules/2.6.28-6-versatile/modules.dep: No such file or directory 
May  9 14:22:40 ubuntu gdm[1549]: WARNING: socket: Address family not supported by protocol 
May  9 14:22:43 ubuntu init: ttyS0 main process (1521) terminated with status 1
May  9 14:22:43 ubuntu init: ttyS0 main process ended, respawning
May  9 14:22:51 ubuntu console-kit-daemon[1430]: WARNING: Couldn't read /proc/1429/environ: Failed to open file '/proc/1429/environ': No such file or directory 
May  9 14:22:54 ubuntu init: ttyS0 main process (1569) terminated with status 1
May  9 14:22:54 ubuntu init: ttyS0 main process ended, respawning
May  9 14:23:04 ubuntu init: ttyS0 main process (1618) terminated with status 1
May  9 14:23:04 ubuntu init: ttyS0 main process ended, respawning
May  9 14:23:14 ubuntu init: ttyS0 main process (1672) terminated with status 1
May  9 14:23:14 ubuntu init: ttyS0 main process ended, respawning
May  9 14:23:24 ubuntu init: ttyS0 main process (1683) terminated with status 1
May  9 14:23:24 ubuntu init: ttyS0 main process ended, respawning
May  9 14:23:34 ubuntu init: ttyS0 main process (1688) terminated with status 1
May  9 14:23:34 ubuntu init: ttyS0 main process ended, respawning
May  9 14:23:45 ubuntu init: ttyS0 main process (1700) terminated with status 1
May  9 14:23:45 ubuntu init: ttyS0 main process ended, respawning
May  9 14:23:49 ubuntu init: tty1 main process (1642) killed by TERM signal
May  9 14:23:49 ubuntu init: ttyS0 main process (1706) killed by TERM signal
May  9 14:23:58 ubuntu console-kit-daemon[1430]: WARNING: Unable to activate console: No such device or address 
May  9 14:23:58 ubuntu console-kit-daemon[1430]: GLib-GObject-WARNING: instance with invalid (NULL) class pointer 
May  9 14:23:58 ubuntu console-kit-daemon[1430]: GLib-GObject-CRITICAL: g_signal_emit_valist: assertion `G_TYPE_CHECK_INSTANCE (instance)' failed 
May  9 14:23:58 ubuntu console-kit-daemon[1430]: GLib-GObject-CRITICAL: g_object_unref: assertion `G_IS_OBJECT (object)' failed 
