
X.Org X Server 1.6.0
Release Date: 2009-2-25
X Protocol Version 11, Revision 0
Build Operating System: Linux 2.6.28.7.1 armv5tel Ubuntu
Current Operating System: Linux ubuntu 2.6.28-6-versatile #17-Ubuntu Fri Jan 30 19:18:31 UTC 2009 armv5tejl
Build Date: 09 April 2009  08:38:41AM
xorg-server 2:1.6.0-0ubuntu14 (buildd@) 
	Before reporting problems, check http://wiki.x.org
	to make sure that you have the latest version.
Markers: (--) probed, (**) from config file, (==) default setting,
	(++) from command line, (!!) notice, (II) informational,
	(WW) warning, (EE) error, (NI) not implemented, (??) unknown.
(==) Log file: "/var/log/Xorg.0.log", Time: Sat May  9 14:22:40 2009
(==) Using config file: "/etc/X11/xorg.conf"
(==) No Layout section.  Using the first Screen section.
(**) |-->Screen "Default Screen" (0)
(**) |   |-->Monitor "Configured Monitor"
(**) |   |-->Device "Configured Video Device"
(==) Automatically adding devices
(==) Automatically enabling devices
(WW) The directory "/usr/share/fonts/X11/cyrillic" does not exist.
	Entry deleted from font path.
(WW) The directory "/usr/share/fonts/X11/100dpi/" does not exist.
	Entry deleted from font path.
(WW) The directory "/usr/share/fonts/X11/75dpi/" does not exist.
	Entry deleted from font path.
(WW) The directory "/usr/share/fonts/X11/Type1" does not exist.
	Entry deleted from font path.
(WW) The directory "/usr/share/fonts/X11/100dpi" does not exist.
	Entry deleted from font path.
(WW) The directory "/usr/share/fonts/X11/75dpi" does not exist.
	Entry deleted from font path.
(==) FontPath set to:
	/usr/share/fonts/X11/misc,
	/var/lib/defoma/x-ttcidfont-conf.d/dirs/TrueType,
	built-ins
(==) ModulePath set to "/usr/lib/xorg/modules"
(II) Cannot locate a core pointer device.
(II) Cannot locate a core keyboard device.
(II) The server relies on HAL to provide the list of input devices.
	If no devices become available, reconfigure HAL or disable AllowEmptyInput.
(II) Loader magic: 0xd90
(II) Module ABI versions:
	X.Org ANSI C Emulation: 0.4
	X.Org Video Driver: 5.0
	X.Org XInput driver : 4.0
	X.Org Server Extension : 2.0
(II) Loader running on linux
(++) using VT number 7

(II) No APM support in BIOS or kernel
(II) System resource ranges:
(II) LoadModule: "extmod"
(II) Loading /usr/lib/xorg/modules/extensions//libextmod.so
(II) Module extmod: vendor="X.Org Foundation"
	compiled for 1.6.0, module version = 1.0.0
	Module class: X.Org Server Extension
	ABI class: X.Org Server Extension, version 2.0
(II) Loading extension MIT-SCREEN-SAVER
(II) Loading extension XFree86-VidModeExtension
(II) Loading extension XFree86-DGA
(II) Loading extension DPMS
(II) Loading extension XVideo
(II) Loading extension XVideo-MotionCompensation
(II) Loading extension X-Resource
(II) LoadModule: "dbe"
(II) Loading /usr/lib/xorg/modules/extensions//libdbe.so
(II) Module dbe: vendor="X.Org Foundation"
	compiled for 1.6.0, module version = 1.0.0
	Module class: X.Org Server Extension
	ABI class: X.Org Server Extension, version 2.0
(II) Loading extension DOUBLE-BUFFER
(II) LoadModule: "glx"
(II) Loading /usr/lib/xorg/modules/extensions//libglx.so
(II) Module glx: vendor="X.Org Foundation"
	compiled for 1.6.0, module version = 1.0.0
	ABI class: X.Org Server Extension, version 2.0
(==) AIGLX enabled
(II) Loading extension GLX
(II) LoadModule: "record"
(II) Loading /usr/lib/xorg/modules/extensions//librecord.so
(II) Module record: vendor="X.Org Foundation"
	compiled for 1.6.0, module version = 1.13.0
	Module class: X.Org Server Extension
	ABI class: X.Org Server Extension, version 2.0
(II) Loading extension RECORD
(II) LoadModule: "dri"
(II) Loading /usr/lib/xorg/modules/extensions//libdri.so
(II) Module dri: vendor="X.Org Foundation"
	compiled for 1.6.0, module version = 1.0.0
	ABI class: X.Org Server Extension, version 2.0
(II) Loading extension XFree86-DRI
(II) LoadModule: "dri2"
(II) Loading /usr/lib/xorg/modules/extensions//libdri2.so
(II) Module dri2: vendor="X.Org Foundation"
	compiled for 1.6.0, module version = 1.0.0
	ABI class: X.Org Server Extension, version 2.0
(II) Loading extension DRI2
Primary device is not PCI
(==) Matched fbdev for the autoconfigured driver
(==) Assigned the driver to the xf86ConfigLayout
(II) LoadModule: "fbdev"
(II) Loading /usr/lib/xorg/modules/drivers//fbdev_drv.so
(II) Module fbdev: vendor="X.Org Foundation"
	compiled for 1.5.99.902, module version = 0.4.0
	ABI class: X.Org Video Driver, version 5.0
(II) FBDEV: driver for framebuffer: fbdev
(WW) Falling back to old probe method for fbdev
(II) Loading sub module "fbdevhw"
(II) LoadModule: "fbdevhw"
(II) Loading /usr/lib/xorg/modules/linux//libfbdevhw.so
(II) Module fbdevhw: vendor="X.Org Foundation"
	compiled for 1.6.0, module version = 0.0.2
	ABI class: X.Org Video Driver, version 5.0
(II) FBDEV(0): using default device
(II) Running in FRAMEBUFFER Mode
(II) FBDEV(0): Creating default Display subsection in Screen section
	"Default Screen" for depth/fbbpp 16/16
(==) FBDEV(0): Depth 16, (==) framebuffer bpp 16
(==) FBDEV(0): RGB weight 565
(==) FBDEV(0): Default visual is TrueColor
(==) FBDEV(0): Using gamma correction (1.0, 1.0, 1.0)
(II) FBDEV(0): hardware: CLCD FB (video memory: 1024kB)
(II) FBDEV(0): checking modes against framebuffer device...
(II) FBDEV(0): checking modes against monitor...
(--) FBDEV(0): Virtual size is 640x480 (pitch 640)
(**) FBDEV(0):  Built-in mode "current": 25.2 MHz, 31.5 kHz, 59.9 Hz
(II) FBDEV(0): Modeline "current"x0.0   25.18  640 664 760 800  480 491 493 525 -hsync -vsync -csync (31.5 kHz)
(==) FBDEV(0): DPI set to (96, 96)
(II) Loading sub module "fb"
(II) LoadModule: "fb"
(II) Loading /usr/lib/xorg/modules//libfb.so
(II) Module fb: vendor="X.Org Foundation"
	compiled for 1.6.0, module version = 1.0.0
	ABI class: X.Org ANSI C Emulation, version 0.4
(**) FBDEV(0): using shadow framebuffer
(II) Loading sub module "shadow"
(II) LoadModule: "shadow"
(II) Loading /usr/lib/xorg/modules//libshadow.so
(II) Module shadow: vendor="X.Org Foundation"
	compiled for 1.6.0, module version = 1.1.0
	ABI class: X.Org ANSI C Emulation, version 0.4
(==) FBDEV(0): Backing store disabled
(II) FBDEV(0): DPMS enabled
(==) RandR enabled
(II) Initializing built-in extension Generic Event Extension
(II) Initializing built-in extension SHAPE
(II) Initializing built-in extension MIT-SHM
(II) Initializing built-in extension XInputExtension
(II) Initializing built-in extension XTEST
(II) Initializing built-in extension BIG-REQUESTS
(II) Initializing built-in extension SYNC
(II) Initializing built-in extension XKEYBOARD
(II) Initializing built-in extension XC-MISC
(II) Initializing built-in extension SECURITY
(II) Initializing built-in extension XINERAMA
(II) Initializing built-in extension XFIXES
(II) Initializing built-in extension RENDER
(II) Initializing built-in extension RANDR
(II) Initializing built-in extension COMPOSITE
(II) Initializing built-in extension DAMAGE
(II) AIGLX: Screen 0 is not DRI2 capable
(II) AIGLX: Screen 0 is not DRI capable
(II) AIGLX: Loaded and initialized /usr/lib/dri/swrast_dri.so
(II) GLX: Initialized DRISWRAST GL provider for screen 0
(II) config/hal: Adding input device AT Raw Set 2 keyboard
(II) LoadModule: "evdev"
(II) Loading /usr/lib/xorg/modules/input//evdev_drv.so
(II) Module evdev: vendor="X.Org Foundation"
	compiled for 1.6.0, module version = 2.1.1
	Module class: X.Org XInput Driver
	ABI class: X.Org XInput driver, version 4.0
(**) AT Raw Set 2 keyboard: always reports core events
(**) AT Raw Set 2 keyboard: Device: "/dev/input/event0"
(II) AT Raw Set 2 keyboard: Found keys
(II) AT Raw Set 2 keyboard: Configuring as keyboard
(II) XINPUT: Adding extended input device "AT Raw Set 2 keyboard" (type: KEYBOARD)
(**) Option "xkb_rules" "evdev"
(**) AT Raw Set 2 keyboard: xkb_rules: "evdev"
(**) Option "xkb_model" "pc105"
(**) AT Raw Set 2 keyboard: xkb_model: "pc105"
(**) Option "xkb_layout" "us"
(**) AT Raw Set 2 keyboard: xkb_layout: "us"
(II) config/hal: Adding input device ImExPS/2 Generic Explorer Mouse
(**) ImExPS/2 Generic Explorer Mouse: always reports core events
(**) ImExPS/2 Generic Explorer Mouse: Device: "/dev/input/event1"
(II) ImExPS/2 Generic Explorer Mouse: Found 5 mouse buttons
(II) ImExPS/2 Generic Explorer Mouse: Found x and y relative axes
(II) ImExPS/2 Generic Explorer Mouse: Configuring as mouse
(**) ImExPS/2 Generic Explorer Mouse: YAxisMapping: buttons 4 and 5
(**) ImExPS/2 Generic Explorer Mouse: EmulateWheelButton: 4, EmulateWheelInertia: 10, EmulateWheelTimeout: 200
(II) XINPUT: Adding extended input device "ImExPS/2 Generic Explorer Mouse" (type: MOUSE)
(**) ImExPS/2 Generic Explorer Mouse: (accel) keeping acceleration scheme 1
(**) ImExPS/2 Generic Explorer Mouse: (accel) filter chain progression: 2.00
(**) ImExPS/2 Generic Explorer Mouse: (accel) filter stage 0: 20.00 ms
(**) ImExPS/2 Generic Explorer Mouse: (accel) set acceleration profile 0
(II) AT Raw Set 2 keyboard: Close
(II) UnloadModule: "evdev"
(II) ImExPS/2 Generic Explorer Mouse: Close
(II) UnloadModule: "evdev"
 ddxSigGiveUp: Closing log
